#
# There is insufficient memory for the Java Runtime Environment to continue.
# Native memory allocation (malloc) failed to allocate 120061952 bytes for committing reserved memory.
# Possible reasons:
#   The system is out of physical RAM or swap space
#   In 32 bit mode, the process size limit was hit
# Possible solutions:
#   Reduce memory load on the system
#   Increase physical memory or swap space
#   Check if swap backing store is full
#   Use 64 bit Java on a 64 bit OS
#   Decrease Java heap size (-Xmx/-Xms)
#   Decrease number of Java threads
#   Decrease Java thread stack sizes (-Xss)
#   Set larger code cache with -XX:ReservedCodeCacheSize=
# This output file may be truncated or incomplete.
#
#  Out of Memory Error (os_linux.cpp:2798), pid=5570, tid=139691059836672
#
# JRE version: OpenJDK Runtime Environment (7.0_75-b13) (build 1.7.0_75-b13)
# Java VM: OpenJDK 64-Bit Server VM (24.75-b04 mixed mode linux-amd64 compressed oops)
# Derivative: IcedTea 2.5.4
# Distribution: Ubuntu 14.04 LTS, package 7u75-2.5.4-1~trusty1
# Failed to write core dump. Core dumps have been disabled. To enable core dumping, try "ulimit -c unlimited" before starting Java again
#

---------------  T H R E A D  ---------------

Current thread (0x00007f0c68075800):  VMThread [stack: 0x00007f0c5beff000,0x00007f0c5c000000] [id=5577]

Stack: [0x00007f0c5beff000,0x00007f0c5c000000],  sp=0x00007f0c5bffe490,  free space=1021k
Native frames: (J=compiled Java code, j=interpreted, Vv=VM code, C=native code)
V  [libjvm.so+0x94a9d5]  VMError::report_and_die()+0x175
V  [libjvm.so+0x48b954]  report_vm_out_of_memory(char const*, int, unsigned long, char const*)+0x74
V  [libjvm.so+0x7c7b7b]  os::pd_commit_memory(char*, unsigned long, unsigned long, bool)+0xeb
V  [libjvm.so+0x7c263f]  os::commit_memory(char*, unsigned long, unsigned long, bool)+0x1f
V  [libjvm.so+0x834b1b]  PSVirtualSpace::expand_by(unsigned long)+0x5b
V  [libjvm.so+0x835970]  PSYoungGen::resize_generation(unsigned long, unsigned long)+0xb0
V  [libjvm.so+0x83605b]  PSYoungGen::resize(unsigned long, unsigned long)+0x1b
V  [libjvm.so+0x832340]  PSScavenge::invoke_no_policy()+0xde0
V  [libjvm.so+0x832b18]  PSScavenge::invoke()+0x38
V  [libjvm.so+0x7e9203]  ParallelScavengeHeap::failed_mem_allocate(unsigned long)+0x63
V  [libjvm.so+0x94c3d4]  VM_ParallelGCFailedAllocation::doit()+0x84
V  [libjvm.so+0x9508d7]  VM_Operation::evaluate()+0x47
V  [libjvm.so+0x94f248]  VMThread::evaluate_operation(VM_Operation*)+0x318
V  [libjvm.so+0x94f6a9]  VMThread::loop()+0x219
V  [libjvm.so+0x94faf2]  VMThread::run()+0x72
V  [libjvm.so+0x7c4a42]  java_start(Thread*)+0xf2

VM_Operation (0x00007f0c5901eb80): ParallelGCFailedAllocation, mode: safepoint, requested by thread 0x00007f0c28007000


---------------  P R O C E S S  ---------------

Java Threads: ( => current thread )
  0x00007f0c1449b000 JavaThread "File lock request listener" [_thread_in_native, id=5599, stack(0x00007f0c58c75000,0x00007f0c58d76000)]
  0x00007f0c14236800 JavaThread "process reaper" daemon [_thread_blocked, id=5595, stack(0x00007f0c58d76000,0x00007f0c58daf000)]
  0x00007f0c14017800 JavaThread "Stdin handler" [_thread_blocked, id=5593, stack(0x00007f0c58e1a000,0x00007f0c58f1b000)]
  0x00007f0c28007000 JavaThread "Daemon worker" [_thread_blocked, id=5590, stack(0x00007f0c58f22000,0x00007f0c59023000)]
  0x00007f0c2800d000 JavaThread "Cancel handler" [_thread_blocked, id=5589, stack(0x00007f0c59023000,0x00007f0c59124000)]
  0x00007f0c28005800 JavaThread "Handler for socket connection from /127.0.0.1:39597 to /127.0.0.1:40060" [_thread_in_native, id=5588, stack(0x00007f0c59124000,0x00007f0c59225000)]
  0x00007f0c2400a800 JavaThread "Daemon" [_thread_blocked, id=5587, stack(0x00007f0c59225000,0x00007f0c59326000)]
  0x00007f0c689fa800 JavaThread "Incoming local TCP Connector on port 39597" [_thread_in_native, id=5586, stack(0x00007f0c59326000,0x00007f0c59427000)]
  0x00007f0c680af000 JavaThread "Service Thread" daemon [_thread_blocked, id=5583, stack(0x00007f0c5b217000,0x00007f0c5b318000)]
  0x00007f0c680ac800 JavaThread "C2 CompilerThread1" daemon [_thread_blocked, id=5582, stack(0x00007f0c5b318000,0x00007f0c5b419000)]
  0x00007f0c680a9800 JavaThread "C2 CompilerThread0" daemon [_thread_blocked, id=5581, stack(0x00007f0c5b419000,0x00007f0c5b51a000)]
  0x00007f0c680a7800 JavaThread "Signal Dispatcher" daemon [_thread_blocked, id=5580, stack(0x00007f0c5b51a000,0x00007f0c5b61b000)]
  0x00007f0c6807c000 JavaThread "Finalizer" daemon [_thread_blocked, id=5579, stack(0x00007f0c5bcfd000,0x00007f0c5bdfe000)]
  0x00007f0c6807a000 JavaThread "Reference Handler" daemon [_thread_blocked, id=5578, stack(0x00007f0c5bdfe000,0x00007f0c5beff000)]
  0x00007f0c6800a800 JavaThread "main" [_thread_blocked, id=5572, stack(0x00007f0c6e9b7000,0x00007f0c6eab8000)]

Other Threads:
=>0x00007f0c68075800 VMThread [stack: 0x00007f0c5beff000,0x00007f0c5c000000] [id=5577]
  0x00007f0c680b9800 WatcherThread [stack: 0x00007f0c5b116000,0x00007f0c5b217000] [id=5584]

VM state:at safepoint (normal execution)

VM Mutex/Monitor currently owned by a thread:  ([mutex/lock_event])
[0x00007f0c68006a00] Threads_lock - owner thread: 0x00007f0c68075800
[0x00007f0c68006f00] Heap_lock - owner thread: 0x00007f0c28007000

Heap
 PSYoungGen      total 214528K, used 13803K [0x00000000eaa80000, 0x00000000f8d80000, 0x0000000100000000)
  eden space 200704K, 0% used [0x00000000eaa80000,0x00000000eaa80000,0x00000000f6e80000)
  from space 13824K, 99% used [0x00000000f6e80000,0x00000000f7bfaf38,0x00000000f7c00000)
  to   space 9728K, 0% used [0x00000000f7c00000,0x00000000f7c00000,0x00000000f8580000)
 ParOldGen       total 44032K, used 43763K [0x00000000c0000000, 0x00000000c2b00000, 0x00000000eaa80000)
  object space 44032K, 99% used [0x00000000c0000000,0x00000000c2abcf88,0x00000000c2b00000)
 PSPermGen       total 44544K, used 44171K [0x00000000b0000000, 0x00000000b2b80000, 0x00000000c0000000)
  object space 44544K, 99% used [0x00000000b0000000,0x00000000b2b22f60,0x00000000b2b80000)

Card table byte_map: [0x00007f0c6433a000,0x00007f0c645bb000] byte_map_base: 0x00007f0c63dba000

Polling page: 0x00007f0c6ead9000

Code Cache  [0x00007f0c645bb000, 0x00007f0c649ab000, 0x00007f0c675bb000)
 total_blobs=1431 nmethods=820 adapters=564 free_code_cache=45309Kb largest_free_block=46235776

Compilation events (10 events):
Event: 28.909 Thread 0x00007f0c680ac800  890             sun.security.provider.DigestBase::engineUpdate (188 bytes)
Event: 28.915 Thread 0x00007f0c680ac800 nmethod 890 0x00007f0c647dab10 code [0x00007f0c647dac80, 0x00007f0c647daff8]
Event: 28.998 Thread 0x00007f0c680a9800  891             sun.security.provider.ByteArrayAccess::b2iBig64 (614 bytes)
Event: 29.021 Thread 0x00007f0c680a9800 nmethod 891 0x00007f0c64809ed0 code [0x00007f0c6480a020, 0x00007f0c6480a238]
Event: 29.117 Thread 0x00007f0c680ac800  892             java.util.WeakHashMap::getTable (9 bytes)
Event: 29.129 Thread 0x00007f0c680ac800 nmethod 892 0x00007f0c6485b090 code [0x00007f0c6485b220, 0x00007f0c6485bc38]
Event: 29.189 Thread 0x00007f0c680a9800  893             java.util.concurrent.atomic.AtomicReferenceArray::get (10 bytes)
Event: 29.189 Thread 0x00007f0c680ac800  894             java.util.concurrent.atomic.AtomicReferenceArray::getRaw (12 bytes)
Event: 29.190 Thread 0x00007f0c680ac800 nmethod 894 0x00007f0c64870710 code [0x00007f0c64870840, 0x00007f0c64870898]
Event: 29.192 Thread 0x00007f0c680a9800 nmethod 893 0x00007f0c64870390 code [0x00007f0c648704e0, 0x00007f0c64870578]

GC Heap History (10 events):
Event: 4.012 GC heap after
Heap after GC invocations=4 (full 0):
 PSYoungGen      total 52736K, used 1504K [0x00000000eaa80000, 0x00000000edf80000, 0x0000000100000000)
  eden space 51200K, 0% used [0x00000000eaa80000,0x00000000eaa80000,0x00000000edc80000)
  from space 1536K, 97% used [0x00000000ede00000,0x00000000edf78020,0x00000000edf80000)
  to   space 1536K, 0% used [0x00000000edc80000,0x00000000edc80000,0x00000000ede00000)
 ParOldGen       total 31232K, used 9424K [0x00000000c0000000, 0x00000000c1e80000, 0x00000000eaa80000)
  object space 31232K, 30% used [0x00000000c0000000,0x00000000c0934110,0x00000000c1e80000)
 PSPermGen       total 21504K, used 16306K [0x00000000b0000000, 0x00000000b1500000, 0x00000000c0000000)
  object space 21504K, 75% used [0x00000000b0000000,0x00000000b0fec9d0,0x00000000b1500000)
}
Event: 5.314 GC heap before
{Heap before GC invocations=5 (full 0):
 PSYoungGen      total 52736K, used 52704K [0x00000000eaa80000, 0x00000000edf80000, 0x0000000100000000)
  eden space 51200K, 100% used [0x00000000eaa80000,0x00000000edc80000,0x00000000edc80000)
  from space 1536K, 97% used [0x00000000ede00000,0x00000000edf78020,0x00000000edf80000)
  to   space 1536K, 0% used [0x00000000edc80000,0x00000000edc80000,0x00000000ede00000)
 ParOldGen       total 31232K, used 9424K [0x00000000c0000000, 0x00000000c1e80000, 0x00000000eaa80000)
  object space 31232K, 30% used [0x00000000c0000000,0x00000000c0934110,0x00000000c1e80000)
 PSPermGen       total 21504K, used 20793K [0x00000000b0000000, 0x00000000b1500000, 0x00000000c0000000)
  object space 21504K, 96% used [0x00000000b0000000,0x00000000b144e420,0x00000000b1500000)
Event: 5.330 GC heap after
Heap after GC invocations=5 (full 0):
 PSYoungGen      total 52736K, used 1504K [0x00000000eaa80000, 0x00000000f1e80000, 0x0000000100000000)
  eden space 51200K, 0% used [0x00000000eaa80000,0x00000000eaa80000,0x00000000edc80000)
  from space 1536K, 97% used [0x00000000edc80000,0x00000000eddf8020,0x00000000ede00000)
  to   space 8192K, 0% used [0x00000000f1680000,0x00000000f1680000,0x00000000f1e80000)
 ParOldGen       total 31232K, used 14325K [0x00000000c0000000, 0x00000000c1e80000, 0x00000000eaa80000)
  object space 31232K, 45% used [0x00000000c0000000,0x00000000c0dfd4a8,0x00000000c1e80000)
 PSPermGen       total 21504K, used 20793K [0x00000000b0000000, 0x00000000b1500000, 0x00000000c0000000)
  object space 21504K, 96% used [0x00000000b0000000,0x00000000b144e420,0x00000000b1500000)
}
Event: 5.547 GC heap before
{Heap before GC invocations=6 (full 0):
 PSYoungGen      total 52736K, used 52704K [0x00000000eaa80000, 0x00000000f1e80000, 0x0000000100000000)
  eden space 51200K, 100% used [0x00000000eaa80000,0x00000000edc80000,0x00000000edc80000)
  from space 1536K, 97% used [0x00000000edc80000,0x00000000eddf8020,0x00000000ede00000)
  to   space 8192K, 0% used [0x00000000f1680000,0x00000000f1680000,0x00000000f1e80000)
 ParOldGen       total 31232K, used 14325K [0x00000000c0000000, 0x00000000c1e80000, 0x00000000eaa80000)
  object space 31232K, 45% used [0x00000000c0000000,0x00000000c0dfd4a8,0x00000000c1e80000)
 PSPermGen       total 21504K, used 20800K [0x00000000b0000000, 0x00000000b1500000, 0x00000000c0000000)
  object space 21504K, 96% used [0x00000000b0000000,0x00000000b14501e8,0x00000000b1500000)
Event: 5.555 GC heap after
Heap after GC invocations=6 (full 0):
 PSYoungGen      total 110592K, used 1856K [0x00000000eaa80000, 0x00000000f1e80000, 0x0000000100000000)
  eden space 102400K, 0% used [0x00000000eaa80000,0x00000000eaa80000,0x00000000f0e80000)
  from space 8192K, 22% used [0x00000000f1680000,0x00000000f1850020,0x00000000f1e80000)
  to   space 8192K, 0% used [0x00000000f0e80000,0x00000000f0e80000,0x00000000f1680000)
 ParOldGen       total 31232K, used 14325K [0x00000000c0000000, 0x00000000c1e80000, 0x00000000eaa80000)
  object space 31232K, 45% used [0x00000000c0000000,0x00000000c0dfd4a8,0x00000000c1e80000)
 PSPermGen       total 21504K, used 20800K [0x00000000b0000000, 0x00000000b1500000, 0x00000000c0000000)
  object space 21504K, 96% used [0x00000000b0000000,0x00000000b14501e8,0x00000000b1500000)
}
Event: 7.058 GC heap before
{Heap before GC invocations=7 (full 0):
 PSYoungGen      total 110592K, used 104256K [0x00000000eaa80000, 0x00000000f1e80000, 0x0000000100000000)
  eden space 102400K, 100% used [0x00000000eaa80000,0x00000000f0e80000,0x00000000f0e80000)
  from space 8192K, 22% used [0x00000000f1680000,0x00000000f1850020,0x00000000f1e80000)
  to   space 8192K, 0% used [0x00000000f0e80000,0x00000000f0e80000,0x00000000f1680000)
 ParOldGen       total 31232K, used 14325K [0x00000000c0000000, 0x00000000c1e80000, 0x00000000eaa80000)
  object space 31232K, 45% used [0x00000000c0000000,0x00000000c0dfd4a8,0x00000000c1e80000)
 PSPermGen       total 24576K, used 24081K [0x00000000b0000000, 0x00000000b1800000, 0x00000000c0000000)
  object space 24576K, 97% used [0x00000000b0000000,0x00000000b17845b0,0x00000000b1800000)
Event: 7.076 GC heap after
Heap after GC invocations=7 (full 0):
 PSYoungGen      total 110592K, used 7606K [0x00000000eaa80000, 0x00000000f8580000, 0x0000000100000000)
  eden space 102400K, 0% used [0x00000000eaa80000,0x00000000eaa80000,0x00000000f0e80000)
  from space 8192K, 92% used [0x00000000f0e80000,0x00000000f15edae0,0x00000000f1680000)
  to   space 9728K, 0% used [0x00000000f7c00000,0x00000000f7c00000,0x00000000f8580000)
 ParOldGen       total 31232K, used 14716K [0x00000000c0000000, 0x00000000c1e80000, 0x00000000eaa80000)
  object space 31232K, 47% used [0x00000000c0000000,0x00000000c0e5f3d8,0x00000000c1e80000)
 PSPermGen       total 24576K, used 24081K [0x00000000b0000000, 0x00000000b1800000, 0x00000000c0000000)
  object space 24576K, 97% used [0x00000000b0000000,0x00000000b17845b0,0x00000000b1800000)
}
Event: 11.267 GC heap before
{Heap before GC invocations=8 (full 0):
 PSYoungGen      total 110592K, used 110006K [0x00000000eaa80000, 0x00000000f8580000, 0x0000000100000000)
  eden space 102400K, 100% used [0x00000000eaa80000,0x00000000f0e80000,0x00000000f0e80000)
  from space 8192K, 92% used [0x00000000f0e80000,0x00000000f15edae0,0x00000000f1680000)
  to   space 9728K, 0% used [0x00000000f7c00000,0x00000000f7c00000,0x00000000f8580000)
 ParOldGen       total 31232K, used 14716K [0x00000000c0000000, 0x00000000c1e80000, 0x00000000eaa80000)
  object space 31232K, 47% used [0x00000000c0000000,0x00000000c0e5f3d8,0x00000000c1e80000)
 PSPermGen       total 31744K, used 31248K [0x00000000b0000000, 0x00000000b1f00000, 0x00000000c0000000)
  object space 31744K, 98% used [0x00000000b0000000,0x00000000b1e84300,0x00000000b1f00000)
Event: 11.292 GC heap after
Heap after GC invocations=8 (full 0):
 PSYoungGen      total 210432K, used 9696K [0x00000000eaa80000, 0x00000000f8d80000, 0x0000000100000000)
  eden space 200704K, 0% used [0x00000000eaa80000,0x00000000eaa80000,0x00000000f6e80000)
  from space 9728K, 99% used [0x00000000f7c00000,0x00000000f8578030,0x00000000f8580000)
  to   space 13824K, 0% used [0x00000000f6e80000,0x00000000f6e80000,0x00000000f7c00000)
 ParOldGen       total 31232K, used 20081K [0x00000000c0000000, 0x00000000c1e80000, 0x00000000eaa80000)
  object space 31232K, 64% used [0x00000000c0000000,0x00000000c139c6e0,0x00000000c1e80000)
 PSPermGen       total 31744K, used 31248K [0x00000000b0000000, 0x00000000b1f00000, 0x00000000c0000000)
  object space 31744K, 98% used [0x00000000b0000000,0x00000000b1e84300,0x00000000b1f00000)
}
Event: 29.244 GC heap before
{Heap before GC invocations=9 (full 0):
 PSYoungGen      total 210432K, used 210400K [0x00000000eaa80000, 0x00000000f8d80000, 0x0000000100000000)
  eden space 200704K, 100% used [0x00000000eaa80000,0x00000000f6e80000,0x00000000f6e80000)
  from space 9728K, 99% used [0x00000000f7c00000,0x00000000f8578030,0x00000000f8580000)
  to   space 13824K, 0% used [0x00000000f6e80000,0x00000000f6e80000,0x00000000f7c00000)
 ParOldGen       total 31232K, used 20081K [0x00000000c0000000, 0x00000000c1e80000, 0x00000000eaa80000)
  object space 31232K, 64% used [0x00000000c0000000,0x00000000c139c6e0,0x00000000c1e80000)
 PSPermGen       total 44544K, used 44171K [0x00000000b0000000, 0x00000000b2b80000, 0x00000000c0000000)
  object space 44544K, 99% used [0x00000000b0000000,0x00000000b2b22f60,0x00000000b2b80000)

Deoptimization events (10 events):
Event: 28.992 Thread 0x00007f0c28007000 Uncommon trap: reason=class_check action=maybe_recompile pc=0x00007f0c647c8380 method=java.lang.StringCoding$StringDecoder.decode([BII)[C @ 30
Event: 28.993 Thread 0x00007f0c28007000 Uncommon trap: reason=class_check action=maybe_recompile pc=0x00007f0c647c8380 method=java.lang.StringCoding$StringDecoder.decode([BII)[C @ 30
Event: 28.993 Thread 0x00007f0c28007000 Uncommon trap: reason=class_check action=maybe_recompile pc=0x00007f0c647c8380 method=java.lang.StringCoding$StringDecoder.decode([BII)[C @ 30
Event: 28.993 Thread 0x00007f0c28007000 Uncommon trap: reason=class_check action=maybe_recompile pc=0x00007f0c6496e6b8 method=java.lang.StringCoding$StringDecoder.decode([BII)[C @ 30
Event: 28.995 Thread 0x00007f0c28007000 Uncommon trap: reason=class_check action=maybe_recompile pc=0x00007f0c647c2024 method=java.util.zip.InflaterInputStream.read([BII)I @ 100
Event: 28.995 Thread 0x00007f0c28007000 Uncommon trap: reason=class_check action=maybe_recompile pc=0x00007f0c647c2024 method=java.util.zip.InflaterInputStream.read([BII)I @ 100
Event: 29.154 Thread 0x00007f0c28007000 Uncommon trap: reason=class_check action=maybe_recompile pc=0x00007f0c647b0584 method=java.util.AbstractList$Itr.hasNext()Z @ 8
Event: 29.154 Thread 0x00007f0c28007000 Uncommon trap: reason=class_check action=maybe_recompile pc=0x00007f0c64922f78 method=java.util.AbstractList$Itr.next()Ljava/lang/Object; @ 14
Event: 29.243 Thread 0x00007f0c28007000 Uncommon trap: reason=class_check action=maybe_recompile pc=0x00007f0c647b0584 method=java.util.AbstractList$Itr.hasNext()Z @ 8
Event: 29.243 Thread 0x00007f0c28007000 Uncommon trap: reason=class_check action=maybe_recompile pc=0x00007f0c64922f78 method=java.util.AbstractList$Itr.next()Ljava/lang/Object; @ 14

Internal exceptions (10 events):
Event: 29.219 Thread 0x00007f0c28007000 Threw 0x00000000f6e35c00 at /build/buildd/openjdk-7-7u75-2.5.4/build/openjdk/hotspot/src/share/vm/prims/jvm.cpp:1284
Event: 29.219 Thread 0x00007f0c28007000 Threw 0x00000000f6e3bd30 at /build/buildd/openjdk-7-7u75-2.5.4/build/openjdk/hotspot/src/share/vm/prims/jvm.cpp:1284
Event: 29.221 Thread 0x00007f0c28007000 Threw 0x00000000f6e45790 at /build/buildd/openjdk-7-7u75-2.5.4/build/openjdk/hotspot/src/share/vm/prims/jvm.cpp:1284
Event: 29.222 Thread 0x00007f0c28007000 Threw 0x00000000f6e4b868 at /build/buildd/openjdk-7-7u75-2.5.4/build/openjdk/hotspot/src/share/vm/prims/jvm.cpp:1284
Event: 29.222 Thread 0x00007f0c28007000 Threw 0x00000000f6e50e18 at /build/buildd/openjdk-7-7u75-2.5.4/build/openjdk/hotspot/src/share/vm/prims/jvm.cpp:1284
Event: 29.224 Thread 0x00007f0c28007000 Threw 0x00000000f6e5b348 at /build/buildd/openjdk-7-7u75-2.5.4/build/openjdk/hotspot/src/share/vm/prims/jvm.cpp:1284
Event: 29.224 Thread 0x00007f0c28007000 Threw 0x00000000f6e62e10 at /build/buildd/openjdk-7-7u75-2.5.4/build/openjdk/hotspot/src/share/vm/prims/jvm.cpp:1284
Event: 29.225 Thread 0x00007f0c28007000 Threw 0x00000000f6e69fd0 at /build/buildd/openjdk-7-7u75-2.5.4/build/openjdk/hotspot/src/share/vm/prims/jvm.cpp:1284
Event: 29.240 Thread 0x00007f0c28007000 Threw 0x00000000f6e75620 at /build/buildd/openjdk-7-7u75-2.5.4/build/openjdk/hotspot/src/share/vm/prims/jvm.cpp:1284
Event: 29.241 Thread 0x00007f0c28007000 Threw 0x00000000f6e7abc0 at /build/buildd/openjdk-7-7u75-2.5.4/build/openjdk/hotspot/src/share/vm/prims/jvm.cpp:1284

Events (10 events):
Event: 29.243 loading class 0x00007f0c38164d10 done
Event: 29.243 loading class 0x00007f0c3807e6d0
Event: 29.243 loading class 0x00007f0c3807e6d0 done
Event: 29.243 Thread 0x00007f0c28007000 Uncommon trap: trap_request=0xffffffde fr.pc=0x00007f0c647b0584
Event: 29.243 Thread 0x00007f0c28007000 DEOPT PACKING pc=0x00007f0c647b0584 sp=0x00007f0c5901ec10
Event: 29.243 Thread 0x00007f0c28007000 DEOPT UNPACKING pc=0x00007f0c645f4045 sp=0x00007f0c5901ebd0 mode 2
Event: 29.243 Thread 0x00007f0c28007000 Uncommon trap: trap_request=0xffffffde fr.pc=0x00007f0c64922f78
Event: 29.243 Thread 0x00007f0c28007000 DEOPT PACKING pc=0x00007f0c64922f78 sp=0x00007f0c5901ec10
Event: 29.243 Thread 0x00007f0c28007000 DEOPT UNPACKING pc=0x00007f0c645f4045 sp=0x00007f0c5901ebc0 mode 2
Event: 29.243 Executing VM operation: ParallelGCFailedAllocation


Dynamic libraries:
00400000-00401000 r-xp 00000000 08:03 1264196                            /usr/lib/jvm/java-7-openjdk-amd64/jre/bin/java
00600000-00601000 r--p 00000000 08:03 1264196                            /usr/lib/jvm/java-7-openjdk-amd64/jre/bin/java
00601000-00602000 rw-p 00001000 08:03 1264196                            /usr/lib/jvm/java-7-openjdk-amd64/jre/bin/java
01180000-011a1000 rw-p 00000000 00:00 0                                  [heap]
b0000000-b2b80000 rw-p 00000000 00:00 0 
b2b80000-c0000000 rw-p 00000000 00:00 0 
c0000000-c2b00000 rw-p 00000000 00:00 0 
c2b00000-eaa80000 rw-p 00000000 00:00 0 
eaa80000-f8d80000 rw-p 00000000 00:00 0 
7f0c04000000-7f0c04021000 rw-p 00000000 00:00 0 
7f0c04021000-7f0c08000000 ---p 00000000 00:00 0 
7f0c08000000-7f0c08021000 rw-p 00000000 00:00 0 
7f0c08021000-7f0c0c000000 ---p 00000000 00:00 0 
7f0c0c000000-7f0c0c021000 rw-p 00000000 00:00 0 
7f0c0c021000-7f0c10000000 ---p 00000000 00:00 0 
7f0c10000000-7f0c10021000 rw-p 00000000 00:00 0 
7f0c10021000-7f0c14000000 ---p 00000000 00:00 0 
7f0c14000000-7f0c14d87000 rw-p 00000000 00:00 0 
7f0c14d87000-7f0c18000000 ---p 00000000 00:00 0 
7f0c18000000-7f0c18021000 rw-p 00000000 00:00 0 
7f0c18021000-7f0c1c000000 ---p 00000000 00:00 0 
7f0c1c000000-7f0c1c021000 rw-p 00000000 00:00 0 
7f0c1c021000-7f0c20000000 ---p 00000000 00:00 0 
7f0c20000000-7f0c20021000 rw-p 00000000 00:00 0 
7f0c20021000-7f0c24000000 ---p 00000000 00:00 0 
7f0c24000000-7f0c2402e000 rw-p 00000000 00:00 0 
7f0c2402e000-7f0c28000000 ---p 00000000 00:00 0 
7f0c28000000-7f0c28021000 rw-p 00000000 00:00 0 
7f0c28021000-7f0c2c000000 ---p 00000000 00:00 0 
7f0c2c000000-7f0c2c021000 rw-p 00000000 00:00 0 
7f0c2c021000-7f0c30000000 ---p 00000000 00:00 0 
7f0c30000000-7f0c30021000 rw-p 00000000 00:00 0 
7f0c30021000-7f0c34000000 ---p 00000000 00:00 0 
7f0c34000000-7f0c35919000 rw-p 00000000 00:00 0 
7f0c35919000-7f0c38000000 ---p 00000000 00:00 0 
7f0c38000000-7f0c392a9000 rw-p 00000000 00:00 0 
7f0c392a9000-7f0c3c000000 ---p 00000000 00:00 0 
7f0c3c000000-7f0c3c021000 rw-p 00000000 00:00 0 
7f0c3c021000-7f0c40000000 ---p 00000000 00:00 0 
7f0c40000000-7f0c40021000 rw-p 00000000 00:00 0 
7f0c40021000-7f0c44000000 ---p 00000000 00:00 0 
7f0c44000000-7f0c44240000 rw-p 00000000 00:00 0 
7f0c44240000-7f0c48000000 ---p 00000000 00:00 0 
7f0c48000000-7f0c48021000 rw-p 00000000 00:00 0 
7f0c48021000-7f0c4c000000 ---p 00000000 00:00 0 
7f0c4c000000-7f0c4c021000 rw-p 00000000 00:00 0 
7f0c4c021000-7f0c50000000 ---p 00000000 00:00 0 
7f0c50000000-7f0c50021000 rw-p 00000000 00:00 0 
7f0c50021000-7f0c54000000 ---p 00000000 00:00 0 
7f0c54000000-7f0c54021000 rw-p 00000000 00:00 0 
7f0c54021000-7f0c58000000 ---p 00000000 00:00 0 
7f0c58974000-7f0c58975000 rw-p 00000000 00:00 0 
7f0c58975000-7f0c58978000 ---p 00000000 00:00 0 
7f0c58978000-7f0c58a76000 rw-p 00000000 00:00 0 
7f0c58a76000-7f0c58a79000 ---p 00000000 00:00 0 
7f0c58a79000-7f0c58b77000 rw-p 00000000 00:00 0 
7f0c58b77000-7f0c58b79000 r--s 0000d000 08:03 1409822                    /home/cloud/Android Studio/gradle/m2repository/commons-codec/commons-codec/1.4/commons-codec-1.4.jar
7f0c58b79000-7f0c58b7b000 r--s 0000d000 08:03 1409582                    /home/cloud/Android Studio/gradle/m2repository/commons-logging/commons-logging/1.1.1/commons-logging-1.1.1.jar
7f0c58b7b000-7f0c58b80000 r--s 00028000 08:03 1409616                    /home/cloud/Android Studio/gradle/m2repository/org/apache/httpcomponents/httpcore/4.1/httpcore-4.1.jar
7f0c58b80000-7f0c58b82000 r--s 00004000 08:03 1409681                    /home/cloud/Android Studio/gradle/m2repository/org/ow2/asm/asm-tree/4.0/asm-tree-4.0.jar
7f0c58b82000-7f0c58b8b000 r--s 000a7000 08:03 1409735                    /home/cloud/Android Studio/gradle/m2repository/com/android/tools/external/lombok/lombok-ast/0.2.2/lombok-ast-0.2.2.jar
7f0c58b8b000-7f0c58b8d000 r--s 0000a000 08:03 1409678                    /home/cloud/Android Studio/gradle/m2repository/org/ow2/asm/asm/4.0/asm-4.0.jar
7f0c58b8d000-7f0c58b8e000 r--s 0000a000 08:03 1409818                    /home/cloud/Android Studio/gradle/m2repository/net/sf/kxml/kxml2/2.3.0/kxml2-2.3.0.jar
7f0c58b8e000-7f0c58bb9000 r--s 001f9000 08:03 1409706                    /home/cloud/Android Studio/gradle/m2repository/com/google/guava/guava/17.0/guava-17.0.jar
7f0c58bb9000-7f0c58bc0000 r--s 00053000 08:03 1409633                    /home/cloud/Android Studio/gradle/m2repository/org/apache/commons/commons-compress/1.8.1/commons-compress-1.8.1.jar
7f0c58bc0000-7f0c58bc3000 r--s 00011000 08:03 1409740                    /home/cloud/Android Studio/gradle/m2repository/com/android/tools/layoutlib/layoutlib-api/24.0.0/layoutlib-api-24.0.0.jar
7f0c58bc3000-7f0c58bc5000 r--s 00005000 08:03 1409609                    /home/cloud/Android Studio/gradle/m2repository/org/apache/httpcomponents/httpmime/4.1/httpmime-4.1.jar
7f0c58bc5000-7f0c58bcd000 r--s 0004e000 08:03 1409625                    /home/cloud/Android Studio/gradle/m2repository/org/apache/httpcomponents/httpclient/4.1.1/httpclient-4.1.1.jar
7f0c58bcd000-7f0c58bce000 r--s 00005000 08:03 1409751                    /home/cloud/Android Studio/gradle/m2repository/com/android/tools/dvlib/24.0.0/dvlib-24.0.0.jar
7f0c58bce000-7f0c58bcf000 r--s 00004000 08:03 1409670                    /home/cloud/Android Studio/gradle/m2repository/org/ow2/asm/asm-analysis/4.0/asm-analysis-4.0.jar
7f0c58bcf000-7f0c58bd2000 r--s 00029000 08:03 1409727                    /home/cloud/Android Studio/gradle/m2repository/com/android/tools/lint/lint-api/24.0.0/lint-api-24.0.0.jar
7f0c58bd2000-7f0c58be2000 r--s 000d3000 08:03 1409800                    /home/cloud/Android Studio/gradle/m2repository/net/sf/proguard/proguard-base/5.1/proguard-base-5.1.jar
7f0c58be2000-7f0c58bf0000 r--s 00081000 08:03 1409651                    /home/cloud/Android Studio/gradle/m2repository/org/bouncycastle/bcpkix-jdk15on/1.48/bcpkix-jdk15on-1.48.jar
7f0c58bf0000-7f0c58bf2000 r--s 00003000 08:03 1409771                    /home/cloud/Android Studio/gradle/m2repository/com/android/tools/build/builder-model/1.0.0/builder-model-1.0.0.jar
7f0c58bf2000-7f0c58bf5000 r--s 00029000 08:03 1409788                    /home/cloud/Android Studio/gradle/m2repository/com/android/tools/build/manifest-merger/24.0.0/manifest-merger-24.0.0.jar
7f0c58bf5000-7f0c58bfa000 r--s 00042000 08:03 1409761                    /home/cloud/Android Studio/gradle/m2repository/com/android/tools/ddms/ddmlib/24.0.0/ddmlib-24.0.0.jar
7f0c58bfa000-7f0c58bfb000 r--s 00000000 08:03 1409778                    /home/cloud/Android Studio/gradle/m2repository/com/android/tools/build/builder-test-api/1.0.0/builder-test-api-1.0.0.jar
7f0c58bfb000-7f0c58bfd000 r--s 00002000 08:03 1409696                    /home/cloud/Android Studio/gradle/m2repository/com/squareup/javawriter/2.5.0/javawriter-2.5.0.jar
7f0c58bfd000-7f0c58bff000 r--s 00014000 08:03 1409754                    /home/cloud/Android Studio/gradle/m2repository/com/android/tools/common/24.0.0/common-24.0.0.jar
7f0c58bff000-7f0c58c09000 r--s 000a8000 08:03 1409791                    /home/cloud/Android Studio/gradle/m2repository/com/android/tools/sdklib/24.0.0/sdklib-24.0.0.jar
7f0c58c09000-7f0c58c3c000 r--s 00203000 08:03 1409657                    /home/cloud/Android Studio/gradle/m2repository/org/bouncycastle/bcprov-jdk15on/1.48/bcprov-jdk15on-1.48.jar
7f0c58c3c000-7f0c58c41000 r--s 00047000 08:03 1409744                    /home/cloud/Android Studio/gradle/m2repository/com/android/tools/sdk-common/24.0.0/sdk-common-24.0.0.jar
7f0c58c41000-7f0c58c46000 r--s 0008c000 08:03 1409722                    /home/cloud/Android Studio/gradle/m2repository/com/android/tools/lint/lint-checks/24.0.0/lint-checks-24.0.0.jar
7f0c58c46000-7f0c58c55000 r--s 001a9000 08:03 1409595                    /home/cloud/Android Studio/gradle/m2repository/org/eclipse/jdt/core/compiler/ecj/4.2.2/ecj-4.2.2.jar
7f0c58c55000-7f0c58c56000 r--s 00002000 08:03 1409805                    /home/cloud/Android Studio/gradle/m2repository/net/sf/proguard/proguard-gradle/5.1/proguard-gradle-5.1.jar
7f0c58c56000-7f0c58c5a000 r--s 00031000 08:03 1409768                    /home/cloud/Android Studio/gradle/m2repository/com/android/tools/build/builder/1.0.0/builder-1.0.0.jar
7f0c58c5a000-7f0c58c5c000 r--s 00018000 08:03 1409717                    /home/cloud/Android Studio/gradle/m2repository/com/android/tools/lint/lint/24.0.0/lint-24.0.0.jar
7f0c58c5c000-7f0c58c6c000 r--s 00138000 08:03 1409783                    /home/cloud/Android Studio/gradle/m2repository/com/android/tools/build/gradle/1.0.0/gradle-1.0.0.jar
7f0c58c6c000-7f0c58c75000 r--s 000b9000 08:03 1018545                    /usr/lib/jvm/java-7-openjdk-amd64/jre/lib/resources.jar
7f0c58c75000-7f0c58c78000 ---p 00000000 00:00 0 
7f0c58c78000-7f0c58d76000 rw-p 00000000 00:00 0                          [stack:5599]
7f0c58d76000-7f0c58d79000 ---p 00000000 00:00 0 
7f0c58d79000-7f0c58daf000 rw-p 00000000 00:00 0                          [stack:5595]
7f0c58daf000-7f0c58db0000 r--p 00000000 00:00 0 
7f0c58db0000-7f0c58e1a000 r--s 0069e000 08:03 1386528                    /usr/lib/jvm/java-7-openjdk-amd64/lib/tools.jar
7f0c58e1a000-7f0c58e1d000 ---p 00000000 00:00 0 
7f0c58e1d000-7f0c58f1b000 rw-p 00000000 00:00 0                          [stack:5593]
7f0c58f1b000-7f0c58f22000 r--s 00000000 08:03 905246                     /usr/lib/x86_64-linux-gnu/gconv/gconv-modules.cache
7f0c58f22000-7f0c58f25000 ---p 00000000 00:00 0 
7f0c58f25000-7f0c59023000 rw-p 00000000 00:00 0                          [stack:5590]
7f0c59023000-7f0c59026000 ---p 00000000 00:00 0 
7f0c59026000-7f0c59124000 rw-p 00000000 00:00 0                          [stack:5589]
7f0c59124000-7f0c59127000 ---p 00000000 00:00 0 
7f0c59127000-7f0c59225000 rw-p 00000000 00:00 0                          [stack:5588]
7f0c59225000-7f0c59228000 ---p 00000000 00:00 0 
7f0c59228000-7f0c59326000 rw-p 00000000 00:00 0                          [stack:5587]
7f0c59326000-7f0c59329000 ---p 00000000 00:00 0 
7f0c59329000-7f0c59427000 rw-p 00000000 00:00 0                          [stack:5586]
7f0c59427000-7f0c5942b000 r-xp 00000000 08:03 1714125                    /tmp/native-platform6252484814367018194dir/libnative-platform.so
7f0c5942b000-7f0c5962a000 ---p 00004000 08:03 1714125                    /tmp/native-platform6252484814367018194dir/libnative-platform.so
7f0c5962a000-7f0c5962b000 rw-p 00003000 08:03 1714125                    /tmp/native-platform6252484814367018194dir/libnative-platform.so
7f0c5962b000-7f0c5962f000 r--s 0004d000 08:03 1018546                    /usr/lib/jvm/java-7-openjdk-amd64/jre/lib/jsse.jar
7f0c5962f000-7f0c59630000 r--s 00001000 08:03 1370718                    /home/cloud/Android Studio/gradle/gradle-2.2.1/lib/plugins/gradle-plugin-development-2.2.1.jar
7f0c59630000-7f0c59632000 r--s 00002000 08:03 1370639                    /home/cloud/Android Studio/gradle/gradle-2.2.1/lib/plugins/gradle-cunit-2.2.1.jar
7f0c59632000-7f0c5963d000 r--s 0004d000 08:03 1370690                    /home/cloud/Android Studio/gradle/gradle-2.2.1/lib/plugins/gradle-platform-native-2.2.1.jar
7f0c5963d000-7f0c5964b000 r--s 000bc000 08:03 1370643                    /home/cloud/Android Studio/gradle/gradle-2.2.1/lib/plugins/gradle-ide-2.2.1.jar
7f0c5964b000-7f0c59650000 r--s 00036000 08:03 1370707                    /home/cloud/Android Studio/gradle/gradle-2.2.1/lib/plugins/gradle-ide-native-2.2.1.jar
7f0c59650000-7f0c59655000 r--s 00013000 08:03 1370677                    /home/cloud/Android Studio/gradle/gradle-2.2.1/lib/plugins/gradle-language-native-2.2.1.jar
7f0c59655000-7f0c59657000 r--s 00008000 08:03 1370661                    /home/cloud/Android Studio/gradle/gradle-2.2.1/lib/plugins/gradle-language-groovy-2.2.1.jar
7f0c59657000-7f0c5965c000 r--s 00022000 08:03 1370726                    /home/cloud/Android Studio/gradle/gradle-2.2.1/lib/plugins/gradle-language-java-2.2.1.jar
7f0c5965c000-7f0c5965f000 r--s 00007000 08:03 1370695                    /home/cloud/Android Studio/gradle/gradle-2.2.1/lib/plugins/gradle-language-jvm-2.2.1.jar
7f0c5965f000-7f0c59662000 r--s 00009000 08:03 1370664                    /home/cloud/Android Studio/gradle/gradle-2.2.1/lib/plugins/gradle-platform-jvm-2.2.1.jar
7f0c59662000-7f0c59667000 r--s 00018000 08:03 1370642                    /home/cloud/Android Studio/gradle/gradle-2.2.1/lib/plugins/gradle-platform-base-2.2.1.jar
7f0c59667000-7f0c5966c000 r--s 00026000 08:03 1370728                    /home/cloud/Android Studio/gradle/gradle-2.2.1/lib/plugins/gradle-build-init-2.2.1.jar
7f0c5966c000-7f0c5966f000 r--s 0001d000 08:03 1370708                    /home/cloud/Android Studio/gradle/gradle-2.2.1/lib/plugins/gradle-jacoco-2.2.1.jar
7f0c5966f000-7f0c59672000 r--s 0000d000 08:03 1370700                    /home/cloud/Android Studio/gradle/gradle-2.2.1/lib/plugins/gradle-ivy-2.2.1.jar
7f0c59672000-7f0c59674000 r--s 00002000 08:03 1370702                    /home/cloud/Android Studio/gradle/gradle-2.2.1/lib/plugins/gradle-publish-2.2.1.jar
7f0c59674000-7f0c59676000 r--s 00005000 08:03 1370669                    /home/cloud/Android Studio/gradle/gradle-2.2.1/lib/plugins/jatl-0.2.2.jar
7f0c59676000-7f0c59678000 r--s 0000f000 08:03 1370697                    /home/cloud/Android Studio/gradle/gradle-2.2.1/lib/plugins/gradle-reporting-2.2.1.jar
7f0c59678000-7f0c5967d000 r--s 00034000 08:03 1370704                    /home/cloud/Android Studio/gradle/gradle-2.2.1/lib/plugins/gradle-diagnostics-2.2.1.jar
7f0c5967d000-7f0c59684000 r--s 00090000 08:03 1370646                    /home/cloud/Android Studio/gradle/gradle-2.2.1/lib/plugins/gradle-build-comparison-2.2.1.jar
7f0c59684000-7f0c5968b000 r--s 00035000 08:03 1370685                    /home/cloud/Android Studio/gradle/gradle-2.2.1/lib/plugins/simple-4.1.21.jar
7f0c5968b000-7f0c59697000 r--s 00100000 08:03 1370716                    /home/cloud/Android Studio/gradle/gradle-2.2.1/lib/plugins/rhino-1.7R3.jar
7f0c59697000-7f0c5969c000 r--s 0001f000 08:03 1370703                    /home/cloud/Android Studio/gradle/gradle-2.2.1/lib/plugins/gradle-javascript-2.2.1.jar
7f0c5969c000-7f0c5969e000 r--s 0000e000 08:03 1370701                    /home/cloud/Android Studio/gradle/gradle-2.2.1/lib/plugins/gradle-ear-2.2.1.jar
7f0c5969e000-7f0c596a2000 r--s 00025000 08:03 1370638                    /home/cloud/Android Studio/gradle/gradle-2.2.1/lib/plugins/bcpg-jdk15-1.46.jar
7f0c596a2000-7f0c596a5000 r--s 0001d000 08:03 1370649                    /home/cloud/Android Studio/gradle/gradle-2.2.1/lib/plugins/gradle-signing-2.2.1.jar
7f0c596a5000-7f0c596a6000 r--s 00002000 08:03 1370631                    /home/cloud/Android Studio/gradle/gradle-2.2.1/lib/plugins/sonar-batch-bootstrapper-2.9.jar
7f0c596a6000-7f0c596a9000 r--s 00018000 08:03 1370675                    /home/cloud/Android Studio/gradle/gradle-2.2.1/lib/plugins/gradle-sonar-2.2.1.jar
7f0c596a9000-7f0c596ac000 r--s 00017000 08:03 1370660                    /home/cloud/Android Studio/gradle/gradle-2.2.1/lib/plugins/gradle-scala-2.2.1.jar
7f0c596ac000-7f0c596ae000 r--s 0000e000 08:03 1370666                    /home/cloud/Android Studio/gradle/gradle-2.2.1/lib/plugins/gradle-announce-2.2.1.jar
7f0c596ae000-7f0c596b0000 r--s 00000000 08:03 1370709                    /home/cloud/Android Studio/gradle/gradle-2.2.1/lib/plugins/plexus-component-annotations-1.5.2.jar
7f0c596b0000-7f0c596b3000 r--s 0000c000 08:03 1370665                    /home/cloud/Android Studio/gradle/gradle-2.2.1/lib/plugins/pmaven-groovy-0.8-20100325.jar
7f0c596b3000-7f0c596b4000 r--s 00004000 08:03 1370686                    /home/cloud/Android Studio/gradle/gradle-2.2.1/lib/plugins/pmaven-common-0.8-20100325.jar
7f0c596b4000-7f0c596b8000 r--s 0001e000 08:03 1370683                    /home/cloud/Android Studio/gradle/gradle-2.2.1/lib/plugins/gradle-maven-2.2.1.jar
7f0c596b8000-7f0c596d0000 r--s 0013b000 08:03 1370720                    /home/cloud/Android Studio/gradle/gradle-2.2.1/lib/plugins/bndlib-2.1.0.jar
7f0c596d0000-7f0c596d2000 r--s 00004000 08:03 1370653                    /home/cloud/Android Studio/gradle/gradle-2.2.1/lib/plugins/gradle-osgi-2.2.1.jar
7f0c596d2000-7f0c596d7000 r--s 00068000 08:03 1370684                    /home/cloud/Android Studio/gradle/gradle-2.2.1/lib/plugins/antlr-2.7.7.jar
7f0c596d7000-7f0c596d8000 r--s 00002000 08:03 1370715                    /home/cloud/Android Studio/gradle/gradle-2.2.1/lib/plugins/ant-antlr-1.9.3.jar
7f0c596d8000-7f0c596da000 r--s 00004000 08:03 1370706                    /home/cloud/Android Studio/gradle/gradle-2.2.1/lib/plugins/gradle-antlr-2.2.1.jar
7f0c596da000-7f0c596dd000 r--s 0001e000 08:03 1370679                    /home/cloud/Android Studio/gradle/gradle-2.2.1/lib/plugins/jsp-api-2.1-6.1.14.jar
7f0c596dd000-7f0c59700000 r--s 00344000 08:03 1370710                    /home/cloud/Android Studio/gradle/gradle-2.2.1/lib/plugins/core-3.1.1.jar
7f0c59700000-7f0c59701000 r--s 00006000 08:03 1370729                    /home/cloud/Android Studio/gradle/gradle-2.2.1/lib/plugins/jetty-naming-6.1.25.jar
7f0c59701000-7f0c59702000 r--s 00002000 08:03 1370658                    /home/cloud/Android Studio/gradle/gradle-2.2.1/lib/plugins/geronimo-annotation_1.0_spec-1.0.jar
7f0c59702000-7f0c59704000 r--s 00002000 08:03 1370671                    /home/cloud/Android Studio/gradle/gradle-2.2.1/lib/plugins/jetty-annotations-6.1.25.jar
7f0c59704000-7f0c59715000 r--s 000ea000 08:03 1370691                    /home/cloud/Android Studio/gradle/gradle-2.2.1/lib/plugins/jsp-2.1-6.1.14.jar
7f0c59715000-7f0c59717000 r--s 0000d000 08:03 1370641                    /home/cloud/Android Studio/gradle/gradle-2.2.1/lib/plugins/jetty-plus-6.1.25.jar
7f0c59717000-7f0c59719000 r--s 0001f000 08:03 1370663                    /home/cloud/Android Studio/gradle/gradle-2.2.1/lib/plugins/servlet-api-2.5-20081211.jar
7f0c59719000-7f0c5971d000 r--s 00028000 08:03 1370632                    /home/cloud/Android Studio/gradle/gradle-2.2.1/lib/plugins/jetty-util-6.1.25.jar
7f0c5971d000-7f0c59724000 r--s 0007d000 08:03 1370693                    /home/cloud/Android Studio/gradle/gradle-2.2.1/lib/plugins/jetty-6.1.25.jar
7f0c59724000-7f0c59726000 r--s 00009000 08:03 1370652                    /home/cloud/Android Studio/gradle/gradle-2.2.1/lib/plugins/gradle-jetty-2.2.1.jar
7f0c59726000-7f0c5972b000 r--s 00041000 08:03 1370655                    /home/cloud/Android Studio/gradle/gradle-2.2.1/lib/plugins/gradle-code-quality-2.2.1.jar
7f0c5972b000-7f0c5972d000 r--s 00009000 08:03 1370659                    /home/cloud/Android Studio/gradle/gradle-2.2.1/lib/plugins/hamcrest-core-1.3.jar
7f0c5972d000-7f0c59733000 r--s 00033000 08:03 1370696                    /home/cloud/Android Studio/gradle/gradle-2.2.1/lib/plugins/snakeyaml-1.6.jar
7f0c59733000-7f0c59735000 r--s 00006000 08:03 1370644                    /home/cloud/Android Studio/gradle/gradle-2.2.1/lib/plugins/jcommander-1.12.jar
7f0c59735000-7f0c5973a000 r--s 00040000 08:03 1370705                    /home/cloud/Android Studio/gradle/gradle-2.2.1/lib/plugins/bsh-2.0b4.jar
7f0c5973a000-7f0c5973c000 r--s 00009000 08:03 1370636                    /home/cloud/Android Studio/gradle/gradle-2.2.1/lib/plugins/commons-cli-1.2.jar
7f0c5973c000-7f0c59745000 r--s 00089000 08:03 1370656                    /home/cloud/Android Studio/gradle/gradle-2.2.1/lib/plugins/testng-6.3.1.jar
7f0c59745000-7f0c5974b000 r--s 00036000 08:03 1370680                    /home/cloud/Android Studio/gradle/gradle-2.2.1/lib/plugins/junit-4.11.jar
7f0c5974b000-7f0c59757000 r--s 00075000 08:03 1370650                    /home/cloud/Android Studio/gradle/gradle-2.2.1/lib/plugins/gradle-plugins-2.2.1.jar
7f0c59757000-7f0c5975a000 r--s 00011000 08:03 1370633                    /home/cloud/Android Studio/gradle/gradle-2.2.1/lib/plugins/gradle-plugin-use-2.2.1.jar
7f0c5975a000-7f0c59772000 r--s 00115000 08:03 1370688                    /home/cloud/Android Studio/gradle/gradle-2.2.1/lib/plugins/xercesImpl-2.9.1.jar
7f0c59772000-7f0c5977a000 r--s 00028000 08:03 1370672                    /home/cloud/Android Studio/gradle/gradle-2.2.1/lib/plugins/xml-apis-1.3.04.jar
7f0c5977a000-7f0c59780000 r--s 0005b000 08:03 1370635                    /home/cloud/Android Studio/gradle/gradle-2.2.1/lib/plugins/jcifs-1.3.17.jar
7f0c59780000-7f0c59786000 r--s 00031000 08:03 1370645                    /home/cloud/Android Studio/gradle/gradle-2.2.1/lib/plugins/httpcore-4.2.2.jar
7f0c59786000-7f0c5978c000 r--s 00033000 08:03 1370634                    /home/cloud/Android Studio/gradle/gradle-2.2.1/lib/plugins/commons-codec-1.6.jar
7f0c5978c000-7f0c5978f000 r--s 0001c000 08:03 1370724                    /home/cloud/Android Studio/gradle/gradle-2.2.1/lib/plugins/nekohtml-1.9.14.jar
7f0c5978f000-7f0c59798000 r--s 00060000 08:03 1370657                    /home/cloud/Android Studio/gradle/gradle-2.2.1/lib/plugins/httpclient-4.2.2.jar
7f0c59798000-7f0c5979a000 r--s 00007000 08:03 1370714                    /home/cloud/Android Studio/gradle/gradle-2.2.1/lib/plugins/gradle-resources-http-2.2.1.jar
7f0c5979a000-7f0c597c2000 r--s 00194000 08:03 1370670                    /home/cloud/Android Studio/gradle/gradle-2.2.1/lib/plugins/bcprov-jdk15-1.46.jar
7f0c597c2000-7f0c597c6000 r--s 0001d000 08:03 1370711                    /home/cloud/Android Studio/gradle/gradle-2.2.1/lib/plugins/xbean-reflect-3.4.jar
7f0c597c6000-7f0c597cb000 r--s 0002a000 08:03 1370721                    /home/cloud/Android Studio/gradle/gradle-2.2.1/lib/plugins/gson-2.2.4.jar
7f0c597cb000-7f0c597cf000 r--s 0003d000 08:03 1370676                    /home/cloud/Android Studio/gradle/gradle-2.2.1/lib/plugins/jsch-0.1.51.jar
7f0c597cf000-7f0c597e8000 r--s 00129000 08:03 1370717                    /home/cloud/Android Studio/gradle/gradle-2.2.1/lib/plugins/maven-ant-tasks-2.1.3.jar
7f0c597e8000-7f0c597f7000 r--s 000d9000 08:03 1370699                    /home/cloud/Android Studio/gradle/gradle-2.2.1/lib/plugins/ivy-2.2.0.jar
7f0c597f7000-7f0c597fb000 r--s 0001e000 08:03 1370673                    /home/cloud/Android Studio/gradle/gradle-2.2.1/lib/plugins/jarjar-aether-impl-1.13.1.jar
7f0c597fb000-7f0c597fe000 r--s 00027000 08:03 1370678                    /home/cloud/Android Studio/gradle/gradle-2.2.1/lib/plugins/jarjar-maven-model-3.0.4.jar
7f0c597fe000-7f0c59801000 r--s 0000b000 08:03 1370668                    /home/cloud/Android Studio/gradle/gradle-2.2.1/lib/plugins/jarjar-maven-artifact-3.0.4.jar
7f0c59801000-7f0c59805000 r--s 0001e000 08:03 1370648                    /home/cloud/Android Studio/gradle/gradle-2.2.1/lib/plugins/jarjar-aether-util-1.13.1.jar
7f0c59805000-7f0c59807000 r--s 00007000 08:03 1370722                    /home/cloud/Android Studio/gradle/gradle-2.2.1/lib/plugins/jarjar-wagon-http-shared4-2.4.jar
7f0c59807000-7f0c59814000 r--s 00083000 08:03 1370647                    /home/cloud/Android Studio/gradle/gradle-2.2.1/lib/plugins/jarjar-maven-core-3.0.4.jar
7f0c59814000-7f0c59816000 r--s 00003000 08:03 1370698                    /home/cloud/Android Studio/gradle/gradle-2.2.1/lib/plugins/jarjar-aether-spi-1.13.1.jar
7f0c59816000-7f0c59818000 r--s 00009000 08:03 1370687                    /home/cloud/Android Studio/gradle/gradle-2.2.1/lib/plugins/jarjar-maven-settings-builder-3.0.4.jar
7f0c59818000-7f0c5981c000 r--s 00014000 08:03 1370662                    /home/cloud/Android Studio/gradle/gradle-2.2.1/lib/plugins/jarjar-aether-api-1.13.1.jar
7f0c5981c000-7f0c59823000 r--s 00042000 08:03 1370651                    /home/cloud/Android Studio/gradle/gradle-2.2.1/lib/plugins/jarjar-maven-compat-3.0.4.jar
7f0c59823000-7f0c59825000 r--s 00006000 08:03 1370667                    /home/cloud/Android Studio/gradle/gradle-2.2.1/lib/plugins/jarjar-aether-connector-wagon-1.13.1.jar
7f0c59825000-7f0c59827000 r--s 00000000 08:03 1370654                    /home/cloud/Android Studio/gradle/gradle-2.2.1/lib/plugins/jarjar-plexus-component-annotations-1.5.5.jar
7f0c59827000-7f0c59829000 r--s 00006000 08:03 1370640                    /home/cloud/Android Studio/gradle/gradle-2.2.1/lib/plugins/jarjar-plexus-sec-dispatcher-1.3.jar
7f0c59829000-7f0c5982e000 r--s 00022000 08:03 1370713                    /home/cloud/Android Studio/gradle/gradle-2.2.1/lib/plugins/jarjar-maven-model-builder-3.0.4.jar
7f0c5982e000-7f0c59830000 r--s 0000b000 08:03 1370682                    /home/cloud/Android Studio/gradle/gradle-2.2.1/lib/plugins/jarjar-maven-plugin-api-3.0.4.jar
7f0c59830000-7f0c59833000 r--s 0000a000 08:03 1370637                    /home/cloud/Android Studio/gradle/gradle-2.2.1/lib/plugins/jarjar-plexus-classworlds-2.4.jar
7f0c59833000-7f0c59837000 r--s 00035000 08:03 1370723                    /home/cloud/Android Studio/gradle/gradle-2.2.1/lib/plugins/jarjar-plexus-utils-2.0.6.jar
7f0c59837000-7f0c59839000 r--s 0000e000 08:03 1370725                    /home/cloud/Android Studio/gradle/gradle-2.2.1/lib/plugins/jarjar-plexus-interpolation-1.14.jar
7f0c59839000-7f0c5983b000 r--s 00002000 08:03 1370674                    /home/cloud/Android Studio/gradle/gradle-2.2.1/lib/plugins/jarjar-plexus-cipher-1.7.jar
7f0c5983b000-7f0c5983d000 r--s 0000c000 08:03 1370719                    /home/cloud/Android Studio/gradle/gradle-2.2.1/lib/plugins/jarjar-wagon-provider-api-2.4.jar
7f0c5983d000-7f0c59845000 r--s 00031000 08:03 1370694                    /home/cloud/Android Studio/gradle/gradle-2.2.1/lib/plugins/jarjar-plexus-container-default-1.5.5.jar
7f0c59845000-7f0c59855000 r-xp 00000000 08:03 1198841                    /usr/lib/jvm/java-7-openjdk-amd64/jre/lib/amd64/libnio.so
7f0c59855000-7f0c59a55000 ---p 00010000 08:03 1198841                    /usr/lib/jvm/java-7-openjdk-amd64/jre/lib/amd64/libnio.so
7f0c59a55000-7f0c59a56000 r--p 00010000 08:03 1198841                    /usr/lib/jvm/java-7-openjdk-amd64/jre/lib/amd64/libnio.so
7f0c59a56000-7f0c59a57000 rw-p 00011000 08:03 1198841                    /usr/lib/jvm/java-7-openjdk-amd64/jre/lib/amd64/libnio.so
7f0c59a57000-7f0c59a88000 rw-p 00000000 00:00 0 
7f0c59a88000-7f0c59ac5000 r-xp 00000000 08:03 2943812                    /lib/x86_64-linux-gnu/libpcre.so.3.13.1
7f0c59ac5000-7f0c59cc4000 ---p 0003d000 08:03 2943812                    /lib/x86_64-linux-gnu/libpcre.so.3.13.1
7f0c59cc4000-7f0c59cc5000 r--p 0003c000 08:03 2943812                    /lib/x86_64-linux-gnu/libpcre.so.3.13.1
7f0c59cc5000-7f0c59cc6000 rw-p 0003d000 08:03 2943812                    /lib/x86_64-linux-gnu/libpcre.so.3.13.1
7f0c59cc6000-7f0c59ccd000 r-xp 00000000 08:03 871839                     /usr/lib/x86_64-linux-gnu/libffi.so.6.0.1
7f0c59ccd000-7f0c59ecc000 ---p 00007000 08:03 871839                     /usr/lib/x86_64-linux-gnu/libffi.so.6.0.1
7f0c59ecc000-7f0c59ecd000 r--p 00006000 08:03 871839                     /usr/lib/x86_64-linux-gnu/libffi.so.6.0.1
7f0c59ecd000-7f0c59ece000 rw-p 00007000 08:03 871839                     /usr/lib/x86_64-linux-gnu/libffi.so.6.0.1
7f0c59ece000-7f0c59ee5000 r-xp 00000000 08:03 2941028                    /lib/x86_64-linux-gnu/libresolv-2.19.so
7f0c59ee5000-7f0c5a0e5000 ---p 00017000 08:03 2941028                    /lib/x86_64-linux-gnu/libresolv-2.19.so
7f0c5a0e5000-7f0c5a0e6000 r--p 00017000 08:03 2941028                    /lib/x86_64-linux-gnu/libresolv-2.19.so
7f0c5a0e6000-7f0c5a0e7000 rw-p 00018000 08:03 2941028                    /lib/x86_64-linux-gnu/libresolv-2.19.so
7f0c5a0e7000-7f0c5a0e9000 rw-p 00000000 00:00 0 
7f0c5a0e9000-7f0c5a109000 r-xp 00000000 08:03 2943839                    /lib/x86_64-linux-gnu/libselinux.so.1
7f0c5a109000-7f0c5a308000 ---p 00020000 08:03 2943839                    /lib/x86_64-linux-gnu/libselinux.so.1
7f0c5a308000-7f0c5a309000 r--p 0001f000 08:03 2943839                    /lib/x86_64-linux-gnu/libselinux.so.1
7f0c5a309000-7f0c5a30a000 rw-p 00020000 08:03 2943839                    /lib/x86_64-linux-gnu/libselinux.so.1
7f0c5a30a000-7f0c5a30c000 rw-p 00000000 00:00 0 
7f0c5a30c000-7f0c5a30f000 r-xp 00000000 08:03 869560                     /usr/lib/x86_64-linux-gnu/libgmodule-2.0.so.0.4002.0
7f0c5a30f000-7f0c5a50e000 ---p 00003000 08:03 869560                     /usr/lib/x86_64-linux-gnu/libgmodule-2.0.so.0.4002.0
7f0c5a50e000-7f0c5a50f000 r--p 00002000 08:03 869560                     /usr/lib/x86_64-linux-gnu/libgmodule-2.0.so.0.4002.0
7f0c5a50f000-7f0c5a510000 rw-p 00003000 08:03 869560                     /usr/lib/x86_64-linux-gnu/libgmodule-2.0.so.0.4002.0
7f0c5a510000-7f0c5a616000 r-xp 00000000 08:03 2943646                    /lib/x86_64-linux-gnu/libglib-2.0.so.0.4002.0
7f0c5a616000-7f0c5a815000 ---p 00106000 08:03 2943646                    /lib/x86_64-linux-gnu/libglib-2.0.so.0.4002.0
7f0c5a815000-7f0c5a816000 r--p 00105000 08:03 2943646                    /lib/x86_64-linux-gnu/libglib-2.0.so.0.4002.0
7f0c5a816000-7f0c5a817000 rw-p 00106000 08:03 2943646                    /lib/x86_64-linux-gnu/libglib-2.0.so.0.4002.0
7f0c5a817000-7f0c5a818000 rw-p 00000000 00:00 0 
7f0c5a818000-7f0c5a867000 r-xp 00000000 08:03 869561                     /usr/lib/x86_64-linux-gnu/libgobject-2.0.so.0.4002.0
7f0c5a867000-7f0c5aa67000 ---p 0004f000 08:03 869561                     /usr/lib/x86_64-linux-gnu/libgobject-2.0.so.0.4002.0
7f0c5aa67000-7f0c5aa68000 r--p 0004f000 08:03 869561                     /usr/lib/x86_64-linux-gnu/libgobject-2.0.so.0.4002.0
7f0c5aa68000-7f0c5aa69000 rw-p 00050000 08:03 869561                     /usr/lib/x86_64-linux-gnu/libgobject-2.0.so.0.4002.0
7f0c5aa69000-7f0c5abd5000 r-xp 00000000 08:03 869563                     /usr/lib/x86_64-linux-gnu/libgio-2.0.so.0.4002.0
7f0c5abd5000-7f0c5add4000 ---p 0016c000 08:03 869563                     /usr/lib/x86_64-linux-gnu/libgio-2.0.so.0.4002.0
7f0c5add4000-7f0c5add8000 r--p 0016b000 08:03 869563                     /usr/lib/x86_64-linux-gnu/libgio-2.0.so.0.4002.0
7f0c5add8000-7f0c5adda000 rw-p 0016f000 08:03 869563                     /usr/lib/x86_64-linux-gnu/libgio-2.0.so.0.4002.0
7f0c5adda000-7f0c5addc000 rw-p 00000000 00:00 0 
7f0c5addc000-7f0c5addd000 r--s 00002000 08:03 1370712                    /home/cloud/Android Studio/gradle/gradle-2.2.1/lib/plugins/jarjar-wagon-http-2.4.jar
7f0c5addd000-7f0c5addf000 r--s 0000d000 08:03 1370727                    /home/cloud/Android Studio/gradle/gradle-2.2.1/lib/plugins/jarjar-maven-aether-provider-3.0.4.jar
7f0c5addf000-7f0c5ade0000 r--s 00007000 08:03 1370681                    /home/cloud/Android Studio/gradle/gradle-2.2.1/lib/plugins/jarjar-maven-repository-metadata-3.0.4.jar
7f0c5ade0000-7f0c5ade1000 r--s 0000b000 08:03 1370692                    /home/cloud/Android Studio/gradle/gradle-2.2.1/lib/plugins/jarjar-maven-settings-3.0.4.jar
7f0c5ade1000-7f0c5adf9000 r--s 000b5000 08:03 1370689                    /home/cloud/Android Studio/gradle/gradle-2.2.1/lib/plugins/gradle-dependency-management-2.2.1.jar
7f0c5adf9000-7f0c5ae10000 r-xp 00000000 08:03 1196904                    /usr/lib/jvm/java-7-openjdk-amd64/jre/lib/amd64/libnet.so
7f0c5ae10000-7f0c5b00f000 ---p 00017000 08:03 1196904                    /usr/lib/jvm/java-7-openjdk-amd64/jre/lib/amd64/libnet.so
7f0c5b00f000-7f0c5b010000 r--p 00016000 08:03 1196904                    /usr/lib/jvm/java-7-openjdk-amd64/jre/lib/amd64/libnet.so
7f0c5b010000-7f0c5b011000 rw-p 00017000 08:03 1196904                    /usr/lib/jvm/java-7-openjdk-amd64/jre/lib/amd64/libnet.so
7f0c5b011000-7f0c5b012000 r--s 00005000 08:03 1346088                    /home/cloud/Android Studio/gradle/gradle-2.2.1/lib/gradle-wrapper-2.2.1.jar
7f0c5b012000-7f0c5b01b000 r--s 0002c000 08:03 1346093                    /home/cloud/Android Studio/gradle/gradle-2.2.1/lib/gradle-tooling-api-2.2.1.jar
7f0c5b01b000-7f0c5b01d000 r--s 00002000 08:03 1346103                    /home/cloud/Android Studio/gradle/gradle-2.2.1/lib/gradle-open-api-2.2.1.jar
7f0c5b01d000-7f0c5b023000 r--s 00032000 08:03 1346096                    /home/cloud/Android Studio/gradle/gradle-2.2.1/lib/jaxen-1.1.jar
7f0c5b023000-7f0c5b028000 r--s 00048000 08:03 1346062                    /home/cloud/Android Studio/gradle/gradle-2.2.1/lib/dom4j-1.6.1.jar
7f0c5b028000-7f0c5b033000 r--s 00059000 08:03 1346106                    /home/cloud/Android Studio/gradle/gradle-2.2.1/lib/gradle-ui-2.2.1.jar
7f0c5b033000-7f0c5b035000 r--s 00006000 08:03 1346065                    /home/cloud/Android Studio/gradle/gradle-2.2.1/lib/gradle-resources-2.2.1.jar
7f0c5b035000-7f0c5b037000 r--s 00007000 08:03 1346098                    /home/cloud/Android Studio/gradle/gradle-2.2.1/lib/objenesis-1.2.jar
7f0c5b037000-7f0c5b039000 r--s 00000000 08:03 1346099                    /home/cloud/Android Studio/gradle/gradle-2.2.1/lib/minlog-1.2.jar
7f0c5b039000-7f0c5b03b000 r--s 0000f000 08:03 1346104                    /home/cloud/Android Studio/gradle/gradle-2.2.1/lib/reflectasm-1.07-shaded.jar
7f0c5b03b000-7f0c5b03f000 r--s 00026000 08:03 1346110                    /home/cloud/Android Studio/gradle/gradle-2.2.1/lib/kryo-2.20.jar
7f0c5b03f000-7f0c5b048000 r--s 00039000 08:03 1346095                    /home/cloud/Android Studio/gradle/gradle-2.2.1/lib/gradle-messaging-2.2.1.jar
7f0c5b048000-7f0c5b049000 r--s 00003000 08:03 1346108                    /home/cloud/Android Studio/gradle/gradle-2.2.1/lib/native-platform-freebsd-amd64-0.10.jar
7f0c5b049000-7f0c5b04a000 r--s 00003000 08:03 1346090                    /home/cloud/Android Studio/gradle/gradle-2.2.1/lib/native-platform-freebsd-i386-0.10.jar
7f0c5b04a000-7f0c5b04b000 r--s 00005000 08:03 1346094                    /home/cloud/Android Studio/gradle/gradle-2.2.1/lib/native-platform-windows-i386-0.10.jar
7f0c5b04b000-7f0c5b04c000 r--s 00005000 08:03 1346058                    /home/cloud/Android Studio/gradle/gradle-2.2.1/lib/native-platform-windows-amd64-0.10.jar
7f0c5b04c000-7f0c5b04d000 r--s 00003000 08:03 1346061                    /home/cloud/Android Studio/gradle/gradle-2.2.1/lib/native-platform-linux-i386-0.10.jar
7f0c5b04d000-7f0c5b04e000 r--s 00003000 08:03 1346069                    /home/cloud/Android Studio/gradle/gradle-2.2.1/lib/native-platform-linux-amd64-0.10.jar
7f0c5b04e000-7f0c5b04f000 r--s 00002000 08:03 1346111                    /home/cloud/Android Studio/gradle/gradle-2.2.1/lib/native-platform-osx-amd64-0.10.jar
7f0c5b04f000-7f0c5b050000 r--s 00002000 08:03 1346086                    /home/cloud/Android Studio/gradle/gradle-2.2.1/lib/native-platform-osx-i386-0.10.jar
7f0c5b050000-7f0c5b052000 r--s 00008000 08:03 1346085                    /home/cloud/Android Studio/gradle/gradle-2.2.1/lib/jansi-1.2.1.jar
7f0c5b052000-7f0c5b055000 r--s 0000d000 08:03 1346100                    /home/cloud/Android Studio/gradle/gradle-2.2.1/lib/native-platform-0.10.jar
7f0c5b055000-7f0c5b059000 r--s 000e4000 08:03 1346060                    /home/cloud/Android Studio/gradle/gradle-2.2.1/lib/jna-3.2.7.jar
7f0c5b059000-7f0c5b05b000 r--s 00008000 08:03 1346084                    /home/cloud/Android Studio/gradle/gradle-2.2.1/lib/gradle-native-2.2.1.jar
7f0c5b05b000-7f0c5b05d000 r--s 00005000 08:03 1346107                    /home/cloud/Android Studio/gradle/gradle-2.2.1/lib/gradle-cli-2.2.1.jar
7f0c5b05d000-7f0c5b05f000 r--s 00003000 08:03 1346067                    /home/cloud/Android Studio/gradle/gradle-2.2.1/lib/gradle-base-services-groovy-2.2.1.jar
7f0c5b05f000-7f0c5b061000 r--s 0000a000 08:03 1346078                    /home/cloud/Android Studio/gradle/gradle-2.2.1/lib/gradle-model-groovy-2.2.1.jar
7f0c5b061000-7f0c5b065000 r--s 0001b000 08:03 1346071                    /home/cloud/Android Studio/gradle/gradle-2.2.1/lib/gradle-model-core-2.2.1.jar
7f0c5b065000-7f0c5b066000 r--s 00000000 08:03 1346089                    /home/cloud/Android Studio/gradle/gradle-2.2.1/lib/gradle-docs-2.2.1.jar
7f0c5b066000-7f0c5b068000 r--s 00003000 08:03 1346068                    /home/cloud/Android Studio/gradle/gradle-2.2.1/lib/jcl-over-slf4j-1.7.7.jar
7f0c5b068000-7f0c5b069000 r--s 00005000 08:03 1346101                    /home/cloud/Android Studio/gradle/gradle-2.2.1/lib/log4j-over-slf4j-1.7.7.jar
7f0c5b069000-7f0c5b06c000 r--s 0001b000 08:03 1346070                    /home/cloud/Android Studio/gradle/gradle-2.2.1/lib/jarjar-1.3.jar
7f0c5b06c000-7f0c5b06e000 r--s 00000000 08:03 1346097                    /home/cloud/Android Studio/gradle/gradle-2.2.1/lib/jul-to-slf4j-1.7.7.jar
7f0c5b06e000-7f0c5b074000 r--s 0003b000 08:03 1346064                    /home/cloud/Android Studio/gradle/gradle-2.2.1/lib/logback-classic-1.0.13.jar
7f0c5b074000-7f0c5b07e000 r--s 0005d000 08:03 1346075                    /home/cloud/Android Studio/gradle/gradle-2.2.1/lib/logback-core-1.0.13.jar
7f0c5b07e000-7f0c5b083000 r--s 00041000 08:03 1346063                    /home/cloud/Android Studio/gradle/gradle-2.2.1/lib/commons-lang-2.6.jar
7f0c5b083000-7f0c5b0ee000 r--s 00685000 08:03 1346059                    /home/cloud/Android Studio/gradle/gradle-2.2.1/lib/groovy-all-2.3.6.jar
7f0c5b0ee000-7f0c5b116000 r--s 001cf000 08:03 1346082                    /home/cloud/Android Studio/gradle/gradle-2.2.1/lib/guava-jdk5-17.0.jar
7f0c5b116000-7f0c5b117000 ---p 00000000 00:00 0 
7f0c5b117000-7f0c5b217000 rw-p 00000000 00:00 0                          [stack:5584]
7f0c5b217000-7f0c5b21a000 ---p 00000000 00:00 0 
7f0c5b21a000-7f0c5b318000 rw-p 00000000 00:00 0                          [stack:5583]
7f0c5b318000-7f0c5b31b000 ---p 00000000 00:00 0 
7f0c5b31b000-7f0c5b419000 rw-p 00000000 00:00 0                          [stack:5582]
7f0c5b419000-7f0c5b41c000 ---p 00000000 00:00 0 
7f0c5b41c000-7f0c5b51a000 rw-p 00000000 00:00 0                          [stack:5581]
7f0c5b51a000-7f0c5b51d000 ---p 00000000 00:00 0 
7f0c5b51d000-7f0c5b61b000 rw-p 00000000 00:00 0                          [stack:5580]
7f0c5b61b000-7f0c5bcfd000 r--p 00000000 08:03 870676                     /usr/lib/locale/locale-archive
7f0c5bcfd000-7f0c5bd00000 ---p 00000000 00:00 0 
7f0c5bd00000-7f0c5bdfe000 rw-p 00000000 00:00 0                          [stack:5579]
7f0c5bdfe000-7f0c5be01000 ---p 00000000 00:00 0 
7f0c5be01000-7f0c5beff000 rw-p 00000000 00:00 0                          [stack:5578]
7f0c5beff000-7f0c5bf00000 ---p 00000000 00:00 0 
7f0c5bf00000-7f0c5c000000 rw-p 00000000 00:00 0                          [stack:5577]
7f0c5c000000-7f0c5c021000 rw-p 00000000 00:00 0 
7f0c5c021000-7f0c60000000 ---p 00000000 00:00 0 
7f0c60000000-7f0c60001000 r--s 00000000 08:03 1346092                    /home/cloud/Android Studio/gradle/gradle-2.2.1/lib/javax.inject-1.jar
7f0c60001000-7f0c60002000 r--s 00000000 08:03 1346083                    /home/cloud/Android Studio/gradle/gradle-2.2.1/lib/jcip-annotations-1.0.jar
7f0c60002000-7f0c60010000 r--s 0007f000 08:03 1346102                    /home/cloud/Android Studio/gradle/gradle-2.2.1/lib/commons-collections-3.2.1.jar
7f0c60010000-7f0c6002f000 r--s 001cc000 08:03 1346066                    /home/cloud/Android Studio/gradle/gradle-2.2.1/lib/ant-1.9.3.jar
7f0c6002f000-7f0c60060000 r--s 00191000 08:03 1346072                    /home/cloud/Android Studio/gradle/gradle-2.2.1/lib/gradle-core-2.2.1.jar
7f0c60060000-7f0c6105d000 rw-p 00000000 00:00 0 
7f0c6105d000-7f0c6120f000 r--s 01d23000 08:03 1018543                    /usr/lib/jvm/java-7-openjdk-amd64/jre/lib/rt.jar
7f0c6120f000-7f0c63d60000 rw-p 00000000 00:00 0 
7f0c63d60000-7f0c63d61000 ---p 00000000 00:00 0 
7f0c63d61000-7f0c63e61000 rw-p 00000000 00:00 0                          [stack:5576]
7f0c63e61000-7f0c63e62000 ---p 00000000 00:00 0 
7f0c63e62000-7f0c63f62000 rw-p 00000000 00:00 0                          [stack:5575]
7f0c63f62000-7f0c63f63000 ---p 00000000 00:00 0 
7f0c63f63000-7f0c64063000 rw-p 00000000 00:00 0                          [stack:5574]
7f0c64063000-7f0c64064000 ---p 00000000 00:00 0 
7f0c64064000-7f0c6417a000 rw-p 00000000 00:00 0                          [stack:5573]
7f0c6417a000-7f0c641e4000 rw-p 00000000 00:00 0 
7f0c641e4000-7f0c641fa000 rw-p 00000000 00:00 0 
7f0c641fa000-7f0c6433a000 rw-p 00000000 00:00 0 
7f0c6433a000-7f0c64350000 rw-p 00000000 00:00 0 
7f0c64350000-7f0c643ba000 rw-p 00000000 00:00 0 
7f0c643ba000-7f0c643d0000 rw-p 00000000 00:00 0 
7f0c643d0000-7f0c6450f000 rw-p 00000000 00:00 0 
7f0c6450f000-7f0c64581000 rw-p 00000000 00:00 0 
7f0c64581000-7f0c645ba000 rw-p 00000000 00:00 0 
7f0c645ba000-7f0c645bb000 rw-p 00000000 00:00 0 
7f0c645bb000-7f0c649ab000 rwxp 00000000 00:00 0 
7f0c649ab000-7f0c675bb000 rw-p 00000000 00:00 0 
7f0c675bb000-7f0c675c3000 r-xp 00000000 08:03 1198866                    /usr/lib/jvm/java-7-openjdk-amd64/jre/lib/amd64/libzip.so
7f0c675c3000-7f0c677c2000 ---p 00008000 08:03 1198866                    /usr/lib/jvm/java-7-openjdk-amd64/jre/lib/amd64/libzip.so
7f0c677c2000-7f0c677c3000 r--p 00007000 08:03 1198866                    /usr/lib/jvm/java-7-openjdk-amd64/jre/lib/amd64/libzip.so
7f0c677c3000-7f0c677c4000 rw-p 00008000 08:03 1198866                    /usr/lib/jvm/java-7-openjdk-amd64/jre/lib/amd64/libzip.so
7f0c677c4000-7f0c677cf000 r-xp 00000000 08:03 2943639                    /lib/x86_64-linux-gnu/libnss_files-2.19.so
7f0c677cf000-7f0c679ce000 ---p 0000b000 08:03 2943639                    /lib/x86_64-linux-gnu/libnss_files-2.19.so
7f0c679ce000-7f0c679cf000 r--p 0000a000 08:03 2943639                    /lib/x86_64-linux-gnu/libnss_files-2.19.so
7f0c679cf000-7f0c679d0000 rw-p 0000b000 08:03 2943639                    /lib/x86_64-linux-gnu/libnss_files-2.19.so
7f0c679d0000-7f0c679db000 r-xp 00000000 08:03 2941030                    /lib/x86_64-linux-gnu/libnss_nis-2.19.so
7f0c679db000-7f0c67bda000 ---p 0000b000 08:03 2941030                    /lib/x86_64-linux-gnu/libnss_nis-2.19.so
7f0c67bda000-7f0c67bdb000 r--p 0000a000 08:03 2941030                    /lib/x86_64-linux-gnu/libnss_nis-2.19.so
7f0c67bdb000-7f0c67bdc000 rw-p 0000b000 08:03 2941030                    /lib/x86_64-linux-gnu/libnss_nis-2.19.so
7f0c67bdc000-7f0c67bf3000 r-xp 00000000 08:03 2941024                    /lib/x86_64-linux-gnu/libnsl-2.19.so
7f0c67bf3000-7f0c67df2000 ---p 00017000 08:03 2941024                    /lib/x86_64-linux-gnu/libnsl-2.19.so
7f0c67df2000-7f0c67df3000 r--p 00016000 08:03 2941024                    /lib/x86_64-linux-gnu/libnsl-2.19.so
7f0c67df3000-7f0c67df4000 rw-p 00017000 08:03 2941024                    /lib/x86_64-linux-gnu/libnsl-2.19.so
7f0c67df4000-7f0c67df6000 rw-p 00000000 00:00 0 
7f0c67df6000-7f0c67dff000 r-xp 00000000 08:03 2941021                    /lib/x86_64-linux-gnu/libnss_compat-2.19.so
7f0c67dff000-7f0c67ffe000 ---p 00009000 08:03 2941021                    /lib/x86_64-linux-gnu/libnss_compat-2.19.so
7f0c67ffe000-7f0c67fff000 r--p 00008000 08:03 2941021                    /lib/x86_64-linux-gnu/libnss_compat-2.19.so
7f0c67fff000-7f0c68000000 rw-p 00009000 08:03 2941021                    /lib/x86_64-linux-gnu/libnss_compat-2.19.so
7f0c68000000-7f0c68a23000 rw-p 00000000 00:00 0 
7f0c68a23000-7f0c6c000000 ---p 00000000 00:00 0 
7f0c6c000000-7f0c6c003000 r--s 00018000 08:03 1346109                    /home/cloud/Android Studio/gradle/gradle-2.2.1/lib/commons-io-1.4.jar
7f0c6c003000-7f0c6c008000 r--s 00036000 08:03 1346091                    /home/cloud/Android Studio/gradle/gradle-2.2.1/lib/asm-all-5.0.3.jar
7f0c6c008000-7f0c6c00a000 r--s 00006000 08:03 1346074                    /home/cloud/Android Studio/gradle/gradle-2.2.1/lib/slf4j-api-1.7.7.jar
7f0c6c00a000-7f0c6c010000 r--s 00026000 08:03 1346087                    /home/cloud/Android Studio/gradle/gradle-2.2.1/lib/gradle-base-services-2.2.1.jar
7f0c6c010000-7f0c6c018000 r--s 0003c000 08:03 1346105                    /home/cloud/Android Studio/gradle/gradle-2.2.1/lib/gradle-launcher-2.2.1.jar
7f0c6c018000-7f0c6c040000 rw-p 00000000 00:00 0 
7f0c6c040000-7f0c6c06b000 r-xp 00000000 08:03 1198853                    /usr/lib/jvm/java-7-openjdk-amd64/jre/lib/amd64/libjava.so
7f0c6c06b000-7f0c6c26b000 ---p 0002b000 08:03 1198853                    /usr/lib/jvm/java-7-openjdk-amd64/jre/lib/amd64/libjava.so
7f0c6c26b000-7f0c6c26c000 r--p 0002b000 08:03 1198853                    /usr/lib/jvm/java-7-openjdk-amd64/jre/lib/amd64/libjava.so
7f0c6c26c000-7f0c6c26e000 rw-p 0002c000 08:03 1198853                    /usr/lib/jvm/java-7-openjdk-amd64/jre/lib/amd64/libjava.so
7f0c6c26e000-7f0c6c27e000 r-xp 00000000 08:03 1198852                    /usr/lib/jvm/java-7-openjdk-amd64/jre/lib/amd64/libverify.so
7f0c6c27e000-7f0c6c47d000 ---p 00010000 08:03 1198852                    /usr/lib/jvm/java-7-openjdk-amd64/jre/lib/amd64/libverify.so
7f0c6c47d000-7f0c6c47f000 r--p 0000f000 08:03 1198852                    /usr/lib/jvm/java-7-openjdk-amd64/jre/lib/amd64/libverify.so
7f0c6c47f000-7f0c6c480000 rw-p 00011000 08:03 1198852                    /usr/lib/jvm/java-7-openjdk-amd64/jre/lib/amd64/libverify.so
7f0c6c480000-7f0c6c487000 r-xp 00000000 08:03 2940958                    /lib/x86_64-linux-gnu/librt-2.19.so
7f0c6c487000-7f0c6c686000 ---p 00007000 08:03 2940958                    /lib/x86_64-linux-gnu/librt-2.19.so
7f0c6c686000-7f0c6c687000 r--p 00006000 08:03 2940958                    /lib/x86_64-linux-gnu/librt-2.19.so
7f0c6c687000-7f0c6c688000 rw-p 00007000 08:03 2940958                    /lib/x86_64-linux-gnu/librt-2.19.so
7f0c6c688000-7f0c6c69e000 r-xp 00000000 08:03 2943692                    /lib/x86_64-linux-gnu/libgcc_s.so.1
7f0c6c69e000-7f0c6c89d000 ---p 00016000 08:03 2943692                    /lib/x86_64-linux-gnu/libgcc_s.so.1
7f0c6c89d000-7f0c6c89e000 rw-p 00015000 08:03 2943692                    /lib/x86_64-linux-gnu/libgcc_s.so.1
7f0c6c89e000-7f0c6c9a3000 r-xp 00000000 08:03 2941023                    /lib/x86_64-linux-gnu/libm-2.19.so
7f0c6c9a3000-7f0c6cba2000 ---p 00105000 08:03 2941023                    /lib/x86_64-linux-gnu/libm-2.19.so
7f0c6cba2000-7f0c6cba3000 r--p 00104000 08:03 2941023                    /lib/x86_64-linux-gnu/libm-2.19.so
7f0c6cba3000-7f0c6cba4000 rw-p 00105000 08:03 2941023                    /lib/x86_64-linux-gnu/libm-2.19.so
7f0c6cba4000-7f0c6cc8a000 r-xp 00000000 08:03 872467                     /usr/lib/x86_64-linux-gnu/libstdc++.so.6.0.19
7f0c6cc8a000-7f0c6ce89000 ---p 000e6000 08:03 872467                     /usr/lib/x86_64-linux-gnu/libstdc++.so.6.0.19
7f0c6ce89000-7f0c6ce91000 r--p 000e5000 08:03 872467                     /usr/lib/x86_64-linux-gnu/libstdc++.so.6.0.19
7f0c6ce91000-7f0c6ce93000 rw-p 000ed000 08:03 872467                     /usr/lib/x86_64-linux-gnu/libstdc++.so.6.0.19
7f0c6ce93000-7f0c6cea8000 rw-p 00000000 00:00 0 
7f0c6cea8000-7f0c6d9c0000 r-xp 00000000 08:03 1231091                    /usr/lib/jvm/java-7-openjdk-amd64/jre/lib/amd64/server/libjvm.so
7f0c6d9c0000-7f0c6dbc0000 ---p 00b18000 08:03 1231091                    /usr/lib/jvm/java-7-openjdk-amd64/jre/lib/amd64/server/libjvm.so
7f0c6dbc0000-7f0c6dc5a000 r--p 00b18000 08:03 1231091                    /usr/lib/jvm/java-7-openjdk-amd64/jre/lib/amd64/server/libjvm.so
7f0c6dc5a000-7f0c6dc7d000 rw-p 00bb2000 08:03 1231091                    /usr/lib/jvm/java-7-openjdk-amd64/jre/lib/amd64/server/libjvm.so
7f0c6dc7d000-7f0c6dcab000 rw-p 00000000 00:00 0 
7f0c6dcab000-7f0c6dcc3000 r-xp 00000000 08:03 2943872                    /lib/x86_64-linux-gnu/libz.so.1.2.8
7f0c6dcc3000-7f0c6dec2000 ---p 00018000 08:03 2943872                    /lib/x86_64-linux-gnu/libz.so.1.2.8
7f0c6dec2000-7f0c6dec3000 r--p 00017000 08:03 2943872                    /lib/x86_64-linux-gnu/libz.so.1.2.8
7f0c6dec3000-7f0c6dec4000 rw-p 00018000 08:03 2943872                    /lib/x86_64-linux-gnu/libz.so.1.2.8
7f0c6dec4000-7f0c6dedd000 r-xp 00000000 08:03 2941032                    /lib/x86_64-linux-gnu/libpthread-2.19.so
7f0c6dedd000-7f0c6e0dc000 ---p 00019000 08:03 2941032                    /lib/x86_64-linux-gnu/libpthread-2.19.so
7f0c6e0dc000-7f0c6e0dd000 r--p 00018000 08:03 2941032                    /lib/x86_64-linux-gnu/libpthread-2.19.so
7f0c6e0dd000-7f0c6e0de000 rw-p 00019000 08:03 2941032                    /lib/x86_64-linux-gnu/libpthread-2.19.so
7f0c6e0de000-7f0c6e0e2000 rw-p 00000000 00:00 0 
7f0c6e0e2000-7f0c6e0e5000 r-xp 00000000 08:03 2941019                    /lib/x86_64-linux-gnu/libdl-2.19.so
7f0c6e0e5000-7f0c6e2e4000 ---p 00003000 08:03 2941019                    /lib/x86_64-linux-gnu/libdl-2.19.so
7f0c6e2e4000-7f0c6e2e5000 r--p 00002000 08:03 2941019                    /lib/x86_64-linux-gnu/libdl-2.19.so
7f0c6e2e5000-7f0c6e2e6000 rw-p 00003000 08:03 2941019                    /lib/x86_64-linux-gnu/libdl-2.19.so
7f0c6e2e6000-7f0c6e4a1000 r-xp 00000000 08:03 2940957                    /lib/x86_64-linux-gnu/libc-2.19.so
7f0c6e4a1000-7f0c6e6a1000 ---p 001bb000 08:03 2940957                    /lib/x86_64-linux-gnu/libc-2.19.so
7f0c6e6a1000-7f0c6e6a5000 r--p 001bb000 08:03 2940957                    /lib/x86_64-linux-gnu/libc-2.19.so
7f0c6e6a5000-7f0c6e6a7000 rw-p 001bf000 08:03 2940957                    /lib/x86_64-linux-gnu/libc-2.19.so
7f0c6e6a7000-7f0c6e6ac000 rw-p 00000000 00:00 0 
7f0c6e6ac000-7f0c6e6b9000 r-xp 00000000 08:03 1198837                    /usr/lib/jvm/java-7-openjdk-amd64/jre/lib/amd64/jli/libjli.so
7f0c6e6b9000-7f0c6e8b8000 ---p 0000d000 08:03 1198837                    /usr/lib/jvm/java-7-openjdk-amd64/jre/lib/amd64/jli/libjli.so
7f0c6e8b8000-7f0c6e8b9000 r--p 0000c000 08:03 1198837                    /usr/lib/jvm/java-7-openjdk-amd64/jre/lib/amd64/jli/libjli.so
7f0c6e8b9000-7f0c6e8ba000 rw-p 0000d000 08:03 1198837                    /usr/lib/jvm/java-7-openjdk-amd64/jre/lib/amd64/jli/libjli.so
7f0c6e8ba000-7f0c6e8dd000 r-xp 00000000 08:03 2940947                    /lib/x86_64-linux-gnu/ld-2.19.so
7f0c6e8dd000-7f0c6e8de000 r--s 00004000 08:03 1346080                    /home/cloud/Android Studio/gradle/gradle-2.2.1/lib/ant-launcher-1.9.3.jar
7f0c6e8de000-7f0c6e907000 rw-p 00000000 00:00 0 
7f0c6e907000-7f0c6e9b7000 rw-p 00000000 00:00 0 
7f0c6e9b7000-7f0c6e9ba000 ---p 00000000 00:00 0 
7f0c6e9ba000-7f0c6eabd000 rw-p 00000000 00:00 0                          [stack:5572]
7f0c6eabd000-7f0c6eac1000 r--s 0003c000 08:03 1247782                    /usr/lib/jvm/java-7-openjdk-amd64/jre/lib/ext/sunpkcs11.jar
7f0c6eac1000-7f0c6eac3000 r--s 00006000 08:03 913992                     /usr/share/java/java-atk-wrapper.jar
7f0c6eac3000-7f0c6eac4000 r--s 00002000 08:03 1247785                    /usr/lib/jvm/java-7-openjdk-amd64/jre/lib/ext/dnsns.jar
7f0c6eac4000-7f0c6eac6000 r--s 00012000 08:03 1247784                    /usr/lib/jvm/java-7-openjdk-amd64/jre/lib/ext/zipfs.jar
7f0c6eac6000-7f0c6eac9000 r--s 00086000 08:03 1247786                    /usr/lib/jvm/java-7-openjdk-amd64/jre/lib/ext/localedata.jar
7f0c6eac9000-7f0c6eacc000 r--s 0000f000 08:03 1247781                    /usr/lib/jvm/java-7-openjdk-amd64/jre/lib/ext/icedtea-sound.jar
7f0c6eacc000-7f0c6ead0000 r--s 00034000 08:03 1247783                    /usr/lib/jvm/java-7-openjdk-amd64/jre/lib/ext/sunjce_provider.jar
7f0c6ead0000-7f0c6ead8000 rw-s 00000000 08:03 1706432                    /tmp/hsperfdata_cloud/5570
7f0c6ead8000-7f0c6ead9000 rw-p 00000000 00:00 0 
7f0c6ead9000-7f0c6eada000 ---p 00000000 00:00 0 
7f0c6eada000-7f0c6eadc000 rw-p 00000000 00:00 0 
7f0c6eadc000-7f0c6eadd000 r--p 00022000 08:03 2940947                    /lib/x86_64-linux-gnu/ld-2.19.so
7f0c6eadd000-7f0c6eade000 rw-p 00023000 08:03 2940947                    /lib/x86_64-linux-gnu/ld-2.19.so
7f0c6eade000-7f0c6eadf000 rw-p 00000000 00:00 0 
7fff3de6a000-7fff3de8c000 rw-p 00000000 00:00 0                          [stack]
7fff3dee1000-7fff3dee3000 r-xp 00000000 00:00 0                          [vdso]
ffffffffff600000-ffffffffff601000 r-xp 00000000 00:00 0                  [vsyscall]

VM Arguments:
jvm_args: -XX:MaxPermSize=256m -XX:+HeapDumpOnOutOfMemoryError -Xmx1024m -Dfile.encoding=UTF-8 -Duser.country=US -Duser.language=en -Duser.variant 
java_command: org.gradle.launcher.daemon.bootstrap.GradleDaemon 2.2.1 /home/cloud/.gradle/daemon 10800000 5124bee9-8ba2-4a86-bea9-b4dfacb733aa -XX:MaxPermSize=256m -XX:+HeapDumpOnOutOfMemoryError -Xmx1024m -Dfile.encoding=UTF-8 -Duser.country=US -Duser.language=en -Duser.variant
Launcher Type: SUN_STANDARD

Environment Variables:
CLASSPATH=./../lib/bootstrap.jar:./../lib/extensions.jar:./../lib/util.jar:./../lib/jdom.jar:./../lib/log4j.jar:./../lib/trove4j.jar:./../lib/jna.jar:/usr/lib/jvm/java-7-openjdk-amd64/lib/tools.jar
PATH=/usr/local/sbin:/usr/local/bin:/usr/sbin:/usr/bin:/sbin:/bin:/usr/games:/usr/local/games:/home/cloud/android-sdk-linux/tools:/home/cloud/android-sdk-linux/tools:/home/cloud/android-sdk-linux/platform-tools:/home/cloud/Android
LD_LIBRARY_PATH=.:
SHELL=/bin/bash
DISPLAY=:0

Signal Handlers:
SIGSEGV: [libjvm.so+0x94b4b0], sa_mask[0]=0x7ffbfeff, sa_flags=0x10000004
SIGBUS: [libjvm.so+0x94b4b0], sa_mask[0]=0x7ffbfeff, sa_flags=0x10000004
SIGFPE: [libjvm.so+0x7c3390], sa_mask[0]=0x7ffbfeff, sa_flags=0x10000004
SIGPIPE: [libjvm.so+0x7c3390], sa_mask[0]=0x7ffbfeff, sa_flags=0x10000004
SIGXFSZ: [libjvm.so+0x7c3390], sa_mask[0]=0x7ffbfeff, sa_flags=0x10000004
SIGILL: [libjvm.so+0x7c3390], sa_mask[0]=0x7ffbfeff, sa_flags=0x10000004
SIGUSR1: SIG_DFL, sa_mask[0]=0x00000000, sa_flags=0x00000000
SIGUSR2: [libjvm.so+0x7c3230], sa_mask[0]=0x00000004, sa_flags=0x10000004
SIGHUP: [libjvm.so+0x7c3410], sa_mask[0]=0x7ffbfeff, sa_flags=0x10000004
SIGINT: [libjvm.so+0x7c3410], sa_mask[0]=0x7ffbfeff, sa_flags=0x10000004
SIGTERM: [libjvm.so+0x7c3410], sa_mask[0]=0x7ffbfeff, sa_flags=0x10000004
SIGQUIT: [libjvm.so+0x7c3410], sa_mask[0]=0x7ffbfeff, sa_flags=0x10000004
SIGTRAP: SIG_DFL, sa_mask[0]=0x00000000, sa_flags=0x00000000


---------------  S Y S T E M  ---------------

OS:Ubuntu 14.04 (trusty)
uname:Linux 3.13.0-45-generic #74-Ubuntu SMP Tue Jan 13 19:36:28 UTC 2015 x86_64
libc:glibc 2.19 NPTL 2.19 
rlimit: STACK 8192k, CORE 0k, NPROC 23307, NOFILE 4096, AS infinity
load average:2.28 0.89 0.43

/proc/meminfo:
MemTotal:        3005044 kB
MemFree:           64056 kB
Buffers:             736 kB
Cached:            66648 kB
SwapCached:            0 kB
Active:          2637704 kB
Inactive:          46240 kB
Active(anon):    2628228 kB
Inactive(anon):    26796 kB
Active(file):       9476 kB
Inactive(file):    19444 kB
Unevictable:          32 kB
Mlocked:              32 kB
SwapTotal:             0 kB
SwapFree:              0 kB
Dirty:              6268 kB
Writeback:             0 kB
AnonPages:       2616796 kB
Mapped:            46420 kB
Shmem:             38268 kB
Slab:              93492 kB
SReclaimable:      27040 kB
SUnreclaim:        66452 kB
KernelStack:        5176 kB
PageTables:        38340 kB
NFS_Unstable:          0 kB
Bounce:                0 kB
WritebackTmp:          0 kB
CommitLimit:     1502520 kB
Committed_AS:    6926728 kB
VmallocTotal:   34359738367 kB
VmallocUsed:      292656 kB
VmallocChunk:   34359362220 kB
HardwareCorrupted:     0 kB
AnonHugePages:   1013760 kB
HugePages_Total:       0
HugePages_Free:        0
HugePages_Rsvd:        0
HugePages_Surp:        0
Hugepagesize:       2048 kB
DirectMap4k:       70572 kB
DirectMap2M:     2998272 kB


CPU:total 4 (2 cores per cpu, 2 threads per core) family 6 model 37 stepping 2, cmov, cx8, fxsr, mmx, sse, sse2, sse3, ssse3, sse4.1, sse4.2, popcnt, aes, ht, tsc, tscinvbit

/proc/cpuinfo:
processor	: 0
vendor_id	: GenuineIntel
cpu family	: 6
model		: 37
model name	: Intel(R) Core(TM) i5 CPU       M 540  @ 2.53GHz
stepping	: 2
microcode	: 0x9
cpu MHz		: 2534.000
cache size	: 3072 KB
physical id	: 0
siblings	: 4
core id		: 0
cpu cores	: 2
apicid		: 0
initial apicid	: 0
fpu		: yes
fpu_exception	: yes
cpuid level	: 11
wp		: yes
flags		: fpu vme de pse tsc msr pae mce cx8 apic sep mtrr pge mca cmov pat pse36 clflush dts acpi mmx fxsr sse sse2 ss ht tm pbe syscall nx rdtscp lm constant_tsc arch_perfmon pebs bts rep_good nopl xtopology nonstop_tsc aperfmperf pni pclmulqdq dtes64 monitor ds_cpl vmx smx est tm2 ssse3 cx16 xtpr pdcm sse4_1 sse4_2 popcnt aes lahf_lm ida arat dtherm tpr_shadow vnmi flexpriority ept vpid
bogomips	: 5053.86
clflush size	: 64
cache_alignment	: 64
address sizes	: 36 bits physical, 48 bits virtual
power management:

processor	: 1
vendor_id	: GenuineIntel
cpu family	: 6
model		: 37
model name	: Intel(R) Core(TM) i5 CPU       M 540  @ 2.53GHz
stepping	: 2
microcode	: 0x9
cpu MHz		: 2534.000
cache size	: 3072 KB
physical id	: 0
siblings	: 4
core id		: 2
cpu cores	: 2
apicid		: 4
initial apicid	: 4
fpu		: yes
fpu_exception	: yes
cpuid level	: 11
wp		: yes
flags		: fpu vme de pse tsc msr pae mce cx8 apic sep mtrr pge mca cmov pat pse36 clflush dts acpi mmx fxsr sse sse2 ss ht tm pbe syscall nx rdtscp lm constant_tsc arch_perfmon pebs bts rep_good nopl xtopology nonstop_tsc aperfmperf pni pclmulqdq dtes64 monitor ds_cpl vmx smx est tm2 ssse3 cx16 xtpr pdcm sse4_1 sse4_2 popcnt aes lahf_lm ida arat dtherm tpr_shadow vnmi flexpriority ept vpid
bogomips	: 5053.86
clflush size	: 64
cache_alignment	: 64
address sizes	: 36 bits physical, 48 bits virtual
power management:

processor	: 2
vendor_id	: GenuineIntel
cpu family	: 6
model		: 37
model name	: Intel(R) Core(TM) i5 CPU       M 540  @ 2.53GHz
stepping	: 2
microcode	: 0x9
cpu MHz		: 1199.000
cache size	: 3072 KB
physical id	: 0
siblings	: 4
core id		: 0
cpu cores	: 2
apicid		: 1
initial apicid	: 1
fpu		: yes
fpu_exception	: yes
cpuid level	: 11
wp		: yes
flags		: fpu vme de pse tsc msr pae mce cx8 apic sep mtrr pge mca cmov pat pse36 clflush dts acpi mmx fxsr sse sse2 ss ht tm pbe syscall nx rdtscp lm constant_tsc arch_perfmon pebs bts rep_good nopl xtopology nonstop_tsc aperfmperf pni pclmulqdq dtes64 monitor ds_cpl vmx smx est tm2 ssse3 cx16 xtpr pdcm sse4_1 sse4_2 popcnt aes lahf_lm ida arat dtherm tpr_shadow vnmi flexpriority ept vpid
bogomips	: 5053.86
clflush size	: 64
cache_alignment	: 64
address sizes	: 36 bits physical, 48 bits virtual
power management:

processor	: 3
vendor_id	: GenuineIntel
cpu family	: 6
model		: 37
model name	: Intel(R) Core(TM) i5 CPU       M 540  @ 2.53GHz
stepping	: 2
microcode	: 0x9
cpu MHz		: 2534.000
cache size	: 3072 KB
physical id	: 0
siblings	: 4
core id		: 2
cpu cores	: 2
apicid		: 5
initial apicid	: 5
fpu		: yes
fpu_exception	: yes
cpuid level	: 11
wp		: yes
flags		: fpu vme de pse tsc msr pae mce cx8 apic sep mtrr pge mca cmov pat pse36 clflush dts acpi mmx fxsr sse sse2 ss ht tm pbe syscall nx rdtscp lm constant_tsc arch_perfmon pebs bts rep_good nopl xtopology nonstop_tsc aperfmperf pni pclmulqdq dtes64 monitor ds_cpl vmx smx est tm2 ssse3 cx16 xtpr pdcm sse4_1 sse4_2 popcnt aes lahf_lm ida arat dtherm tpr_shadow vnmi flexpriority ept vpid
bogomips	: 5053.86
clflush size	: 64
cache_alignment	: 64
address sizes	: 36 bits physical, 48 bits virtual
power management:



Memory: 4k page, physical 3005044k(64056k free), swap 0k(0k free)

vm_info: OpenJDK 64-Bit Server VM (24.75-b04) for linux-amd64 JRE (1.7.0_75-b13), built on Jan 27 2015 00:38:59 by "buildd" with gcc 4.8.2

time: Sun Feb 15 17:03:18 2015
elapsed time: 35 seconds

