#
# There is insufficient memory for the Java Runtime Environment to continue.
# Native memory allocation (malloc) failed to allocate 52953088 bytes for committing reserved memory.
# Possible reasons:
#   The system is out of physical RAM or swap space
#   In 32 bit mode, the process size limit was hit
# Possible solutions:
#   Reduce memory load on the system
#   Increase physical memory or swap space
#   Check if swap backing store is full
#   Use 64 bit Java on a 64 bit OS
#   Decrease Java heap size (-Xmx/-Xms)
#   Decrease number of Java threads
#   Decrease Java thread stack sizes (-Xss)
#   Set larger code cache with -XX:ReservedCodeCacheSize=
# This output file may be truncated or incomplete.
#
#  Out of Memory Error (os_linux.cpp:2798), pid=5090, tid=140586439919360
#
# JRE version: OpenJDK Runtime Environment (7.0_75-b13) (build 1.7.0_75-b13)
# Java VM: OpenJDK 64-Bit Server VM (24.75-b04 mixed mode linux-amd64 compressed oops)
# Derivative: IcedTea 2.5.4
# Distribution: Ubuntu 14.04 LTS, package 7u75-2.5.4-1~trusty1
# Failed to write core dump. Core dumps have been disabled. To enable core dumping, try "ulimit -c unlimited" before starting Java again
#

---------------  T H R E A D  ---------------

Current thread (0x00007fdcd8075800):  VMThread [stack: 0x00007fdcd4bfc000,0x00007fdcd4cfd000] [id=5097]

Stack: [0x00007fdcd4bfc000,0x00007fdcd4cfd000],  sp=0x00007fdcd4cfb490,  free space=1021k
Native frames: (J=compiled Java code, j=interpreted, Vv=VM code, C=native code)
V  [libjvm.so+0x94a9d5]  VMError::report_and_die()+0x175
V  [libjvm.so+0x48b954]  report_vm_out_of_memory(char const*, int, unsigned long, char const*)+0x74
V  [libjvm.so+0x7c7b7b]  os::pd_commit_memory(char*, unsigned long, unsigned long, bool)+0xeb
V  [libjvm.so+0x7c263f]  os::commit_memory(char*, unsigned long, unsigned long, bool)+0x1f
V  [libjvm.so+0x834b1b]  PSVirtualSpace::expand_by(unsigned long)+0x5b
V  [libjvm.so+0x82486b]  PSOldGen::expand_by(unsigned long) [clone .part.80]+0x1b
V  [libjvm.so+0x824a2b]  PSOldGen::expand(unsigned long) [clone .part.81]+0xdb
V  [libjvm.so+0x825958]  PSOldGen::resize(unsigned long)+0x188
V  [libjvm.so+0x82ca24]  PSParallelCompact::invoke_no_policy(bool)+0x9c4
V  [libjvm.so+0x832c5d]  PSScavenge::invoke()+0x17d
V  [libjvm.so+0x7e9203]  ParallelScavengeHeap::failed_mem_allocate(unsigned long)+0x63
V  [libjvm.so+0x94c3d4]  VM_ParallelGCFailedAllocation::doit()+0x84
V  [libjvm.so+0x9508d7]  VM_Operation::evaluate()+0x47
V  [libjvm.so+0x94f248]  VMThread::evaluate_operation(VM_Operation*)+0x318
V  [libjvm.so+0x94f6a9]  VMThread::loop()+0x219
V  [libjvm.so+0x94faf2]  VMThread::run()+0x72
V  [libjvm.so+0x7c4a42]  java_start(Thread*)+0xf2

VM_Operation (0x00007fdcc770ead0): ParallelGCFailedAllocation, mode: safepoint, requested by thread 0x00007fdc9400c000


---------------  P R O C E S S  ---------------

Java Threads: ( => current thread )
  0x00007fdc74003800 JavaThread "Stdin handler" [_thread_blocked, id=6092, stack(0x00007fdcc730f000,0x00007fdcc7410000)]
  0x00007fdc9400c000 JavaThread "Daemon worker Thread 6" [_thread_blocked, id=6089, stack(0x00007fdcc7612000,0x00007fdcc7713000)]
  0x00007fdc944e5000 JavaThread "Cancel handler" [_thread_blocked, id=6088, stack(0x00007fdcc7410000,0x00007fdcc7511000)]
  0x00007fdc9435a800 JavaThread "Handler for socket connection from /127.0.0.1:46536 to /127.0.0.1:33088" [_thread_in_native, id=6087, stack(0x00007fdcc7713000,0x00007fdcc7814000)]
  0x00007fdc9c029800 JavaThread "Daemon Thread 6" [_thread_blocked, id=6086, stack(0x00007fdcc7511000,0x00007fdcc7612000)]
  0x00007fdc8c4ba800 JavaThread "File lock request listener" [_thread_in_native, id=5117, stack(0x00007fdcc71a4000,0x00007fdcc72a5000)]
  0x00007fdcd89fd800 JavaThread "Incoming local TCP Connector on port 46536" [_thread_in_native, id=5105, stack(0x00007fdcc7814000,0x00007fdcc7915000)]
  0x00007fdcd80af000 JavaThread "Service Thread" daemon [_thread_blocked, id=5103, stack(0x00007fdccd6ff000,0x00007fdccd800000)]
  0x00007fdcd80ac800 JavaThread "C2 CompilerThread1" daemon [_thread_blocked, id=5102, stack(0x00007fdcd4015000,0x00007fdcd4116000)]
  0x00007fdcd80a9800 JavaThread "C2 CompilerThread0" daemon [_thread_blocked, id=5101, stack(0x00007fdcd4116000,0x00007fdcd4217000)]
  0x00007fdcd80a7800 JavaThread "Signal Dispatcher" daemon [_thread_blocked, id=5100, stack(0x00007fdcd4217000,0x00007fdcd4318000)]
  0x00007fdcd807c000 JavaThread "Finalizer" daemon [_thread_blocked, id=5099, stack(0x00007fdcd49fa000,0x00007fdcd4afb000)]
  0x00007fdcd807a000 JavaThread "Reference Handler" daemon [_thread_blocked, id=5098, stack(0x00007fdcd4afb000,0x00007fdcd4bfc000)]
  0x00007fdcd800a800 JavaThread "main" [_thread_blocked, id=5092, stack(0x00007fdce0eef000,0x00007fdce0ff0000)]

Other Threads:
=>0x00007fdcd8075800 VMThread [stack: 0x00007fdcd4bfc000,0x00007fdcd4cfd000] [id=5097]
  0x00007fdcd80b9800 WatcherThread [stack: 0x00007fdccd5fe000,0x00007fdccd6ff000] [id=5104]

VM state:at safepoint (normal execution)

VM Mutex/Monitor currently owned by a thread:  ([mutex/lock_event])
[0x00007fdcd8006380] ExpandHeap_lock - owner thread: 0x00007fdcd8075800
[0x00007fdcd8006a00] Threads_lock - owner thread: 0x00007fdcd8075800
[0x00007fdcd8006f00] Heap_lock - owner thread: 0x00007fdc9400c000

Heap
 PSYoungGen      total 293888K, used 19478K [0x00000000eaa80000, 0x00000000ff080000, 0x0000000100000000)
  eden space 254976K, 7% used [0x00000000eaa80000,0x00000000ebd85970,0x00000000fa380000)
  from space 38912K, 0% used [0x00000000fca80000,0x00000000fca80000,0x00000000ff080000)
  to   space 39424K, 0% used [0x00000000fa380000,0x00000000fa380000,0x00000000fca00000)
 ParOldGen       total 100864K, used 100820K [0x00000000c0000000, 0x00000000c6280000, 0x00000000eaa80000)
  object space 100864K, 99% used [0x00000000c0000000,0x00000000c6275160,0x00000000c6280000)
 PSPermGen       total 122368K, used 98934K [0x00000000b0000000, 0x00000000b7780000, 0x00000000c0000000)
  object space 122368K, 80% used [0x00000000b0000000,0x00000000b609dbf8,0x00000000b7780000)

Card table byte_map: [0x00007fdcdd8b3000,0x00007fdcddb34000] byte_map_base: 0x00007fdcdd333000

Polling page: 0x00007fdce1012000

Code Cache  [0x00007fdcd5000000, 0x00007fdcd56c0000, 0x00007fdcd8000000)
 total_blobs=2219 nmethods=1604 adapters=568 free_code_cache=42378Kb largest_free_block=43313856

Compilation events (10 events):
Event: 2244.035 Thread 0x00007fdcd80a9800 1748             groovyjarjarantlr.ASTFactory::addASTChild (59 bytes)
Event: 2244.040 Thread 0x00007fdcd80a9800 nmethod 1748 0x00007fdcd56add10 code [0x00007fdcd56ade80, 0x00007fdcd56ae078]
Event: 2244.286 Thread 0x00007fdcd80ac800 1749             java.io.ObjectStreamClass::forClass (48 bytes)
Event: 2244.287 Thread 0x00007fdcd80ac800 nmethod 1749 0x00007fdcd568d110 code [0x00007fdcd568d260, 0x00007fdcd568d2f8]
Event: 2244.358 Thread 0x00007fdcd80a9800 1750             org.gradle.internal.service.DefaultServiceRegistry$OwnServices::getAll (47 bytes)
Event: 2244.362 Thread 0x00007fdcd80a9800 nmethod 1750 0x00007fdcd56ad610 code [0x00007fdcd56ad780, 0x00007fdcd56ad9d8]
Event: 2244.424 Thread 0x00007fdcd80ac800 1751             org.apache.ivy.core.module.id.ModuleRevisionId::getModuleId (5 bytes)
Event: 2244.425 Thread 0x00007fdcd80ac800 nmethod 1751 0x00007fdcd56a8390 code [0x00007fdcd56a84c0, 0x00007fdcd56a8518]
Event: 2244.601 Thread 0x00007fdcd80a9800 1752             org.gradle.api.internal.artifacts.ivyservice.ivyresolve.parser.PomReader::access$000 (6 bytes)
Event: 2244.602 Thread 0x00007fdcd80a9800 nmethod 1752 0x00007fdcd568c550 code [0x00007fdcd568c6a0, 0x00007fdcd568c728]

GC Heap History (10 events):
Event: 1324.938 GC heap after
Heap after GC invocations=25 (full 5):
 PSYoungGen      total 284672K, used 21544K [0x00000000eaa80000, 0x00000000fe580000, 0x0000000100000000)
  eden space 254976K, 0% used [0x00000000eaa80000,0x00000000eaa80000,0x00000000fa380000)
  from space 29696K, 72% used [0x00000000fc880000,0x00000000fdd8a050,0x00000000fe580000)
  to   space 33792K, 0% used [0x00000000fa380000,0x00000000fa380000,0x00000000fc480000)
 ParOldGen       total 100864K, used 59830K [0x00000000c0000000, 0x00000000c6280000, 0x00000000eaa80000)
  object space 100864K, 59% used [0x00000000c0000000,0x00000000c3a6d948,0x00000000c6280000)
 PSPermGen       total 104960K, used 75688K [0x00000000b0000000, 0x00000000b6680000, 0x00000000c0000000)
  object space 104960K, 72% used [0x00000000b0000000,0x00000000b49ea088,0x00000000b6680000)
}
Event: 1330.340 GC heap before
{Heap before GC invocations=26 (full 5):
 PSYoungGen      total 284672K, used 227598K [0x00000000eaa80000, 0x00000000fe580000, 0x0000000100000000)
  eden space 254976K, 80% used [0x00000000eaa80000,0x00000000f73b9ac0,0x00000000fa380000)
  from space 29696K, 72% used [0x00000000fc880000,0x00000000fdd8a050,0x00000000fe580000)
  to   space 33792K, 0% used [0x00000000fa380000,0x00000000fa380000,0x00000000fc480000)
 ParOldGen       total 100864K, used 59830K [0x00000000c0000000, 0x00000000c6280000, 0x00000000eaa80000)
  object space 100864K, 59% used [0x00000000c0000000,0x00000000c3a6d948,0x00000000c6280000)
 PSPermGen       total 104960K, used 83605K [0x00000000b0000000, 0x00000000b6680000, 0x00000000c0000000)
  object space 104960K, 79% used [0x00000000b0000000,0x00000000b51a57c8,0x00000000b6680000)
Event: 1330.383 GC heap after
Heap after GC invocations=26 (full 5):
 PSYoungGen      total 288768K, used 33784K [0x00000000eaa80000, 0x00000000ff180000, 0x0000000100000000)
  eden space 254976K, 0% used [0x00000000eaa80000,0x00000000eaa80000,0x00000000fa380000)
  from space 33792K, 99% used [0x00000000fa380000,0x00000000fc47e330,0x00000000fc480000)
  to   space 39936K, 0% used [0x00000000fca80000,0x00000000fca80000,0x00000000ff180000)
 ParOldGen       total 100864K, used 60857K [0x00000000c0000000, 0x00000000c6280000, 0x00000000eaa80000)
  object space 100864K, 60% used [0x00000000c0000000,0x00000000c3b6e690,0x00000000c6280000)
 PSPermGen       total 104960K, used 83605K [0x00000000b0000000, 0x00000000b6680000, 0x00000000c0000000)
  object space 104960K, 79% used [0x00000000b0000000,0x00000000b51a57c8,0x00000000b6680000)
}
Event: 1330.383 GC heap before
{Heap before GC invocations=27 (full 6):
 PSYoungGen      total 288768K, used 33784K [0x00000000eaa80000, 0x00000000ff180000, 0x0000000100000000)
  eden space 254976K, 0% used [0x00000000eaa80000,0x00000000eaa80000,0x00000000fa380000)
  from space 33792K, 99% used [0x00000000fa380000,0x00000000fc47e330,0x00000000fc480000)
  to   space 39936K, 0% used [0x00000000fca80000,0x00000000fca80000,0x00000000ff180000)
 ParOldGen       total 100864K, used 60857K [0x00000000c0000000, 0x00000000c6280000, 0x00000000eaa80000)
  object space 100864K, 60% used [0x00000000c0000000,0x00000000c3b6e690,0x00000000c6280000)
 PSPermGen       total 104960K, used 83605K [0x00000000b0000000, 0x00000000b6680000, 0x00000000c0000000)
  object space 104960K, 79% used [0x00000000b0000000,0x00000000b51a57c8,0x00000000b6680000)
Event: 1331.076 GC heap after
Heap after GC invocations=27 (full 6):
 PSYoungGen      total 288768K, used 0K [0x00000000eaa80000, 0x00000000ff180000, 0x0000000100000000)
  eden space 254976K, 0% used [0x00000000eaa80000,0x00000000eaa80000,0x00000000fa380000)
  from space 33792K, 0% used [0x00000000fa380000,0x00000000fa380000,0x00000000fc480000)
  to   space 39936K, 0% used [0x00000000fca80000,0x00000000fca80000,0x00000000ff180000)
 ParOldGen       total 100864K, used 90875K [0x00000000c0000000, 0x00000000c6280000, 0x00000000eaa80000)
  object space 100864K, 90% used [0x00000000c0000000,0x00000000c58bef48,0x00000000c6280000)
 PSPermGen       total 116736K, used 83528K [0x00000000b0000000, 0x00000000b7200000, 0x00000000c0000000)
  object space 116736K, 71% used [0x00000000b0000000,0x00000000b5192040,0x00000000b7200000)
}
Event: 1582.029 GC heap before
{Heap before GC invocations=28 (full 6):
 PSYoungGen      total 288768K, used 221446K [0x00000000eaa80000, 0x00000000ff180000, 0x0000000100000000)
  eden space 254976K, 86% used [0x00000000eaa80000,0x00000000f82c1be0,0x00000000fa380000)
  from space 33792K, 0% used [0x00000000fa380000,0x00000000fa380000,0x00000000fc480000)
  to   space 39936K, 0% used [0x00000000fca80000,0x00000000fca80000,0x00000000ff180000)
 ParOldGen       total 100864K, used 90875K [0x00000000c0000000, 0x00000000c6280000, 0x00000000eaa80000)
  object space 100864K, 90% used [0x00000000c0000000,0x00000000c58bef48,0x00000000c6280000)
 PSPermGen       total 116736K, used 91390K [0x00000000b0000000, 0x00000000b7200000, 0x00000000c0000000)
  object space 116736K, 78% used [0x00000000b0000000,0x00000000b593f860,0x00000000b7200000)
Event: 1582.075 GC heap after
Heap after GC invocations=28 (full 6):
 PSYoungGen      total 293888K, used 20414K [0x00000000eaa80000, 0x00000000ff080000, 0x0000000100000000)
  eden space 254976K, 0% used [0x00000000eaa80000,0x00000000eaa80000,0x00000000fa380000)
  from space 38912K, 52% used [0x00000000fca80000,0x00000000fde6f900,0x00000000ff080000)
  to   space 39424K, 0% used [0x00000000fa380000,0x00000000fa380000,0x00000000fca00000)
 ParOldGen       total 100864K, used 90875K [0x00000000c0000000, 0x00000000c6280000, 0x00000000eaa80000)
  object space 100864K, 90% used [0x00000000c0000000,0x00000000c58bef48,0x00000000c6280000)
 PSPermGen       total 116736K, used 91390K [0x00000000b0000000, 0x00000000b7200000, 0x00000000c0000000)
  object space 116736K, 78% used [0x00000000b0000000,0x00000000b593f860,0x00000000b7200000)
}
Event: 1582.075 GC heap before
{Heap before GC invocations=29 (full 7):
 PSYoungGen      total 293888K, used 20414K [0x00000000eaa80000, 0x00000000ff080000, 0x0000000100000000)
  eden space 254976K, 0% used [0x00000000eaa80000,0x00000000eaa80000,0x00000000fa380000)
  from space 38912K, 52% used [0x00000000fca80000,0x00000000fde6f900,0x00000000ff080000)
  to   space 39424K, 0% used [0x00000000fa380000,0x00000000fa380000,0x00000000fca00000)
 ParOldGen       total 100864K, used 90875K [0x00000000c0000000, 0x00000000c6280000, 0x00000000eaa80000)
  object space 100864K, 90% used [0x00000000c0000000,0x00000000c58bef48,0x00000000c6280000)
 PSPermGen       total 116736K, used 91390K [0x00000000b0000000, 0x00000000b7200000, 0x00000000c0000000)
  object space 116736K, 78% used [0x00000000b0000000,0x00000000b593f860,0x00000000b7200000)
Event: 1582.679 GC heap after
Heap after GC invocations=29 (full 7):
 PSYoungGen      total 293888K, used 3664K [0x00000000eaa80000, 0x00000000ff080000, 0x0000000100000000)
  eden space 254976K, 0% used [0x00000000eaa80000,0x00000000eaa80000,0x00000000fa380000)
  from space 38912K, 9% used [0x00000000fca80000,0x00000000fce141b0,0x00000000ff080000)
  to   space 39424K, 0% used [0x00000000fa380000,0x00000000fa380000,0x00000000fca00000)
 ParOldGen       total 100864K, used 100697K [0x00000000c0000000, 0x00000000c6280000, 0x00000000eaa80000)
  object space 100864K, 99% used [0x00000000c0000000,0x00000000c6256610,0x00000000c6280000)
 PSPermGen       total 122368K, used 91351K [0x00000000b0000000, 0x00000000b7780000, 0x00000000c0000000)
  object space 122368K, 74% used [0x00000000b0000000,0x00000000b5935cd8,0x00000000b7780000)
}
Event: 2244.690 GC heap before
{Heap before GC invocations=30 (full 8):
 PSYoungGen      total 293888K, used 258640K [0x00000000eaa80000, 0x00000000ff080000, 0x0000000100000000)
  eden space 254976K, 100% used [0x00000000eaa80000,0x00000000fa380000,0x00000000fa380000)
  from space 38912K, 9% used [0x00000000fca80000,0x00000000fce141b0,0x00000000ff080000)
  to   space 39424K, 0% used [0x00000000fa380000,0x00000000fa380000,0x00000000fca00000)
 ParOldGen       total 100864K, used 100697K [0x00000000c0000000, 0x00000000c6280000, 0x00000000eaa80000)
  object space 100864K, 99% used [0x00000000c0000000,0x00000000c6256610,0x00000000c6280000)
 PSPermGen       total 122368K, used 98973K [0x00000000b0000000, 0x00000000b7780000, 0x00000000c0000000)
  object space 122368K, 80% used [0x00000000b0000000,0x00000000b60a7638,0x00000000b7780000)

Deoptimization events (10 events):
Event: 1054.185 Thread 0x00007fdc94431000 Uncommon trap: reason=range_check action=make_not_entrant pc=0x00007fdcd54fe814 method=java.lang.Character.codePointAtImpl([CII)I @ 5
Event: 1054.313 Thread 0x00007fdc94431000 Uncommon trap: reason=unreached action=reinterpret pc=0x00007fdcd551014c method=com.sun.tools.javac.code.Symbol$ClassSymbol.members()Lcom/sun/tools/javac/code/Scope; @ 4
Event: 1054.328 Thread 0x00007fdc94431000 Uncommon trap: reason=bimorphic action=maybe_recompile pc=0x00007fdcd5513558 method=com.sun.tools.javac.code.Types$19.visitClassType(Lcom/sun/tools/javac/code/Type$ClassType;Ljava/lang/Void;)Lcom/sun/tools/javac/code/Type; @ 19
Event: 1070.652 Thread 0x00007fdc94431000 Uncommon trap: reason=null_check action=make_not_entrant pc=0x00007fdcd54d04b8 method=groovy.lang.MetaClassImpl.addMetaBeanProperty(Lgroovy/lang/MetaBeanProperty;)V @ 45
Event: 1326.789 Thread 0x00007fdc9400c000 Uncommon trap: reason=array_check action=maybe_recompile pc=0x00007fdcd52bdc78 method=java.util.TimSort.mergeHi(IIII)V @ 91
Event: 1326.828 Thread 0x00007fdc9400c000 Uncommon trap: reason=array_check action=maybe_recompile pc=0x00007fdcd52bdc78 method=java.util.TimSort.mergeHi(IIII)V @ 91
Event: 1326.848 Thread 0x00007fdc9400c000 Uncommon trap: reason=array_check action=maybe_recompile pc=0x00007fdcd52bdc78 method=java.util.TimSort.mergeHi(IIII)V @ 91
Event: 1326.864 Thread 0x00007fdc9400c000 Uncommon trap: reason=array_check action=maybe_recompile pc=0x00007fdcd52bdc78 method=java.util.TimSort.mergeHi(IIII)V @ 91
Event: 1330.102 Thread 0x00007fdc9400c000 Uncommon trap: reason=bimorphic action=maybe_recompile pc=0x00007fdcd5513558 method=com.sun.tools.javac.code.Types$19.visitClassType(Lcom/sun/tools/javac/code/Type$ClassType;Ljava/lang/Void;)Lcom/sun/tools/javac/code/Type; @ 19
Event: 1581.758 Thread 0x00007fdc9400c000 Uncommon trap: reason=bimorphic action=maybe_recompile pc=0x00007fdcd5513558 method=com.sun.tools.javac.code.Types$19.visitClassType(Lcom/sun/tools/javac/code/Type$ClassType;Ljava/lang/Void;)Lcom/sun/tools/javac/code/Type; @ 19

Internal exceptions (10 events):
Event: 2244.368 Thread 0x00007fdc9400c000 Threw 0x00000000f9caf518 at /build/buildd/openjdk-7-7u75-2.5.4/build/openjdk/hotspot/src/share/vm/classfile/systemDictionary.cpp:185
Event: 2244.371 Thread 0x00007fdc9400c000 Threw 0x00000000f9ccb4e8 at /build/buildd/openjdk-7-7u75-2.5.4/build/openjdk/hotspot/src/share/vm/prims/jvm.cpp:1284
Event: 2244.371 Thread 0x00007fdc9400c000 Threw 0x00000000f9ccc160 at /build/buildd/openjdk-7-7u75-2.5.4/build/openjdk/hotspot/src/share/vm/prims/jvm.cpp:1284
Event: 2244.371 Thread 0x00007fdc9400c000 Threw 0x00000000f9cd35b8 at /build/buildd/openjdk-7-7u75-2.5.4/build/openjdk/hotspot/src/share/vm/prims/jvm.cpp:1284
Event: 2244.372 Thread 0x00007fdc9400c000 Threw 0x00000000f9cda700 at /build/buildd/openjdk-7-7u75-2.5.4/build/openjdk/hotspot/src/share/vm/prims/jvm.cpp:1284
Event: 2244.372 Thread 0x00007fdc9400c000 Threw 0x00000000f9cdb408 at /build/buildd/openjdk-7-7u75-2.5.4/build/openjdk/hotspot/src/share/vm/prims/jvm.cpp:1284
Event: 2244.373 Thread 0x00007fdc9400c000 Threw 0x00000000f9ce3438 at /build/buildd/openjdk-7-7u75-2.5.4/build/openjdk/hotspot/src/share/vm/prims/jvm.cpp:1284
Event: 2244.374 Thread 0x00007fdc9400c000 Threw 0x00000000f9ceabe0 at /build/buildd/openjdk-7-7u75-2.5.4/build/openjdk/hotspot/src/share/vm/prims/jvm.cpp:1284
Event: 2244.374 Thread 0x00007fdc9400c000 Threw 0x00000000f9ceb8e8 at /build/buildd/openjdk-7-7u75-2.5.4/build/openjdk/hotspot/src/share/vm/prims/jvm.cpp:1284
Event: 2244.374 Thread 0x00007fdc9400c000 Threw 0x00000000f9cf3918 at /build/buildd/openjdk-7-7u75-2.5.4/build/openjdk/hotspot/src/share/vm/prims/jvm.cpp:1284

Events (10 events):
Event: 2244.368 loading class 0x00007fdc601b8b90 done
Event: 2244.368 loading class 0x00007fdc601b8b90
Event: 2244.368 loading class 0x00007fdc601b8b90 done
Event: 2244.371 loading class 0x00007fdc601cea30
Event: 2244.371 loading class 0x00007fdc601cea30 done
Event: 2244.372 loading class 0x00007fdc601da060
Event: 2244.372 loading class 0x00007fdc601da060 done
Event: 2244.374 loading class 0x00007fdc6002fce0
Event: 2244.374 loading class 0x00007fdc6002fce0 done
Event: 2244.690 Executing VM operation: ParallelGCFailedAllocation


Dynamic libraries:
00400000-00401000 r-xp 00000000 08:03 1264196                            /usr/lib/jvm/java-7-openjdk-amd64/jre/bin/java
00600000-00601000 r--p 00000000 08:03 1264196                            /usr/lib/jvm/java-7-openjdk-amd64/jre/bin/java
00601000-00602000 rw-p 00001000 08:03 1264196                            /usr/lib/jvm/java-7-openjdk-amd64/jre/bin/java
015c9000-015ea000 rw-p 00000000 00:00 0                                  [heap]
b0000000-b7780000 rw-p 00000000 00:00 0 
b7780000-c0000000 rw-p 00000000 00:00 0 
c0000000-c6280000 rw-p 00000000 00:00 0 
c9500000-eaa80000 rw-p 00000000 00:00 0 
eaa80000-ff080000 rw-p 00000000 00:00 0 
ff080000-ff180000 ---p 00000000 00:00 0 
ff180000-100000000 rw-p 00000000 00:00 0 
7fdc50000000-7fdc50021000 rw-p 00000000 00:00 0 
7fdc50021000-7fdc54000000 ---p 00000000 00:00 0 
7fdc58000000-7fdc58021000 rw-p 00000000 00:00 0 
7fdc58021000-7fdc5c000000 ---p 00000000 00:00 0 
7fdc5c000000-7fdc5c021000 rw-p 00000000 00:00 0 
7fdc5c021000-7fdc60000000 ---p 00000000 00:00 0 
7fdc60000000-7fdc6065a000 rw-p 00000000 00:00 0 
7fdc6065a000-7fdc64000000 ---p 00000000 00:00 0 
7fdc64000000-7fdc64021000 rw-p 00000000 00:00 0 
7fdc64021000-7fdc68000000 ---p 00000000 00:00 0 
7fdc68000000-7fdc6867c000 rw-p 00000000 00:00 0 
7fdc6867c000-7fdc6c000000 ---p 00000000 00:00 0 
7fdc6c000000-7fdc6c021000 rw-p 00000000 00:00 0 
7fdc6c021000-7fdc70000000 ---p 00000000 00:00 0 
7fdc70000000-7fdc70021000 rw-p 00000000 00:00 0 
7fdc70021000-7fdc74000000 ---p 00000000 00:00 0 
7fdc74000000-7fdc74506000 rw-p 00000000 00:00 0 
7fdc74506000-7fdc78000000 ---p 00000000 00:00 0 
7fdc78000000-7fdc78021000 rw-p 00000000 00:00 0 
7fdc78021000-7fdc7c000000 ---p 00000000 00:00 0 
7fdc7c000000-7fdc7c021000 rw-p 00000000 00:00 0 
7fdc7c021000-7fdc80000000 ---p 00000000 00:00 0 
7fdc80000000-7fdc80021000 rw-p 00000000 00:00 0 
7fdc80021000-7fdc84000000 ---p 00000000 00:00 0 
7fdc84000000-7fdc84021000 rw-p 00000000 00:00 0 
7fdc84021000-7fdc88000000 ---p 00000000 00:00 0 
7fdc88000000-7fdc88021000 rw-p 00000000 00:00 0 
7fdc88021000-7fdc8c000000 ---p 00000000 00:00 0 
7fdc8c000000-7fdc8cbce000 rw-p 00000000 00:00 0 
7fdc8cbce000-7fdc90000000 ---p 00000000 00:00 0 
7fdc90000000-7fdc90021000 rw-p 00000000 00:00 0 
7fdc90021000-7fdc94000000 ---p 00000000 00:00 0 
7fdc94000000-7fdc9481d000 rw-p 00000000 00:00 0 
7fdc9481d000-7fdc98000000 ---p 00000000 00:00 0 
7fdc98000000-7fdc98021000 rw-p 00000000 00:00 0 
7fdc98021000-7fdc9c000000 ---p 00000000 00:00 0 
7fdc9c000000-7fdc9c02f000 rw-p 00000000 00:00 0 
7fdc9c02f000-7fdca0000000 ---p 00000000 00:00 0 
7fdca0000000-7fdca1cb4000 rw-p 00000000 00:00 0 
7fdca1cb4000-7fdca4000000 ---p 00000000 00:00 0 
7fdca4000000-7fdca4021000 rw-p 00000000 00:00 0 
7fdca4021000-7fdca8000000 ---p 00000000 00:00 0 
7fdca8000000-7fdca8021000 rw-p 00000000 00:00 0 
7fdca8021000-7fdcac000000 ---p 00000000 00:00 0 
7fdcac000000-7fdcadee3000 rw-p 00000000 00:00 0 
7fdcadee3000-7fdcb0000000 ---p 00000000 00:00 0 
7fdcb0000000-7fdcb0021000 rw-p 00000000 00:00 0 
7fdcb0021000-7fdcb4000000 ---p 00000000 00:00 0 
7fdcb4000000-7fdcb4021000 rw-p 00000000 00:00 0 
7fdcb4021000-7fdcb8000000 ---p 00000000 00:00 0 
7fdcb8000000-7fdcb8059000 rw-p 00000000 00:00 0 
7fdcb8059000-7fdcbc000000 ---p 00000000 00:00 0 
7fdcbc000000-7fdcbc300000 rw-p 00000000 00:00 0 
7fdcbc300000-7fdcc0000000 ---p 00000000 00:00 0 
7fdcc0000000-7fdcc005f000 rw-p 00000000 00:00 0 
7fdcc005f000-7fdcc4000000 ---p 00000000 00:00 0 
7fdcc63f8000-7fdcc63f9000 rw-p 00000000 00:00 0 
7fdcc63f9000-7fdcc63fc000 ---p 00000000 00:00 0 
7fdcc63fc000-7fdcc64fa000 rw-p 00000000 00:00 0 
7fdcc64fa000-7fdcc64fd000 ---p 00000000 00:00 0 
7fdcc64fd000-7fdcc65fb000 rw-p 00000000 00:00 0 
7fdcc65fb000-7fdcc65fe000 ---p 00000000 00:00 0 
7fdcc65fe000-7fdcc6634000 rw-p 00000000 00:00 0 
7fdcc6634000-7fdcc6637000 ---p 00000000 00:00 0 
7fdcc6637000-7fdcc6735000 rw-p 00000000 00:00 0 
7fdcc6735000-7fdcc6738000 ---p 00000000 00:00 0 
7fdcc6738000-7fdcc6836000 rw-p 00000000 00:00 0 
7fdcc6836000-7fdcc6839000 ---p 00000000 00:00 0 
7fdcc6839000-7fdcc6937000 rw-p 00000000 00:00 0 
7fdcc6937000-7fdcc693a000 ---p 00000000 00:00 0 
7fdcc693a000-7fdcc6a38000 rw-p 00000000 00:00 0 
7fdcc6a38000-7fdcc6a3b000 ---p 00000000 00:00 0 
7fdcc6a3b000-7fdcc6b39000 rw-p 00000000 00:00 0 
7fdcc6b39000-7fdcc6b3c000 ---p 00000000 00:00 0 
7fdcc6b3c000-7fdcc6c3a000 rw-p 00000000 00:00 0 
7fdcc6c3a000-7fdcc6c3d000 ---p 00000000 00:00 0 
7fdcc6c3d000-7fdcc6c73000 rw-p 00000000 00:00 0 
7fdcc6c73000-7fdcc6c76000 ---p 00000000 00:00 0 
7fdcc6c76000-7fdcc6cac000 rw-p 00000000 00:00 0 
7fdcc6cac000-7fdcc6caf000 ---p 00000000 00:00 0 
7fdcc6caf000-7fdcc6dad000 rw-p 00000000 00:00 0 
7fdcc6dad000-7fdcc6db0000 ---p 00000000 00:00 0 
7fdcc6db0000-7fdcc6eae000 rw-p 00000000 00:00 0 
7fdcc6eae000-7fdcc6eb1000 ---p 00000000 00:00 0 
7fdcc6eb1000-7fdcc6faf000 rw-p 00000000 00:00 0 
7fdcc6faf000-7fdcc6fb2000 ---p 00000000 00:00 0 
7fdcc6fb2000-7fdcc70b0000 rw-p 00000000 00:00 0 
7fdcc70b0000-7fdcc70b2000 r--s 0000d000 08:03 1409822                    /home/cloud/Android Studio/gradle/m2repository/commons-codec/commons-codec/1.4/commons-codec-1.4.jar
7fdcc70b2000-7fdcc70b4000 r--s 0000d000 08:03 1409582                    /home/cloud/Android Studio/gradle/m2repository/commons-logging/commons-logging/1.1.1/commons-logging-1.1.1.jar
7fdcc70b4000-7fdcc70b9000 r--s 00028000 08:03 1409616                    /home/cloud/Android Studio/gradle/m2repository/org/apache/httpcomponents/httpcore/4.1/httpcore-4.1.jar
7fdcc70b9000-7fdcc70bb000 r--s 00004000 08:03 1409681                    /home/cloud/Android Studio/gradle/m2repository/org/ow2/asm/asm-tree/4.0/asm-tree-4.0.jar
7fdcc70bb000-7fdcc70c4000 r--s 000a7000 08:03 1409735                    /home/cloud/Android Studio/gradle/m2repository/com/android/tools/external/lombok/lombok-ast/0.2.2/lombok-ast-0.2.2.jar
7fdcc70c4000-7fdcc70c6000 r--s 0000a000 08:03 1409678                    /home/cloud/Android Studio/gradle/m2repository/org/ow2/asm/asm/4.0/asm-4.0.jar
7fdcc70c6000-7fdcc70c7000 r--s 0000a000 08:03 1409818                    /home/cloud/Android Studio/gradle/m2repository/net/sf/kxml/kxml2/2.3.0/kxml2-2.3.0.jar
7fdcc70c7000-7fdcc70f2000 r--s 001f9000 08:03 1409706                    /home/cloud/Android Studio/gradle/m2repository/com/google/guava/guava/17.0/guava-17.0.jar
7fdcc70f2000-7fdcc70f9000 r--s 00053000 08:03 1409633                    /home/cloud/Android Studio/gradle/m2repository/org/apache/commons/commons-compress/1.8.1/commons-compress-1.8.1.jar
7fdcc70f9000-7fdcc70fc000 r--s 00011000 08:03 1409740                    /home/cloud/Android Studio/gradle/m2repository/com/android/tools/layoutlib/layoutlib-api/24.0.0/layoutlib-api-24.0.0.jar
7fdcc70fc000-7fdcc70fe000 r--s 00005000 08:03 1409609                    /home/cloud/Android Studio/gradle/m2repository/org/apache/httpcomponents/httpmime/4.1/httpmime-4.1.jar
7fdcc70fe000-7fdcc7106000 r--s 0004e000 08:03 1409625                    /home/cloud/Android Studio/gradle/m2repository/org/apache/httpcomponents/httpclient/4.1.1/httpclient-4.1.1.jar
7fdcc7106000-7fdcc7107000 r--s 00005000 08:03 1409751                    /home/cloud/Android Studio/gradle/m2repository/com/android/tools/dvlib/24.0.0/dvlib-24.0.0.jar
7fdcc7107000-7fdcc7108000 r--s 00004000 08:03 1409670                    /home/cloud/Android Studio/gradle/m2repository/org/ow2/asm/asm-analysis/4.0/asm-analysis-4.0.jar
7fdcc7108000-7fdcc710b000 r--s 00029000 08:03 1409727                    /home/cloud/Android Studio/gradle/m2repository/com/android/tools/lint/lint-api/24.0.0/lint-api-24.0.0.jar
7fdcc710b000-7fdcc711b000 r--s 000d3000 08:03 1409800                    /home/cloud/Android Studio/gradle/m2repository/net/sf/proguard/proguard-base/5.1/proguard-base-5.1.jar
7fdcc711b000-7fdcc7129000 r--s 00081000 08:03 1409651                    /home/cloud/Android Studio/gradle/m2repository/org/bouncycastle/bcpkix-jdk15on/1.48/bcpkix-jdk15on-1.48.jar
7fdcc7129000-7fdcc712b000 r--s 00003000 08:03 1409771                    /home/cloud/Android Studio/gradle/m2repository/com/android/tools/build/builder-model/1.0.0/builder-model-1.0.0.jar
7fdcc712b000-7fdcc712e000 r--s 00029000 08:03 1409788                    /home/cloud/Android Studio/gradle/m2repository/com/android/tools/build/manifest-merger/24.0.0/manifest-merger-24.0.0.jar
7fdcc712e000-7fdcc7133000 r--s 00042000 08:03 1409761                    /home/cloud/Android Studio/gradle/m2repository/com/android/tools/ddms/ddmlib/24.0.0/ddmlib-24.0.0.jar
7fdcc7133000-7fdcc7134000 r--s 00000000 08:03 1409778                    /home/cloud/Android Studio/gradle/m2repository/com/android/tools/build/builder-test-api/1.0.0/builder-test-api-1.0.0.jar
7fdcc7134000-7fdcc7136000 r--s 00002000 08:03 1409696                    /home/cloud/Android Studio/gradle/m2repository/com/squareup/javawriter/2.5.0/javawriter-2.5.0.jar
7fdcc7136000-7fdcc7138000 r--s 00014000 08:03 1409754                    /home/cloud/Android Studio/gradle/m2repository/com/android/tools/common/24.0.0/common-24.0.0.jar
7fdcc7138000-7fdcc7142000 r--s 000a8000 08:03 1409791                    /home/cloud/Android Studio/gradle/m2repository/com/android/tools/sdklib/24.0.0/sdklib-24.0.0.jar
7fdcc7142000-7fdcc7175000 r--s 00203000 08:03 1409657                    /home/cloud/Android Studio/gradle/m2repository/org/bouncycastle/bcprov-jdk15on/1.48/bcprov-jdk15on-1.48.jar
7fdcc7175000-7fdcc717a000 r--s 00047000 08:03 1409744                    /home/cloud/Android Studio/gradle/m2repository/com/android/tools/sdk-common/24.0.0/sdk-common-24.0.0.jar
7fdcc717a000-7fdcc717f000 r--s 0008c000 08:03 1409722                    /home/cloud/Android Studio/gradle/m2repository/com/android/tools/lint/lint-checks/24.0.0/lint-checks-24.0.0.jar
7fdcc717f000-7fdcc718e000 r--s 001a9000 08:03 1409595                    /home/cloud/Android Studio/gradle/m2repository/org/eclipse/jdt/core/compiler/ecj/4.2.2/ecj-4.2.2.jar
7fdcc718e000-7fdcc7192000 r--s 00031000 08:03 1409768                    /home/cloud/Android Studio/gradle/m2repository/com/android/tools/build/builder/1.0.0/builder-1.0.0.jar
7fdcc7192000-7fdcc7194000 r--s 00018000 08:03 1409717                    /home/cloud/Android Studio/gradle/m2repository/com/android/tools/lint/lint/24.0.0/lint-24.0.0.jar
7fdcc7194000-7fdcc71a4000 r--s 00138000 08:03 1409783                    /home/cloud/Android Studio/gradle/m2repository/com/android/tools/build/gradle/1.0.0/gradle-1.0.0.jar
7fdcc71a4000-7fdcc71a7000 ---p 00000000 00:00 0 
7fdcc71a7000-7fdcc72a5000 rw-p 00000000 00:00 0                          [stack:5117]
7fdcc72a5000-7fdcc730f000 r--s 0069e000 08:03 1386528                    /usr/lib/jvm/java-7-openjdk-amd64/lib/tools.jar
7fdcc730f000-7fdcc7312000 ---p 00000000 00:00 0 
7fdcc7312000-7fdcc7410000 rw-p 00000000 00:00 0                          [stack:6092]
7fdcc7410000-7fdcc7413000 ---p 00000000 00:00 0 
7fdcc7413000-7fdcc7511000 rw-p 00000000 00:00 0                          [stack:6088]
7fdcc7511000-7fdcc7514000 ---p 00000000 00:00 0 
7fdcc7514000-7fdcc7612000 rw-p 00000000 00:00 0                          [stack:6086]
7fdcc7612000-7fdcc7615000 ---p 00000000 00:00 0 
7fdcc7615000-7fdcc7713000 rw-p 00000000 00:00 0                          [stack:6089]
7fdcc7713000-7fdcc7716000 ---p 00000000 00:00 0 
7fdcc7716000-7fdcc7814000 rw-p 00000000 00:00 0                          [stack:6087]
7fdcc7814000-7fdcc7817000 ---p 00000000 00:00 0 
7fdcc7817000-7fdcc7915000 rw-p 00000000 00:00 0                          [stack:5105]
7fdcc7915000-7fdcc7919000 r-xp 00000000 08:03 1780003                    /tmp/native-platform3497043457112726417dir/libnative-platform.so
7fdcc7919000-7fdcc7b18000 ---p 00004000 08:03 1780003                    /tmp/native-platform3497043457112726417dir/libnative-platform.so
7fdcc7b18000-7fdcc7b19000 rw-p 00003000 08:03 1780003                    /tmp/native-platform3497043457112726417dir/libnative-platform.so
7fdcc7b19000-7fdcc7b1c000 r--s 00009000 08:03 1370664                    /home/cloud/Android Studio/gradle/gradle-2.2.1/lib/plugins/gradle-platform-jvm-2.2.1.jar
7fdcc7b1c000-7fdcc7b1d000 r--s 00002000 08:03 1409805                    /home/cloud/Android Studio/gradle/m2repository/net/sf/proguard/proguard-gradle/5.1/proguard-gradle-5.1.jar
7fdcc7b1d000-7fdcc7b26000 r--s 000b9000 08:03 1018545                    /usr/lib/jvm/java-7-openjdk-amd64/jre/lib/resources.jar
7fdcc7b26000-7fdcc7b29000 ---p 00000000 00:00 0 
7fdcc7b29000-7fdcc7b5f000 rw-p 00000000 00:00 0 
7fdcc7b5f000-7fdcc7b60000 r--p 00000000 00:00 0 
7fdcc7b60000-7fdcc7b67000 r--s 00000000 08:03 905246                     /usr/lib/x86_64-linux-gnu/gconv/gconv-modules.cache
7fdcc7b67000-7fdcc7b6b000 r--s 0004d000 08:03 1018546                    /usr/lib/jvm/java-7-openjdk-amd64/jre/lib/jsse.jar
7fdcc7b6b000-7fdcc7b6d000 r--s 00002000 08:03 1370639                    /home/cloud/Android Studio/gradle/gradle-2.2.1/lib/plugins/gradle-cunit-2.2.1.jar
7fdcc7b6d000-7fdcc7b72000 r--s 00036000 08:03 1370707                    /home/cloud/Android Studio/gradle/gradle-2.2.1/lib/plugins/gradle-ide-native-2.2.1.jar
7fdcc7b72000-7fdcc7b77000 r--s 00013000 08:03 1370677                    /home/cloud/Android Studio/gradle/gradle-2.2.1/lib/plugins/gradle-language-native-2.2.1.jar
7fdcc7b77000-7fdcc7b82000 r--s 0004d000 08:03 1370690                    /home/cloud/Android Studio/gradle/gradle-2.2.1/lib/plugins/gradle-platform-native-2.2.1.jar
7fdcc7b82000-7fdcc7b84000 r--s 00008000 08:03 1370661                    /home/cloud/Android Studio/gradle/gradle-2.2.1/lib/plugins/gradle-language-groovy-2.2.1.jar
7fdcc7b84000-7fdcc7b89000 r--s 00022000 08:03 1370726                    /home/cloud/Android Studio/gradle/gradle-2.2.1/lib/plugins/gradle-language-java-2.2.1.jar
7fdcc7b89000-7fdcc7b8c000 r--s 00007000 08:03 1370695                    /home/cloud/Android Studio/gradle/gradle-2.2.1/lib/plugins/gradle-language-jvm-2.2.1.jar
7fdcc7b8c000-7fdcc7b91000 r--s 00018000 08:03 1370642                    /home/cloud/Android Studio/gradle/gradle-2.2.1/lib/plugins/gradle-platform-base-2.2.1.jar
7fdcc7b91000-7fdcc7b96000 r--s 00026000 08:03 1370728                    /home/cloud/Android Studio/gradle/gradle-2.2.1/lib/plugins/gradle-build-init-2.2.1.jar
7fdcc7b96000-7fdcc7b99000 r--s 0001d000 08:03 1370708                    /home/cloud/Android Studio/gradle/gradle-2.2.1/lib/plugins/gradle-jacoco-2.2.1.jar
7fdcc7b99000-7fdcc7b9c000 r--s 0000d000 08:03 1370700                    /home/cloud/Android Studio/gradle/gradle-2.2.1/lib/plugins/gradle-ivy-2.2.1.jar
7fdcc7b9c000-7fdcc7b9e000 r--s 00002000 08:03 1370702                    /home/cloud/Android Studio/gradle/gradle-2.2.1/lib/plugins/gradle-publish-2.2.1.jar
7fdcc7b9e000-7fdcc7ba0000 r--s 00005000 08:03 1370669                    /home/cloud/Android Studio/gradle/gradle-2.2.1/lib/plugins/jatl-0.2.2.jar
7fdcc7ba0000-7fdcc7ba2000 r--s 0000f000 08:03 1370697                    /home/cloud/Android Studio/gradle/gradle-2.2.1/lib/plugins/gradle-reporting-2.2.1.jar
7fdcc7ba2000-7fdcc7ba7000 r--s 00034000 08:03 1370704                    /home/cloud/Android Studio/gradle/gradle-2.2.1/lib/plugins/gradle-diagnostics-2.2.1.jar
7fdcc7ba7000-7fdcc7bae000 r--s 00090000 08:03 1370646                    /home/cloud/Android Studio/gradle/gradle-2.2.1/lib/plugins/gradle-build-comparison-2.2.1.jar
7fdcc7bae000-7fdcc7bb0000 r--s 00004000 08:03 1370706                    /home/cloud/Android Studio/gradle/gradle-2.2.1/lib/plugins/gradle-antlr-2.2.1.jar
7fdcc7bb0000-7fdcc7bc0000 r-xp 00000000 08:03 1198841                    /usr/lib/jvm/java-7-openjdk-amd64/jre/lib/amd64/libnio.so
7fdcc7bc0000-7fdcc7dc0000 ---p 00010000 08:03 1198841                    /usr/lib/jvm/java-7-openjdk-amd64/jre/lib/amd64/libnio.so
7fdcc7dc0000-7fdcc7dc1000 r--p 00010000 08:03 1198841                    /usr/lib/jvm/java-7-openjdk-amd64/jre/lib/amd64/libnio.so
7fdcc7dc1000-7fdcc7dc2000 rw-p 00011000 08:03 1198841                    /usr/lib/jvm/java-7-openjdk-amd64/jre/lib/amd64/libnio.so
7fdcc7dc2000-7fdcc7dff000 r-xp 00000000 08:03 2943812                    /lib/x86_64-linux-gnu/libpcre.so.3.13.1
7fdcc7dff000-7fdcc7ffe000 ---p 0003d000 08:03 2943812                    /lib/x86_64-linux-gnu/libpcre.so.3.13.1
7fdcc7ffe000-7fdcc7fff000 r--p 0003c000 08:03 2943812                    /lib/x86_64-linux-gnu/libpcre.so.3.13.1
7fdcc7fff000-7fdcc8000000 rw-p 0003d000 08:03 2943812                    /lib/x86_64-linux-gnu/libpcre.so.3.13.1
7fdcc8000000-7fdcc8070000 rw-p 00000000 00:00 0 
7fdcc8070000-7fdccc000000 ---p 00000000 00:00 0 
7fdccc000000-7fdccc003000 r--s 0001e000 08:03 1370679                    /home/cloud/Android Studio/gradle/gradle-2.2.1/lib/plugins/jsp-api-2.1-6.1.14.jar
7fdccc003000-7fdccc004000 r--s 00001000 08:03 1370718                    /home/cloud/Android Studio/gradle/gradle-2.2.1/lib/plugins/gradle-plugin-development-2.2.1.jar
7fdccc004000-7fdccc00b000 r--s 00035000 08:03 1370685                    /home/cloud/Android Studio/gradle/gradle-2.2.1/lib/plugins/simple-4.1.21.jar
7fdccc00b000-7fdccc017000 r--s 00100000 08:03 1370716                    /home/cloud/Android Studio/gradle/gradle-2.2.1/lib/plugins/rhino-1.7R3.jar
7fdccc017000-7fdccc01c000 r--s 0001f000 08:03 1370703                    /home/cloud/Android Studio/gradle/gradle-2.2.1/lib/plugins/gradle-javascript-2.2.1.jar
7fdccc01c000-7fdccc01e000 r--s 0000e000 08:03 1370701                    /home/cloud/Android Studio/gradle/gradle-2.2.1/lib/plugins/gradle-ear-2.2.1.jar
7fdccc01e000-7fdccc022000 r--s 00025000 08:03 1370638                    /home/cloud/Android Studio/gradle/gradle-2.2.1/lib/plugins/bcpg-jdk15-1.46.jar
7fdccc022000-7fdccc025000 r--s 0001d000 08:03 1370649                    /home/cloud/Android Studio/gradle/gradle-2.2.1/lib/plugins/gradle-signing-2.2.1.jar
7fdccc025000-7fdccc026000 r--s 00002000 08:03 1370631                    /home/cloud/Android Studio/gradle/gradle-2.2.1/lib/plugins/sonar-batch-bootstrapper-2.9.jar
7fdccc026000-7fdccc029000 r--s 00018000 08:03 1370675                    /home/cloud/Android Studio/gradle/gradle-2.2.1/lib/plugins/gradle-sonar-2.2.1.jar
7fdccc029000-7fdccc02c000 r--s 00017000 08:03 1370660                    /home/cloud/Android Studio/gradle/gradle-2.2.1/lib/plugins/gradle-scala-2.2.1.jar
7fdccc02c000-7fdccc02e000 r--s 0000e000 08:03 1370666                    /home/cloud/Android Studio/gradle/gradle-2.2.1/lib/plugins/gradle-announce-2.2.1.jar
7fdccc02e000-7fdccc03c000 r--s 000bc000 08:03 1370643                    /home/cloud/Android Studio/gradle/gradle-2.2.1/lib/plugins/gradle-ide-2.2.1.jar
7fdccc03c000-7fdccc03e000 r--s 00000000 08:03 1370709                    /home/cloud/Android Studio/gradle/gradle-2.2.1/lib/plugins/plexus-component-annotations-1.5.2.jar
7fdccc03e000-7fdccc041000 r--s 0000c000 08:03 1370665                    /home/cloud/Android Studio/gradle/gradle-2.2.1/lib/plugins/pmaven-groovy-0.8-20100325.jar
7fdccc041000-7fdccc042000 r--s 00004000 08:03 1370686                    /home/cloud/Android Studio/gradle/gradle-2.2.1/lib/plugins/pmaven-common-0.8-20100325.jar
7fdccc042000-7fdccc046000 r--s 0001e000 08:03 1370683                    /home/cloud/Android Studio/gradle/gradle-2.2.1/lib/plugins/gradle-maven-2.2.1.jar
7fdccc046000-7fdccc05e000 r--s 0013b000 08:03 1370720                    /home/cloud/Android Studio/gradle/gradle-2.2.1/lib/plugins/bndlib-2.1.0.jar
7fdccc05e000-7fdccc060000 r--s 00004000 08:03 1370653                    /home/cloud/Android Studio/gradle/gradle-2.2.1/lib/plugins/gradle-osgi-2.2.1.jar
7fdccc060000-7fdccc065000 r--s 00068000 08:03 1370684                    /home/cloud/Android Studio/gradle/gradle-2.2.1/lib/plugins/antlr-2.7.7.jar
7fdccc065000-7fdccc066000 r--s 00002000 08:03 1370715                    /home/cloud/Android Studio/gradle/gradle-2.2.1/lib/plugins/ant-antlr-1.9.3.jar
7fdccc066000-7fdccc089000 r--s 00344000 08:03 1370710                    /home/cloud/Android Studio/gradle/gradle-2.2.1/lib/plugins/core-3.1.1.jar
7fdccc089000-7fdccc08a000 r--s 00006000 08:03 1370729                    /home/cloud/Android Studio/gradle/gradle-2.2.1/lib/plugins/jetty-naming-6.1.25.jar
7fdccc08a000-7fdccc08b000 r--s 00002000 08:03 1370658                    /home/cloud/Android Studio/gradle/gradle-2.2.1/lib/plugins/geronimo-annotation_1.0_spec-1.0.jar
7fdccc08b000-7fdccc08d000 r--s 00002000 08:03 1370671                    /home/cloud/Android Studio/gradle/gradle-2.2.1/lib/plugins/jetty-annotations-6.1.25.jar
7fdccc08d000-7fdccc09e000 r--s 000ea000 08:03 1370691                    /home/cloud/Android Studio/gradle/gradle-2.2.1/lib/plugins/jsp-2.1-6.1.14.jar
7fdccc09e000-7fdccc0a0000 r--s 0000d000 08:03 1370641                    /home/cloud/Android Studio/gradle/gradle-2.2.1/lib/plugins/jetty-plus-6.1.25.jar
7fdccc0a0000-7fdccc0a2000 r--s 0001f000 08:03 1370663                    /home/cloud/Android Studio/gradle/gradle-2.2.1/lib/plugins/servlet-api-2.5-20081211.jar
7fdccc0a2000-7fdccc0a6000 r--s 00028000 08:03 1370632                    /home/cloud/Android Studio/gradle/gradle-2.2.1/lib/plugins/jetty-util-6.1.25.jar
7fdccc0a6000-7fdccc0ad000 r--s 0007d000 08:03 1370693                    /home/cloud/Android Studio/gradle/gradle-2.2.1/lib/plugins/jetty-6.1.25.jar
7fdccc0ad000-7fdccc0af000 r--s 00009000 08:03 1370652                    /home/cloud/Android Studio/gradle/gradle-2.2.1/lib/plugins/gradle-jetty-2.2.1.jar
7fdccc0af000-7fdccc0b4000 r--s 00041000 08:03 1370655                    /home/cloud/Android Studio/gradle/gradle-2.2.1/lib/plugins/gradle-code-quality-2.2.1.jar
7fdccc0b4000-7fdccc0b6000 r--s 00009000 08:03 1370659                    /home/cloud/Android Studio/gradle/gradle-2.2.1/lib/plugins/hamcrest-core-1.3.jar
7fdccc0b6000-7fdccc0bc000 r--s 00033000 08:03 1370696                    /home/cloud/Android Studio/gradle/gradle-2.2.1/lib/plugins/snakeyaml-1.6.jar
7fdccc0bc000-7fdccc0be000 r--s 00006000 08:03 1370644                    /home/cloud/Android Studio/gradle/gradle-2.2.1/lib/plugins/jcommander-1.12.jar
7fdccc0be000-7fdccc0c3000 r--s 00040000 08:03 1370705                    /home/cloud/Android Studio/gradle/gradle-2.2.1/lib/plugins/bsh-2.0b4.jar
7fdccc0c3000-7fdccc0c5000 r--s 00009000 08:03 1370636                    /home/cloud/Android Studio/gradle/gradle-2.2.1/lib/plugins/commons-cli-1.2.jar
7fdccc0c5000-7fdccc0ce000 r--s 00089000 08:03 1370656                    /home/cloud/Android Studio/gradle/gradle-2.2.1/lib/plugins/testng-6.3.1.jar
7fdccc0ce000-7fdccc0d4000 r--s 00036000 08:03 1370680                    /home/cloud/Android Studio/gradle/gradle-2.2.1/lib/plugins/junit-4.11.jar
7fdccc0d4000-7fdccc0e0000 r--s 00075000 08:03 1370650                    /home/cloud/Android Studio/gradle/gradle-2.2.1/lib/plugins/gradle-plugins-2.2.1.jar
7fdccc0e0000-7fdccc0e3000 r--s 00011000 08:03 1370633                    /home/cloud/Android Studio/gradle/gradle-2.2.1/lib/plugins/gradle-plugin-use-2.2.1.jar
7fdccc0e3000-7fdccc0fb000 r--s 00115000 08:03 1370688                    /home/cloud/Android Studio/gradle/gradle-2.2.1/lib/plugins/xercesImpl-2.9.1.jar
7fdccc0fb000-7fdccc103000 r--s 00028000 08:03 1370672                    /home/cloud/Android Studio/gradle/gradle-2.2.1/lib/plugins/xml-apis-1.3.04.jar
7fdccc103000-7fdccc109000 r--s 0005b000 08:03 1370635                    /home/cloud/Android Studio/gradle/gradle-2.2.1/lib/plugins/jcifs-1.3.17.jar
7fdccc109000-7fdccc10f000 r--s 00031000 08:03 1370645                    /home/cloud/Android Studio/gradle/gradle-2.2.1/lib/plugins/httpcore-4.2.2.jar
7fdccc10f000-7fdccc115000 r--s 00033000 08:03 1370634                    /home/cloud/Android Studio/gradle/gradle-2.2.1/lib/plugins/commons-codec-1.6.jar
7fdccc115000-7fdccc118000 r--s 0001c000 08:03 1370724                    /home/cloud/Android Studio/gradle/gradle-2.2.1/lib/plugins/nekohtml-1.9.14.jar
7fdccc118000-7fdccc121000 r--s 00060000 08:03 1370657                    /home/cloud/Android Studio/gradle/gradle-2.2.1/lib/plugins/httpclient-4.2.2.jar
7fdccc121000-7fdccc123000 r--s 00007000 08:03 1370714                    /home/cloud/Android Studio/gradle/gradle-2.2.1/lib/plugins/gradle-resources-http-2.2.1.jar
7fdccc123000-7fdccc14b000 r--s 00194000 08:03 1370670                    /home/cloud/Android Studio/gradle/gradle-2.2.1/lib/plugins/bcprov-jdk15-1.46.jar
7fdccc14b000-7fdccc14f000 r--s 0001d000 08:03 1370711                    /home/cloud/Android Studio/gradle/gradle-2.2.1/lib/plugins/xbean-reflect-3.4.jar
7fdccc14f000-7fdccc154000 r--s 0002a000 08:03 1370721                    /home/cloud/Android Studio/gradle/gradle-2.2.1/lib/plugins/gson-2.2.4.jar
7fdccc154000-7fdccc158000 r--s 0003d000 08:03 1370676                    /home/cloud/Android Studio/gradle/gradle-2.2.1/lib/plugins/jsch-0.1.51.jar
7fdccc158000-7fdccc171000 r--s 00129000 08:03 1370717                    /home/cloud/Android Studio/gradle/gradle-2.2.1/lib/plugins/maven-ant-tasks-2.1.3.jar
7fdccc171000-7fdccc180000 r--s 000d9000 08:03 1370699                    /home/cloud/Android Studio/gradle/gradle-2.2.1/lib/plugins/ivy-2.2.0.jar
7fdccc180000-7fdccc184000 r--s 0001e000 08:03 1370673                    /home/cloud/Android Studio/gradle/gradle-2.2.1/lib/plugins/jarjar-aether-impl-1.13.1.jar
7fdccc184000-7fdccc187000 r--s 00027000 08:03 1370678                    /home/cloud/Android Studio/gradle/gradle-2.2.1/lib/plugins/jarjar-maven-model-3.0.4.jar
7fdccc187000-7fdccc18a000 r--s 0000b000 08:03 1370668                    /home/cloud/Android Studio/gradle/gradle-2.2.1/lib/plugins/jarjar-maven-artifact-3.0.4.jar
7fdccc18a000-7fdccc18e000 r--s 0001e000 08:03 1370648                    /home/cloud/Android Studio/gradle/gradle-2.2.1/lib/plugins/jarjar-aether-util-1.13.1.jar
7fdccc18e000-7fdccc190000 r--s 00007000 08:03 1370722                    /home/cloud/Android Studio/gradle/gradle-2.2.1/lib/plugins/jarjar-wagon-http-shared4-2.4.jar
7fdccc190000-7fdccc19d000 r--s 00083000 08:03 1370647                    /home/cloud/Android Studio/gradle/gradle-2.2.1/lib/plugins/jarjar-maven-core-3.0.4.jar
7fdccc19d000-7fdccc19f000 r--s 00003000 08:03 1370698                    /home/cloud/Android Studio/gradle/gradle-2.2.1/lib/plugins/jarjar-aether-spi-1.13.1.jar
7fdccc19f000-7fdccc1a1000 r--s 00009000 08:03 1370687                    /home/cloud/Android Studio/gradle/gradle-2.2.1/lib/plugins/jarjar-maven-settings-builder-3.0.4.jar
7fdccc1a1000-7fdccc1a5000 r--s 00014000 08:03 1370662                    /home/cloud/Android Studio/gradle/gradle-2.2.1/lib/plugins/jarjar-aether-api-1.13.1.jar
7fdccc1a5000-7fdccc1a6000 r--s 00002000 08:03 1370712                    /home/cloud/Android Studio/gradle/gradle-2.2.1/lib/plugins/jarjar-wagon-http-2.4.jar
7fdccc1a6000-7fdccc1ad000 r--s 00042000 08:03 1370651                    /home/cloud/Android Studio/gradle/gradle-2.2.1/lib/plugins/jarjar-maven-compat-3.0.4.jar
7fdccc1ad000-7fdccc1af000 r--s 00006000 08:03 1370667                    /home/cloud/Android Studio/gradle/gradle-2.2.1/lib/plugins/jarjar-aether-connector-wagon-1.13.1.jar
7fdccc1af000-7fdccc1b1000 r--s 00000000 08:03 1370654                    /home/cloud/Android Studio/gradle/gradle-2.2.1/lib/plugins/jarjar-plexus-component-annotations-1.5.5.jar
7fdccc1b1000-7fdccc1b3000 r--s 00006000 08:03 1370640                    /home/cloud/Android Studio/gradle/gradle-2.2.1/lib/plugins/jarjar-plexus-sec-dispatcher-1.3.jar
7fdccc1b3000-7fdccc1b8000 r--s 00022000 08:03 1370713                    /home/cloud/Android Studio/gradle/gradle-2.2.1/lib/plugins/jarjar-maven-model-builder-3.0.4.jar
7fdccc1b8000-7fdccc1ba000 r--s 0000b000 08:03 1370682                    /home/cloud/Android Studio/gradle/gradle-2.2.1/lib/plugins/jarjar-maven-plugin-api-3.0.4.jar
7fdccc1ba000-7fdccc1bd000 r--s 0000a000 08:03 1370637                    /home/cloud/Android Studio/gradle/gradle-2.2.1/lib/plugins/jarjar-plexus-classworlds-2.4.jar
7fdccc1bd000-7fdccc1c1000 r--s 00035000 08:03 1370723                    /home/cloud/Android Studio/gradle/gradle-2.2.1/lib/plugins/jarjar-plexus-utils-2.0.6.jar
7fdccc1c1000-7fdccc1c3000 r--s 0000e000 08:03 1370725                    /home/cloud/Android Studio/gradle/gradle-2.2.1/lib/plugins/jarjar-plexus-interpolation-1.14.jar
7fdccc1c3000-7fdccc1c5000 r--s 00002000 08:03 1370674                    /home/cloud/Android Studio/gradle/gradle-2.2.1/lib/plugins/jarjar-plexus-cipher-1.7.jar
7fdccc1c5000-7fdccc1cd000 r--s 00031000 08:03 1370694                    /home/cloud/Android Studio/gradle/gradle-2.2.1/lib/plugins/jarjar-plexus-container-default-1.5.5.jar
7fdccc1cd000-7fdccc1fe000 rw-p 00000000 00:00 0 
7fdccc1fe000-7fdccc205000 r-xp 00000000 08:03 871839                     /usr/lib/x86_64-linux-gnu/libffi.so.6.0.1
7fdccc205000-7fdccc404000 ---p 00007000 08:03 871839                     /usr/lib/x86_64-linux-gnu/libffi.so.6.0.1
7fdccc404000-7fdccc405000 r--p 00006000 08:03 871839                     /usr/lib/x86_64-linux-gnu/libffi.so.6.0.1
7fdccc405000-7fdccc406000 rw-p 00007000 08:03 871839                     /usr/lib/x86_64-linux-gnu/libffi.so.6.0.1
7fdccc406000-7fdccc41d000 r-xp 00000000 08:03 2941028                    /lib/x86_64-linux-gnu/libresolv-2.19.so
7fdccc41d000-7fdccc61d000 ---p 00017000 08:03 2941028                    /lib/x86_64-linux-gnu/libresolv-2.19.so
7fdccc61d000-7fdccc61e000 r--p 00017000 08:03 2941028                    /lib/x86_64-linux-gnu/libresolv-2.19.so
7fdccc61e000-7fdccc61f000 rw-p 00018000 08:03 2941028                    /lib/x86_64-linux-gnu/libresolv-2.19.so
7fdccc61f000-7fdccc621000 rw-p 00000000 00:00 0 
7fdccc621000-7fdccc641000 r-xp 00000000 08:03 2943839                    /lib/x86_64-linux-gnu/libselinux.so.1
7fdccc641000-7fdccc840000 ---p 00020000 08:03 2943839                    /lib/x86_64-linux-gnu/libselinux.so.1
7fdccc840000-7fdccc841000 r--p 0001f000 08:03 2943839                    /lib/x86_64-linux-gnu/libselinux.so.1
7fdccc841000-7fdccc842000 rw-p 00020000 08:03 2943839                    /lib/x86_64-linux-gnu/libselinux.so.1
7fdccc842000-7fdccc844000 rw-p 00000000 00:00 0 
7fdccc844000-7fdccc847000 r-xp 00000000 08:03 869560                     /usr/lib/x86_64-linux-gnu/libgmodule-2.0.so.0.4002.0
7fdccc847000-7fdccca46000 ---p 00003000 08:03 869560                     /usr/lib/x86_64-linux-gnu/libgmodule-2.0.so.0.4002.0
7fdccca46000-7fdccca47000 r--p 00002000 08:03 869560                     /usr/lib/x86_64-linux-gnu/libgmodule-2.0.so.0.4002.0
7fdccca47000-7fdccca48000 rw-p 00003000 08:03 869560                     /usr/lib/x86_64-linux-gnu/libgmodule-2.0.so.0.4002.0
7fdccca48000-7fdcccb4e000 r-xp 00000000 08:03 2943646                    /lib/x86_64-linux-gnu/libglib-2.0.so.0.4002.0
7fdcccb4e000-7fdcccd4d000 ---p 00106000 08:03 2943646                    /lib/x86_64-linux-gnu/libglib-2.0.so.0.4002.0
7fdcccd4d000-7fdcccd4e000 r--p 00105000 08:03 2943646                    /lib/x86_64-linux-gnu/libglib-2.0.so.0.4002.0
7fdcccd4e000-7fdcccd4f000 rw-p 00106000 08:03 2943646                    /lib/x86_64-linux-gnu/libglib-2.0.so.0.4002.0
7fdcccd4f000-7fdcccd50000 rw-p 00000000 00:00 0 
7fdcccd50000-7fdcccd9f000 r-xp 00000000 08:03 869561                     /usr/lib/x86_64-linux-gnu/libgobject-2.0.so.0.4002.0
7fdcccd9f000-7fdcccf9f000 ---p 0004f000 08:03 869561                     /usr/lib/x86_64-linux-gnu/libgobject-2.0.so.0.4002.0
7fdcccf9f000-7fdcccfa0000 r--p 0004f000 08:03 869561                     /usr/lib/x86_64-linux-gnu/libgobject-2.0.so.0.4002.0
7fdcccfa0000-7fdcccfa1000 rw-p 00050000 08:03 869561                     /usr/lib/x86_64-linux-gnu/libgobject-2.0.so.0.4002.0
7fdcccfa1000-7fdccd10d000 r-xp 00000000 08:03 869563                     /usr/lib/x86_64-linux-gnu/libgio-2.0.so.0.4002.0
7fdccd10d000-7fdccd30c000 ---p 0016c000 08:03 869563                     /usr/lib/x86_64-linux-gnu/libgio-2.0.so.0.4002.0
7fdccd30c000-7fdccd310000 r--p 0016b000 08:03 869563                     /usr/lib/x86_64-linux-gnu/libgio-2.0.so.0.4002.0
7fdccd310000-7fdccd312000 rw-p 0016f000 08:03 869563                     /usr/lib/x86_64-linux-gnu/libgio-2.0.so.0.4002.0
7fdccd312000-7fdccd314000 rw-p 00000000 00:00 0 
7fdccd314000-7fdccd316000 r--s 0000c000 08:03 1370719                    /home/cloud/Android Studio/gradle/gradle-2.2.1/lib/plugins/jarjar-wagon-provider-api-2.4.jar
7fdccd316000-7fdccd318000 r--s 0000d000 08:03 1370727                    /home/cloud/Android Studio/gradle/gradle-2.2.1/lib/plugins/jarjar-maven-aether-provider-3.0.4.jar
7fdccd318000-7fdccd319000 r--s 00007000 08:03 1370681                    /home/cloud/Android Studio/gradle/gradle-2.2.1/lib/plugins/jarjar-maven-repository-metadata-3.0.4.jar
7fdccd319000-7fdccd31a000 r--s 0000b000 08:03 1370692                    /home/cloud/Android Studio/gradle/gradle-2.2.1/lib/plugins/jarjar-maven-settings-3.0.4.jar
7fdccd31a000-7fdccd332000 r--s 000b5000 08:03 1370689                    /home/cloud/Android Studio/gradle/gradle-2.2.1/lib/plugins/gradle-dependency-management-2.2.1.jar
7fdccd332000-7fdccd349000 r-xp 00000000 08:03 1196904                    /usr/lib/jvm/java-7-openjdk-amd64/jre/lib/amd64/libnet.so
7fdccd349000-7fdccd548000 ---p 00017000 08:03 1196904                    /usr/lib/jvm/java-7-openjdk-amd64/jre/lib/amd64/libnet.so
7fdccd548000-7fdccd549000 r--p 00016000 08:03 1196904                    /usr/lib/jvm/java-7-openjdk-amd64/jre/lib/amd64/libnet.so
7fdccd549000-7fdccd54a000 rw-p 00017000 08:03 1196904                    /usr/lib/jvm/java-7-openjdk-amd64/jre/lib/amd64/libnet.so
7fdccd54a000-7fdccd54b000 r--s 00005000 08:03 1346088                    /home/cloud/Android Studio/gradle/gradle-2.2.1/lib/gradle-wrapper-2.2.1.jar
7fdccd54b000-7fdccd554000 r--s 0002c000 08:03 1346093                    /home/cloud/Android Studio/gradle/gradle-2.2.1/lib/gradle-tooling-api-2.2.1.jar
7fdccd554000-7fdccd556000 r--s 00002000 08:03 1346103                    /home/cloud/Android Studio/gradle/gradle-2.2.1/lib/gradle-open-api-2.2.1.jar
7fdccd556000-7fdccd55c000 r--s 00032000 08:03 1346096                    /home/cloud/Android Studio/gradle/gradle-2.2.1/lib/jaxen-1.1.jar
7fdccd55c000-7fdccd561000 r--s 00048000 08:03 1346062                    /home/cloud/Android Studio/gradle/gradle-2.2.1/lib/dom4j-1.6.1.jar
7fdccd561000-7fdccd56c000 r--s 00059000 08:03 1346106                    /home/cloud/Android Studio/gradle/gradle-2.2.1/lib/gradle-ui-2.2.1.jar
7fdccd56c000-7fdccd56e000 r--s 00006000 08:03 1346065                    /home/cloud/Android Studio/gradle/gradle-2.2.1/lib/gradle-resources-2.2.1.jar
7fdccd56e000-7fdccd570000 r--s 00007000 08:03 1346098                    /home/cloud/Android Studio/gradle/gradle-2.2.1/lib/objenesis-1.2.jar
7fdccd570000-7fdccd572000 r--s 00000000 08:03 1346099                    /home/cloud/Android Studio/gradle/gradle-2.2.1/lib/minlog-1.2.jar
7fdccd572000-7fdccd574000 r--s 0000f000 08:03 1346104                    /home/cloud/Android Studio/gradle/gradle-2.2.1/lib/reflectasm-1.07-shaded.jar
7fdccd574000-7fdccd578000 r--s 00026000 08:03 1346110                    /home/cloud/Android Studio/gradle/gradle-2.2.1/lib/kryo-2.20.jar
7fdccd578000-7fdccd581000 r--s 00039000 08:03 1346095                    /home/cloud/Android Studio/gradle/gradle-2.2.1/lib/gradle-messaging-2.2.1.jar
7fdccd581000-7fdccd582000 r--s 00003000 08:03 1346108                    /home/cloud/Android Studio/gradle/gradle-2.2.1/lib/native-platform-freebsd-amd64-0.10.jar
7fdccd582000-7fdccd583000 r--s 00003000 08:03 1346090                    /home/cloud/Android Studio/gradle/gradle-2.2.1/lib/native-platform-freebsd-i386-0.10.jar
7fdccd583000-7fdccd584000 r--s 00005000 08:03 1346094                    /home/cloud/Android Studio/gradle/gradle-2.2.1/lib/native-platform-windows-i386-0.10.jar
7fdccd584000-7fdccd585000 r--s 00005000 08:03 1346058                    /home/cloud/Android Studio/gradle/gradle-2.2.1/lib/native-platform-windows-amd64-0.10.jar
7fdccd585000-7fdccd586000 r--s 00003000 08:03 1346061                    /home/cloud/Android Studio/gradle/gradle-2.2.1/lib/native-platform-linux-i386-0.10.jar
7fdccd586000-7fdccd587000 r--s 00003000 08:03 1346069                    /home/cloud/Android Studio/gradle/gradle-2.2.1/lib/native-platform-linux-amd64-0.10.jar
7fdccd587000-7fdccd588000 r--s 00002000 08:03 1346111                    /home/cloud/Android Studio/gradle/gradle-2.2.1/lib/native-platform-osx-amd64-0.10.jar
7fdccd588000-7fdccd58a000 r--s 00008000 08:03 1346085                    /home/cloud/Android Studio/gradle/gradle-2.2.1/lib/jansi-1.2.1.jar
7fdccd58a000-7fdccd58d000 r--s 0000d000 08:03 1346100                    /home/cloud/Android Studio/gradle/gradle-2.2.1/lib/native-platform-0.10.jar
7fdccd58d000-7fdccd591000 r--s 000e4000 08:03 1346060                    /home/cloud/Android Studio/gradle/gradle-2.2.1/lib/jna-3.2.7.jar
7fdccd591000-7fdccd593000 r--s 00008000 08:03 1346084                    /home/cloud/Android Studio/gradle/gradle-2.2.1/lib/gradle-native-2.2.1.jar
7fdccd593000-7fdccd5fe000 r--s 00685000 08:03 1346059                    /home/cloud/Android Studio/gradle/gradle-2.2.1/lib/groovy-all-2.3.6.jar
7fdccd5fe000-7fdccd5ff000 ---p 00000000 00:00 0 
7fdccd5ff000-7fdccd6ff000 rw-p 00000000 00:00 0                          [stack:5104]
7fdccd6ff000-7fdccd702000 ---p 00000000 00:00 0 
7fdccd702000-7fdcd0000000 rw-p 00000000 00:00 0                          [stack:5103]
7fdcd0000000-7fdcd004e000 rw-p 00000000 00:00 0 
7fdcd004e000-7fdcd4000000 ---p 00000000 00:00 0 
7fdcd4000000-7fdcd4001000 r--s 00002000 08:03 1346086                    /home/cloud/Android Studio/gradle/gradle-2.2.1/lib/native-platform-osx-i386-0.10.jar
7fdcd4001000-7fdcd4003000 r--s 00005000 08:03 1346107                    /home/cloud/Android Studio/gradle/gradle-2.2.1/lib/gradle-cli-2.2.1.jar
7fdcd4003000-7fdcd4005000 r--s 00003000 08:03 1346067                    /home/cloud/Android Studio/gradle/gradle-2.2.1/lib/gradle-base-services-groovy-2.2.1.jar
7fdcd4005000-7fdcd4007000 r--s 0000a000 08:03 1346078                    /home/cloud/Android Studio/gradle/gradle-2.2.1/lib/gradle-model-groovy-2.2.1.jar
7fdcd4007000-7fdcd400b000 r--s 0001b000 08:03 1346071                    /home/cloud/Android Studio/gradle/gradle-2.2.1/lib/gradle-model-core-2.2.1.jar
7fdcd400b000-7fdcd400c000 r--s 00000000 08:03 1346089                    /home/cloud/Android Studio/gradle/gradle-2.2.1/lib/gradle-docs-2.2.1.jar
7fdcd400c000-7fdcd400e000 r--s 00003000 08:03 1346068                    /home/cloud/Android Studio/gradle/gradle-2.2.1/lib/jcl-over-slf4j-1.7.7.jar
7fdcd400e000-7fdcd400f000 r--s 00005000 08:03 1346101                    /home/cloud/Android Studio/gradle/gradle-2.2.1/lib/log4j-over-slf4j-1.7.7.jar
7fdcd400f000-7fdcd4010000 r--s 00000000 08:03 1346092                    /home/cloud/Android Studio/gradle/gradle-2.2.1/lib/javax.inject-1.jar
7fdcd4010000-7fdcd4013000 r--s 0001b000 08:03 1346070                    /home/cloud/Android Studio/gradle/gradle-2.2.1/lib/jarjar-1.3.jar
7fdcd4013000-7fdcd4015000 r--s 00000000 08:03 1346097                    /home/cloud/Android Studio/gradle/gradle-2.2.1/lib/jul-to-slf4j-1.7.7.jar
7fdcd4015000-7fdcd4018000 ---p 00000000 00:00 0 
7fdcd4018000-7fdcd4116000 rw-p 00000000 00:00 0                          [stack:5102]
7fdcd4116000-7fdcd4119000 ---p 00000000 00:00 0 
7fdcd4119000-7fdcd4217000 rw-p 00000000 00:00 0                          [stack:5101]
7fdcd4217000-7fdcd421a000 ---p 00000000 00:00 0 
7fdcd421a000-7fdcd4318000 rw-p 00000000 00:00 0                          [stack:5100]
7fdcd4318000-7fdcd49fa000 r--p 00000000 08:03 870676                     /usr/lib/locale/locale-archive
7fdcd49fa000-7fdcd49fd000 ---p 00000000 00:00 0 
7fdcd49fd000-7fdcd4afb000 rw-p 00000000 00:00 0                          [stack:5099]
7fdcd4afb000-7fdcd4afe000 ---p 00000000 00:00 0 
7fdcd4afe000-7fdcd4bfc000 rw-p 00000000 00:00 0                          [stack:5098]
7fdcd4bfc000-7fdcd4bfd000 ---p 00000000 00:00 0 
7fdcd4bfd000-7fdcd5000000 rw-p 00000000 00:00 0                          [stack:5097]
7fdcd5000000-7fdcd56c0000 rwxp 00000000 00:00 0 
7fdcd56c0000-7fdcd8a2b000 rw-p 00000000 00:00 0 
7fdcd8a2b000-7fdcdc000000 ---p 00000000 00:00 0 
7fdcdc000000-7fdcdc001000 r--s 00000000 08:03 1346083                    /home/cloud/Android Studio/gradle/gradle-2.2.1/lib/jcip-annotations-1.0.jar
7fdcdc001000-7fdcdc007000 r--s 0003b000 08:03 1346064                    /home/cloud/Android Studio/gradle/gradle-2.2.1/lib/logback-classic-1.0.13.jar
7fdcdc007000-7fdcdc011000 r--s 0005d000 08:03 1346075                    /home/cloud/Android Studio/gradle/gradle-2.2.1/lib/logback-core-1.0.13.jar
7fdcdc011000-7fdcdc016000 r--s 00041000 08:03 1346063                    /home/cloud/Android Studio/gradle/gradle-2.2.1/lib/commons-lang-2.6.jar
7fdcdc016000-7fdcdc019000 r--s 00018000 08:03 1346109                    /home/cloud/Android Studio/gradle/gradle-2.2.1/lib/commons-io-1.4.jar
7fdcdc019000-7fdcdc027000 r--s 0007f000 08:03 1346102                    /home/cloud/Android Studio/gradle/gradle-2.2.1/lib/commons-collections-3.2.1.jar
7fdcdc027000-7fdcdc02c000 r--s 00036000 08:03 1346091                    /home/cloud/Android Studio/gradle/gradle-2.2.1/lib/asm-all-5.0.3.jar
7fdcdc02c000-7fdcdc054000 r--s 001cf000 08:03 1346082                    /home/cloud/Android Studio/gradle/gradle-2.2.1/lib/guava-jdk5-17.0.jar
7fdcdc054000-7fdcdc056000 r--s 00006000 08:03 1346074                    /home/cloud/Android Studio/gradle/gradle-2.2.1/lib/slf4j-api-1.7.7.jar
7fdcdc056000-7fdcdc075000 r--s 001cc000 08:03 1346066                    /home/cloud/Android Studio/gradle/gradle-2.2.1/lib/ant-1.9.3.jar
7fdcdc075000-7fdcdc07b000 r--s 00026000 08:03 1346087                    /home/cloud/Android Studio/gradle/gradle-2.2.1/lib/gradle-base-services-2.2.1.jar
7fdcdc07b000-7fdcdc0ac000 r--s 00191000 08:03 1346072                    /home/cloud/Android Studio/gradle/gradle-2.2.1/lib/gradle-core-2.2.1.jar
7fdcdc0ac000-7fdcdc0b4000 r--s 0003c000 08:03 1346105                    /home/cloud/Android Studio/gradle/gradle-2.2.1/lib/gradle-launcher-2.2.1.jar
7fdcdc0b4000-7fdcdcdae000 rw-p 00000000 00:00 0 
7fdcdcdae000-7fdcdcf60000 r--s 01d23000 08:03 1018543                    /usr/lib/jvm/java-7-openjdk-amd64/jre/lib/rt.jar
7fdcdcf60000-7fdcdd2d9000 rw-p 00000000 00:00 0 
7fdcdd2d9000-7fdcdd2da000 ---p 00000000 00:00 0 
7fdcdd2da000-7fdcdd3da000 rw-p 00000000 00:00 0                          [stack:5096]
7fdcdd3da000-7fdcdd3db000 ---p 00000000 00:00 0 
7fdcdd3db000-7fdcdd4db000 rw-p 00000000 00:00 0                          [stack:5095]
7fdcdd4db000-7fdcdd4dc000 ---p 00000000 00:00 0 
7fdcdd4dc000-7fdcdd5dc000 rw-p 00000000 00:00 0                          [stack:5094]
7fdcdd5dc000-7fdcdd5dd000 ---p 00000000 00:00 0 
7fdcdd5dd000-7fdcdd719000 rw-p 00000000 00:00 0                          [stack:5093]
7fdcdd719000-7fdcdd75d000 rw-p 00000000 00:00 0 
7fdcdd75d000-7fdcdd78f000 rw-p 00000000 00:00 0 
7fdcdd78f000-7fdcdd8b3000 rw-p 00000000 00:00 0 
7fdcdd8b3000-7fdcdd8ef000 rw-p 00000000 00:00 0 
7fdcdd8ef000-7fdcdd933000 rw-p 00000000 00:00 0 
7fdcdd933000-7fdcdd965000 rw-p 00000000 00:00 0 
7fdcdd965000-7fdcdda88000 rw-p 00000000 00:00 0 
7fdcdda88000-7fdcddb2c000 rw-p 00000000 00:00 0 
7fdcddb2c000-7fdcddb33000 rw-p 00000000 00:00 0 
7fdcddb33000-7fdcddb34000 rw-p 00000000 00:00 0 
7fdcddb34000-7fdcddb3c000 r-xp 00000000 08:03 1198866                    /usr/lib/jvm/java-7-openjdk-amd64/jre/lib/amd64/libzip.so
7fdcddb3c000-7fdcddd3b000 ---p 00008000 08:03 1198866                    /usr/lib/jvm/java-7-openjdk-amd64/jre/lib/amd64/libzip.so
7fdcddd3b000-7fdcddd3c000 r--p 00007000 08:03 1198866                    /usr/lib/jvm/java-7-openjdk-amd64/jre/lib/amd64/libzip.so
7fdcddd3c000-7fdcddd3d000 rw-p 00008000 08:03 1198866                    /usr/lib/jvm/java-7-openjdk-amd64/jre/lib/amd64/libzip.so
7fdcddd3d000-7fdcddd48000 r-xp 00000000 08:03 2943639                    /lib/x86_64-linux-gnu/libnss_files-2.19.so
7fdcddd48000-7fdcddf47000 ---p 0000b000 08:03 2943639                    /lib/x86_64-linux-gnu/libnss_files-2.19.so
7fdcddf47000-7fdcddf48000 r--p 0000a000 08:03 2943639                    /lib/x86_64-linux-gnu/libnss_files-2.19.so
7fdcddf48000-7fdcddf49000 rw-p 0000b000 08:03 2943639                    /lib/x86_64-linux-gnu/libnss_files-2.19.so
7fdcddf49000-7fdcddf54000 r-xp 00000000 08:03 2941030                    /lib/x86_64-linux-gnu/libnss_nis-2.19.so
7fdcddf54000-7fdcde153000 ---p 0000b000 08:03 2941030                    /lib/x86_64-linux-gnu/libnss_nis-2.19.so
7fdcde153000-7fdcde154000 r--p 0000a000 08:03 2941030                    /lib/x86_64-linux-gnu/libnss_nis-2.19.so
7fdcde154000-7fdcde155000 rw-p 0000b000 08:03 2941030                    /lib/x86_64-linux-gnu/libnss_nis-2.19.so
7fdcde155000-7fdcde16c000 r-xp 00000000 08:03 2941024                    /lib/x86_64-linux-gnu/libnsl-2.19.so
7fdcde16c000-7fdcde36b000 ---p 00017000 08:03 2941024                    /lib/x86_64-linux-gnu/libnsl-2.19.so
7fdcde36b000-7fdcde36c000 r--p 00016000 08:03 2941024                    /lib/x86_64-linux-gnu/libnsl-2.19.so
7fdcde36c000-7fdcde36d000 rw-p 00017000 08:03 2941024                    /lib/x86_64-linux-gnu/libnsl-2.19.so
7fdcde36d000-7fdcde36f000 rw-p 00000000 00:00 0 
7fdcde36f000-7fdcde378000 r-xp 00000000 08:03 2941021                    /lib/x86_64-linux-gnu/libnss_compat-2.19.so
7fdcde378000-7fdcde577000 ---p 00009000 08:03 2941021                    /lib/x86_64-linux-gnu/libnss_compat-2.19.so
7fdcde577000-7fdcde578000 r--p 00008000 08:03 2941021                    /lib/x86_64-linux-gnu/libnss_compat-2.19.so
7fdcde578000-7fdcde579000 rw-p 00009000 08:03 2941021                    /lib/x86_64-linux-gnu/libnss_compat-2.19.so
7fdcde579000-7fdcde5a4000 r-xp 00000000 08:03 1198853                    /usr/lib/jvm/java-7-openjdk-amd64/jre/lib/amd64/libjava.so
7fdcde5a4000-7fdcde7a4000 ---p 0002b000 08:03 1198853                    /usr/lib/jvm/java-7-openjdk-amd64/jre/lib/amd64/libjava.so
7fdcde7a4000-7fdcde7a5000 r--p 0002b000 08:03 1198853                    /usr/lib/jvm/java-7-openjdk-amd64/jre/lib/amd64/libjava.so
7fdcde7a5000-7fdcde7a7000 rw-p 0002c000 08:03 1198853                    /usr/lib/jvm/java-7-openjdk-amd64/jre/lib/amd64/libjava.so
7fdcde7a7000-7fdcde7b7000 r-xp 00000000 08:03 1198852                    /usr/lib/jvm/java-7-openjdk-amd64/jre/lib/amd64/libverify.so
7fdcde7b7000-7fdcde9b6000 ---p 00010000 08:03 1198852                    /usr/lib/jvm/java-7-openjdk-amd64/jre/lib/amd64/libverify.so
7fdcde9b6000-7fdcde9b8000 r--p 0000f000 08:03 1198852                    /usr/lib/jvm/java-7-openjdk-amd64/jre/lib/amd64/libverify.so
7fdcde9b8000-7fdcde9b9000 rw-p 00011000 08:03 1198852                    /usr/lib/jvm/java-7-openjdk-amd64/jre/lib/amd64/libverify.so
7fdcde9b9000-7fdcde9c0000 r-xp 00000000 08:03 2940958                    /lib/x86_64-linux-gnu/librt-2.19.so
7fdcde9c0000-7fdcdebbf000 ---p 00007000 08:03 2940958                    /lib/x86_64-linux-gnu/librt-2.19.so
7fdcdebbf000-7fdcdebc0000 r--p 00006000 08:03 2940958                    /lib/x86_64-linux-gnu/librt-2.19.so
7fdcdebc0000-7fdcdebc1000 rw-p 00007000 08:03 2940958                    /lib/x86_64-linux-gnu/librt-2.19.so
7fdcdebc1000-7fdcdebd7000 r-xp 00000000 08:03 2943692                    /lib/x86_64-linux-gnu/libgcc_s.so.1
7fdcdebd7000-7fdcdedd6000 ---p 00016000 08:03 2943692                    /lib/x86_64-linux-gnu/libgcc_s.so.1
7fdcdedd6000-7fdcdedd7000 rw-p 00015000 08:03 2943692                    /lib/x86_64-linux-gnu/libgcc_s.so.1
7fdcdedd7000-7fdcdeedc000 r-xp 00000000 08:03 2941023                    /lib/x86_64-linux-gnu/libm-2.19.so
7fdcdeedc000-7fdcdf0db000 ---p 00105000 08:03 2941023                    /lib/x86_64-linux-gnu/libm-2.19.so
7fdcdf0db000-7fdcdf0dc000 r--p 00104000 08:03 2941023                    /lib/x86_64-linux-gnu/libm-2.19.so
7fdcdf0dc000-7fdcdf0dd000 rw-p 00105000 08:03 2941023                    /lib/x86_64-linux-gnu/libm-2.19.so
7fdcdf0dd000-7fdcdf1c3000 r-xp 00000000 08:03 872467                     /usr/lib/x86_64-linux-gnu/libstdc++.so.6.0.19
7fdcdf1c3000-7fdcdf3c2000 ---p 000e6000 08:03 872467                     /usr/lib/x86_64-linux-gnu/libstdc++.so.6.0.19
7fdcdf3c2000-7fdcdf3ca000 r--p 000e5000 08:03 872467                     /usr/lib/x86_64-linux-gnu/libstdc++.so.6.0.19
7fdcdf3ca000-7fdcdf3cc000 rw-p 000ed000 08:03 872467                     /usr/lib/x86_64-linux-gnu/libstdc++.so.6.0.19
7fdcdf3cc000-7fdcdf3e1000 rw-p 00000000 00:00 0 
7fdcdf3e1000-7fdcdfef9000 r-xp 00000000 08:03 1231091                    /usr/lib/jvm/java-7-openjdk-amd64/jre/lib/amd64/server/libjvm.so
7fdcdfef9000-7fdce00f9000 ---p 00b18000 08:03 1231091                    /usr/lib/jvm/java-7-openjdk-amd64/jre/lib/amd64/server/libjvm.so
7fdce00f9000-7fdce0193000 r--p 00b18000 08:03 1231091                    /usr/lib/jvm/java-7-openjdk-amd64/jre/lib/amd64/server/libjvm.so
7fdce0193000-7fdce01b6000 rw-p 00bb2000 08:03 1231091                    /usr/lib/jvm/java-7-openjdk-amd64/jre/lib/amd64/server/libjvm.so
7fdce01b6000-7fdce01e4000 rw-p 00000000 00:00 0 
7fdce01e4000-7fdce01fc000 r-xp 00000000 08:03 2943872                    /lib/x86_64-linux-gnu/libz.so.1.2.8
7fdce01fc000-7fdce03fb000 ---p 00018000 08:03 2943872                    /lib/x86_64-linux-gnu/libz.so.1.2.8
7fdce03fb000-7fdce03fc000 r--p 00017000 08:03 2943872                    /lib/x86_64-linux-gnu/libz.so.1.2.8
7fdce03fc000-7fdce03fd000 rw-p 00018000 08:03 2943872                    /lib/x86_64-linux-gnu/libz.so.1.2.8
7fdce03fd000-7fdce0416000 r-xp 00000000 08:03 2941032                    /lib/x86_64-linux-gnu/libpthread-2.19.so
7fdce0416000-7fdce0615000 ---p 00019000 08:03 2941032                    /lib/x86_64-linux-gnu/libpthread-2.19.so
7fdce0615000-7fdce0616000 r--p 00018000 08:03 2941032                    /lib/x86_64-linux-gnu/libpthread-2.19.so
7fdce0616000-7fdce0617000 rw-p 00019000 08:03 2941032                    /lib/x86_64-linux-gnu/libpthread-2.19.so
7fdce0617000-7fdce061b000 rw-p 00000000 00:00 0 
7fdce061b000-7fdce061e000 r-xp 00000000 08:03 2941019                    /lib/x86_64-linux-gnu/libdl-2.19.so
7fdce061e000-7fdce081d000 ---p 00003000 08:03 2941019                    /lib/x86_64-linux-gnu/libdl-2.19.so
7fdce081d000-7fdce081e000 r--p 00002000 08:03 2941019                    /lib/x86_64-linux-gnu/libdl-2.19.so
7fdce081e000-7fdce081f000 rw-p 00003000 08:03 2941019                    /lib/x86_64-linux-gnu/libdl-2.19.so
7fdce081f000-7fdce09da000 r-xp 00000000 08:03 2940957                    /lib/x86_64-linux-gnu/libc-2.19.so
7fdce09da000-7fdce0bda000 ---p 001bb000 08:03 2940957                    /lib/x86_64-linux-gnu/libc-2.19.so
7fdce0bda000-7fdce0bde000 r--p 001bb000 08:03 2940957                    /lib/x86_64-linux-gnu/libc-2.19.so
7fdce0bde000-7fdce0be0000 rw-p 001bf000 08:03 2940957                    /lib/x86_64-linux-gnu/libc-2.19.so
7fdce0be0000-7fdce0be5000 rw-p 00000000 00:00 0 
7fdce0be5000-7fdce0bf2000 r-xp 00000000 08:03 1198837                    /usr/lib/jvm/java-7-openjdk-amd64/jre/lib/amd64/jli/libjli.so
7fdce0bf2000-7fdce0df1000 ---p 0000d000 08:03 1198837                    /usr/lib/jvm/java-7-openjdk-amd64/jre/lib/amd64/jli/libjli.so
7fdce0df1000-7fdce0df2000 r--p 0000c000 08:03 1198837                    /usr/lib/jvm/java-7-openjdk-amd64/jre/lib/amd64/jli/libjli.so
7fdce0df2000-7fdce0df3000 rw-p 0000d000 08:03 1198837                    /usr/lib/jvm/java-7-openjdk-amd64/jre/lib/amd64/jli/libjli.so
7fdce0df3000-7fdce0e16000 r-xp 00000000 08:03 2940947                    /lib/x86_64-linux-gnu/ld-2.19.so
7fdce0e16000-7fdce0e4a000 rw-p 00000000 00:00 0 
7fdce0e4a000-7fdce0eef000 rw-p 00000000 00:00 0 
7fdce0eef000-7fdce0ef2000 ---p 00000000 00:00 0 
7fdce0ef2000-7fdce0ff5000 rw-p 00000000 00:00 0                          [stack:5092]
7fdce0ff5000-7fdce0ff6000 r--s 00004000 08:03 1346080                    /home/cloud/Android Studio/gradle/gradle-2.2.1/lib/ant-launcher-1.9.3.jar
7fdce0ff6000-7fdce0ffa000 r--s 0003c000 08:03 1247782                    /usr/lib/jvm/java-7-openjdk-amd64/jre/lib/ext/sunpkcs11.jar
7fdce0ffa000-7fdce0ffc000 r--s 00006000 08:03 913992                     /usr/share/java/java-atk-wrapper.jar
7fdce0ffc000-7fdce0ffd000 r--s 00002000 08:03 1247785                    /usr/lib/jvm/java-7-openjdk-amd64/jre/lib/ext/dnsns.jar
7fdce0ffd000-7fdce0fff000 r--s 00012000 08:03 1247784                    /usr/lib/jvm/java-7-openjdk-amd64/jre/lib/ext/zipfs.jar
7fdce0fff000-7fdce1002000 r--s 00086000 08:03 1247786                    /usr/lib/jvm/java-7-openjdk-amd64/jre/lib/ext/localedata.jar
7fdce1002000-7fdce1005000 r--s 0000f000 08:03 1247781                    /usr/lib/jvm/java-7-openjdk-amd64/jre/lib/ext/icedtea-sound.jar
7fdce1005000-7fdce1009000 r--s 00034000 08:03 1247783                    /usr/lib/jvm/java-7-openjdk-amd64/jre/lib/ext/sunjce_provider.jar
7fdce1009000-7fdce1011000 rw-s 00000000 08:03 1779944                    /tmp/hsperfdata_cloud/5090
7fdce1011000-7fdce1012000 rw-p 00000000 00:00 0 
7fdce1012000-7fdce1013000 ---p 00000000 00:00 0 
7fdce1013000-7fdce1015000 rw-p 00000000 00:00 0 
7fdce1015000-7fdce1016000 r--p 00022000 08:03 2940947                    /lib/x86_64-linux-gnu/ld-2.19.so
7fdce1016000-7fdce1017000 rw-p 00023000 08:03 2940947                    /lib/x86_64-linux-gnu/ld-2.19.so
7fdce1017000-7fdce1018000 rw-p 00000000 00:00 0 
7fff1b42e000-7fff1b450000 rw-p 00000000 00:00 0                          [stack]
7fff1b515000-7fff1b517000 r-xp 00000000 00:00 0                          [vdso]
ffffffffff600000-ffffffffff601000 r-xp 00000000 00:00 0                  [vsyscall]

VM Arguments:
jvm_args: -XX:MaxPermSize=256m -XX:+HeapDumpOnOutOfMemoryError -Xmx1024m -Dfile.encoding=UTF-8 -Duser.country=US -Duser.language=en -Duser.variant 
java_command: org.gradle.launcher.daemon.bootstrap.GradleDaemon 2.2.1 /home/cloud/.gradle/daemon 10800000 8451eab2-8076-4853-9798-57d5ca90e4a9 -XX:MaxPermSize=256m -XX:+HeapDumpOnOutOfMemoryError -Xmx1024m -Dfile.encoding=UTF-8 -Duser.country=US -Duser.language=en -Duser.variant
Launcher Type: SUN_STANDARD

Environment Variables:
CLASSPATH=./../lib/bootstrap.jar:./../lib/extensions.jar:./../lib/util.jar:./../lib/jdom.jar:./../lib/log4j.jar:./../lib/trove4j.jar:./../lib/jna.jar:/usr/lib/jvm/java-7-openjdk-amd64/lib/tools.jar
PATH=/usr/local/sbin:/usr/local/bin:/usr/sbin:/usr/bin:/sbin:/bin:/usr/games:/usr/local/games:/home/cloud/android-sdk-linux/tools:/home/cloud/android-sdk-linux/tools:/home/cloud/android-sdk-linux/platform-tools:/home/cloud/Android
LD_LIBRARY_PATH=.:
SHELL=/bin/bash
DISPLAY=:0

Signal Handlers:
SIGSEGV: [libjvm.so+0x94b4b0], sa_mask[0]=0x7ffbfeff, sa_flags=0x10000004
SIGBUS: [libjvm.so+0x94b4b0], sa_mask[0]=0x7ffbfeff, sa_flags=0x10000004
SIGFPE: [libjvm.so+0x7c3390], sa_mask[0]=0x7ffbfeff, sa_flags=0x10000004
SIGPIPE: [libjvm.so+0x7c3390], sa_mask[0]=0x7ffbfeff, sa_flags=0x10000004
SIGXFSZ: [libjvm.so+0x7c3390], sa_mask[0]=0x7ffbfeff, sa_flags=0x10000004
SIGILL: [libjvm.so+0x7c3390], sa_mask[0]=0x7ffbfeff, sa_flags=0x10000004
SIGUSR1: SIG_DFL, sa_mask[0]=0x00000000, sa_flags=0x00000000
SIGUSR2: [libjvm.so+0x7c3230], sa_mask[0]=0x00000004, sa_flags=0x10000004
SIGHUP: [libjvm.so+0x7c3410], sa_mask[0]=0x7ffbfeff, sa_flags=0x10000004
SIGINT: [libjvm.so+0x7c3410], sa_mask[0]=0x7ffbfeff, sa_flags=0x10000004
SIGTERM: [libjvm.so+0x7c3410], sa_mask[0]=0x7ffbfeff, sa_flags=0x10000004
SIGQUIT: [libjvm.so+0x7c3410], sa_mask[0]=0x7ffbfeff, sa_flags=0x10000004
SIGTRAP: SIG_DFL, sa_mask[0]=0x00000000, sa_flags=0x00000000


---------------  S Y S T E M  ---------------

OS:Ubuntu 14.04 (trusty)
uname:Linux 3.13.0-45-generic #74-Ubuntu SMP Tue Jan 13 19:36:28 UTC 2015 x86_64
libc:glibc 2.19 NPTL 2.19 
rlimit: STACK 8192k, CORE 0k, NPROC 23307, NOFILE 4096, AS infinity
load average:0.79 2.12 2.00

/proc/meminfo:
MemTotal:        3005044 kB
MemFree:           73104 kB
Buffers:             608 kB
Cached:            45508 kB
SwapCached:            0 kB
Active:          2724220 kB
Inactive:          34884 kB
Active(anon):    2714500 kB
Inactive(anon):    20724 kB
Active(file):       9720 kB
Inactive(file):    14160 kB
Unevictable:          32 kB
Mlocked:              32 kB
SwapTotal:             0 kB
SwapFree:              0 kB
Dirty:               288 kB
Writeback:             0 kB
AnonPages:       2713260 kB
Mapped:            38844 kB
Shmem:             22000 kB
Slab:              75560 kB
SReclaimable:      23724 kB
SUnreclaim:        51836 kB
KernelStack:        3896 kB
PageTables:        32352 kB
NFS_Unstable:          0 kB
Bounce:                0 kB
WritebackTmp:          0 kB
CommitLimit:     1502520 kB
Committed_AS:    6216880 kB
VmallocTotal:   34359738367 kB
VmallocUsed:      294688 kB
VmallocChunk:   34359428748 kB
HardwareCorrupted:     0 kB
AnonHugePages:    716800 kB
HugePages_Total:       0
HugePages_Free:        0
HugePages_Rsvd:        0
HugePages_Surp:        0
Hugepagesize:       2048 kB
DirectMap4k:       70572 kB
DirectMap2M:     2998272 kB


CPU:total 4 (2 cores per cpu, 2 threads per core) family 6 model 37 stepping 2, cmov, cx8, fxsr, mmx, sse, sse2, sse3, ssse3, sse4.1, sse4.2, popcnt, aes, ht, tsc, tscinvbit

/proc/cpuinfo:
processor	: 0
vendor_id	: GenuineIntel
cpu family	: 6
model		: 37
model name	: Intel(R) Core(TM) i5 CPU       M 540  @ 2.53GHz
stepping	: 2
microcode	: 0x9
cpu MHz		: 1199.000
cache size	: 3072 KB
physical id	: 0
siblings	: 4
core id		: 0
cpu cores	: 2
apicid		: 0
initial apicid	: 0
fpu		: yes
fpu_exception	: yes
cpuid level	: 11
wp		: yes
flags		: fpu vme de pse tsc msr pae mce cx8 apic sep mtrr pge mca cmov pat pse36 clflush dts acpi mmx fxsr sse sse2 ss ht tm pbe syscall nx rdtscp lm constant_tsc arch_perfmon pebs bts rep_good nopl xtopology nonstop_tsc aperfmperf pni pclmulqdq dtes64 monitor ds_cpl vmx smx est tm2 ssse3 cx16 xtpr pdcm sse4_1 sse4_2 popcnt aes lahf_lm ida arat dtherm tpr_shadow vnmi flexpriority ept vpid
bogomips	: 5053.75
clflush size	: 64
cache_alignment	: 64
address sizes	: 36 bits physical, 48 bits virtual
power management:

processor	: 1
vendor_id	: GenuineIntel
cpu family	: 6
model		: 37
model name	: Intel(R) Core(TM) i5 CPU       M 540  @ 2.53GHz
stepping	: 2
microcode	: 0x9
cpu MHz		: 1199.000
cache size	: 3072 KB
physical id	: 0
siblings	: 4
core id		: 2
cpu cores	: 2
apicid		: 4
initial apicid	: 4
fpu		: yes
fpu_exception	: yes
cpuid level	: 11
wp		: yes
flags		: fpu vme de pse tsc msr pae mce cx8 apic sep mtrr pge mca cmov pat pse36 clflush dts acpi mmx fxsr sse sse2 ss ht tm pbe syscall nx rdtscp lm constant_tsc arch_perfmon pebs bts rep_good nopl xtopology nonstop_tsc aperfmperf pni pclmulqdq dtes64 monitor ds_cpl vmx smx est tm2 ssse3 cx16 xtpr pdcm sse4_1 sse4_2 popcnt aes lahf_lm ida arat dtherm tpr_shadow vnmi flexpriority ept vpid
bogomips	: 5053.75
clflush size	: 64
cache_alignment	: 64
address sizes	: 36 bits physical, 48 bits virtual
power management:

processor	: 2
vendor_id	: GenuineIntel
cpu family	: 6
model		: 37
model name	: Intel(R) Core(TM) i5 CPU       M 540  @ 2.53GHz
stepping	: 2
microcode	: 0x9
cpu MHz		: 2534.000
cache size	: 3072 KB
physical id	: 0
siblings	: 4
core id		: 0
cpu cores	: 2
apicid		: 1
initial apicid	: 1
fpu		: yes
fpu_exception	: yes
cpuid level	: 11
wp		: yes
flags		: fpu vme de pse tsc msr pae mce cx8 apic sep mtrr pge mca cmov pat pse36 clflush dts acpi mmx fxsr sse sse2 ss ht tm pbe syscall nx rdtscp lm constant_tsc arch_perfmon pebs bts rep_good nopl xtopology nonstop_tsc aperfmperf pni pclmulqdq dtes64 monitor ds_cpl vmx smx est tm2 ssse3 cx16 xtpr pdcm sse4_1 sse4_2 popcnt aes lahf_lm ida arat dtherm tpr_shadow vnmi flexpriority ept vpid
bogomips	: 5053.75
clflush size	: 64
cache_alignment	: 64
address sizes	: 36 bits physical, 48 bits virtual
power management:

processor	: 3
vendor_id	: GenuineIntel
cpu family	: 6
model		: 37
model name	: Intel(R) Core(TM) i5 CPU       M 540  @ 2.53GHz
stepping	: 2
microcode	: 0x9
cpu MHz		: 1866.000
cache size	: 3072 KB
physical id	: 0
siblings	: 4
core id		: 2
cpu cores	: 2
apicid		: 5
initial apicid	: 5
fpu		: yes
fpu_exception	: yes
cpuid level	: 11
wp		: yes
flags		: fpu vme de pse tsc msr pae mce cx8 apic sep mtrr pge mca cmov pat pse36 clflush dts acpi mmx fxsr sse sse2 ss ht tm pbe syscall nx rdtscp lm constant_tsc arch_perfmon pebs bts rep_good nopl xtopology nonstop_tsc aperfmperf pni pclmulqdq dtes64 monitor ds_cpl vmx smx est tm2 ssse3 cx16 xtpr pdcm sse4_1 sse4_2 popcnt aes lahf_lm ida arat dtherm tpr_shadow vnmi flexpriority ept vpid
bogomips	: 5053.75
clflush size	: 64
cache_alignment	: 64
address sizes	: 36 bits physical, 48 bits virtual
power management:



Memory: 4k page, physical 3005044k(73104k free), swap 0k(0k free)

vm_info: OpenJDK 64-Bit Server VM (24.75-b04) for linux-amd64 JRE (1.7.0_75-b13), built on Jan 27 2015 00:38:59 by "buildd" with gcc 4.8.2

time: Tue Feb 17 02:45:46 2015
elapsed time: 2246 seconds

